
[2017-06-01 16:02:16.165] ERROR Whiskey.Core.Data.Entity.CodeFirstDbContext 52 USER-20160427FL\Administrator 
提交数据更新时发生异常：外键约束，无法保存数据的变更。，SQL异常数据：System.Data.SqlClient.SqlException (0x80131904): INSERT 语句与 FOREIGN KEY 约束"FK_dbo.W_OrderBlank_dbo.W_Storage_OutStorageId"冲突。该冲突发生于数据库"ZeroStore"，表"dbo.W_Storage", column 'Id'。
语句已终止。
   在 System.Data.SqlClient.SqlConnection.OnError(SqlException exception, Boolean breakConnection, Action`1 wrapCloseInAction)
   在 System.Data.SqlClient.SqlInternalConnection.OnError(SqlException exception, Boolean breakConnection, Action`1 wrapCloseInAction)
   在 System.Data.SqlClient.TdsParser.ThrowExceptionAndWarning(TdsParserStateObject stateObj, Boolean callerHasConnectionLock, Boolean asyncClose)
   在 System.Data.SqlClient.TdsParser.TryRun(RunBehavior runBehavior, SqlCommand cmdHandler, SqlDataReader dataStream, BulkCopySimpleResultSet bulkCopyHandler, TdsParserStateObject stateObj, Boolean& dataReady)
   在 System.Data.SqlClient.SqlDataReader.TryConsumeMetaData()
   在 System.Data.SqlClient.SqlDataReader.get_MetaData()
   在 System.Data.SqlClient.SqlCommand.FinishExecuteReader(SqlDataReader ds, RunBehavior runBehavior, String resetOptionsString)
   在 System.Data.SqlClient.SqlCommand.RunExecuteReaderTds(CommandBehavior cmdBehavior, RunBehavior runBehavior, Boolean returnStream, Boolean async, Int32 timeout, Task& task, Boolean asyncWrite, SqlDataReader ds, Boolean describeParameterEncryptionRequest)
   在 System.Data.SqlClient.SqlCommand.RunExecuteReader(CommandBehavior cmdBehavior, RunBehavior runBehavior, Boolean returnStream, String method, TaskCompletionSource`1 completion, Int32 timeout, Task& task, Boolean asyncWrite)
   在 System.Data.SqlClient.SqlCommand.RunExecuteReader(CommandBehavior cmdBehavior, RunBehavior runBehavior, Boolean returnStream, String method)
   在 System.Data.SqlClient.SqlCommand.ExecuteReader(CommandBehavior behavior, String method)
   在 System.Data.SqlClient.SqlCommand.ExecuteDbDataReader(CommandBehavior behavior)
   在 System.Data.Common.DbCommand.ExecuteReader(CommandBehavior behavior)
   在 System.Data.Entity.Infrastructure.Interception.DbCommandDispatcher.<Reader>b__c(DbCommand t, DbCommandInterceptionContext`1 c)
   在 System.Data.Entity.Infrastructure.Interception.InternalDispatcher`1.Dispatch[TTarget,TInterceptionContext,TResult](TTarget target, Func`3 operation, TInterceptionContext interceptionContext, Action`3 executing, Action`3 executed)
   在 System.Data.Entity.Infrastructure.Interception.DbCommandDispatcher.Reader(DbCommand command, DbCommandInterceptionContext interceptionContext)
   在 System.Data.Entity.Internal.InterceptableDbCommand.ExecuteDbDataReader(CommandBehavior behavior)
   在 System.Data.Common.DbCommand.ExecuteReader(CommandBehavior behavior)
   在 System.Data.Entity.Core.Mapping.Update.Internal.DynamicUpdateCommand.Execute(Dictionary`2 identifierValues, List`1 generatedValues)
   在 System.Data.Entity.Core.Mapping.Update.Internal.UpdateTranslator.Update()
ClientConnectionId:22951c84-2fb3-4365-ad3b-15054752972e
Error Number:547,State:0,Class:16，SQL语句：

[2017-06-01 16:02:29.045] INFO  Whiskey.Core.Data.Entity.CodeFirstDbContext 53 USER-20160427FL\Administrator 
{Whiskey.Core.Logging.OperatingLog}

[2017-06-01 16:02:42.634] INFO  Whiskey.Core.Data.Entity.CodeFirstDbContext 52 USER-20160427FL\Administrator 
{Whiskey.Core.Logging.OperatingLog}

[2017-06-01 16:02:53.292] INFO  Whiskey.Core.Data.Entity.CodeFirstDbContext 42 USER-20160427FL\Administrator 
{Whiskey.Core.Logging.OperatingLog}

[2017-06-01 16:02:53.355] INFO  Whiskey.Core.Data.Entity.CodeFirstDbContext 42 USER-20160427FL\Administrator 
{Whiskey.Core.Logging.OperatingLog}

[2017-06-01 16:02:53.594] INFO  Whiskey.Core.Data.Entity.CodeFirstDbContext 42 USER-20160427FL\Administrator 
{Whiskey.Core.Logging.OperatingLog}

[2017-06-01 16:02:56.355] INFO  Whiskey.Core.Data.Entity.CodeFirstDbContext 57 USER-20160427FL\Administrator 
{Whiskey.Core.Logging.OperatingLog}

[2017-06-01 16:02:56.413] INFO  Whiskey.Core.Data.Entity.CodeFirstDbContext 57 USER-20160427FL\Administrator 
{Whiskey.Core.Logging.OperatingLog}

[2017-06-01 16:02:56.455] INFO  Whiskey.Core.Data.Entity.CodeFirstDbContext 57 USER-20160427FL\Administrator 
{Whiskey.Core.Logging.OperatingLog}

[2017-06-01 16:02:56.479] INFO  Whiskey.Core.Data.Entity.CodeFirstDbContext 57 USER-20160427FL\Administrator 
{Whiskey.Core.Logging.OperatingLog}

[2017-06-01 16:13:00.867] INFO  Whiskey.Core.Data.Entity.CodeFirstDbContext 17 USER-20160427FL\Administrator 
{Whiskey.Core.Logging.OperatingLog, Whiskey.Core.Logging.OperatingLog, Whiskey.Core.Logging.OperatingLog}

[2017-06-01 16:13:00.906] INFO  Whiskey.Core.Data.Entity.CodeFirstDbContext 17 USER-20160427FL\Administrator 
{Whiskey.Core.Logging.OperatingLog}

[2017-06-01 16:13:00.964] INFO  Whiskey.Core.Data.Entity.CodeFirstDbContext 17 USER-20160427FL\Administrator 
{Whiskey.Core.Logging.OperatingLog}

[2017-06-01 16:16:23.327] INFO  Whiskey.Core.Data.Entity.CodeFirstDbContext 27 USER-20160427FL\Administrator 
{Whiskey.Core.Logging.OperatingLog}

[2017-06-01 16:16:51.667] INFO  Whiskey.Core.Data.Entity.CodeFirstDbContext 20 USER-20160427FL\Administrator 
{Whiskey.Core.Logging.OperatingLog}

[2017-06-01 16:35:42.371] INFO  Whiskey.Core.Data.Entity.CodeFirstDbContext 36 USER-20160427FL\Administrator 
{Whiskey.Core.Logging.OperatingLog}

[2017-06-01 16:50:27.450] INFO  Whiskey.Core.Data.Entity.CodeFirstDbContext 34 USER-20160427FL\Administrator 
{Whiskey.Core.Logging.OperatingLog}

[2017-06-01 16:50:35.097] INFO  Whiskey.Core.Data.Entity.CodeFirstDbContext 22 USER-20160427FL\Administrator 
{Whiskey.Core.Logging.OperatingLog}
