
[2017-08-28 09:20:13.596] INFO  Whiskey.Core.Data.Entity.CodeFirstDbContext 13 USER-20160427FL\Administrator 
{Whiskey.Core.Logging.OperatingLog, Whiskey.Core.Logging.OperatingLog, Whiskey.Core.Logging.OperatingLog}

[2017-08-28 09:20:13.673] INFO  Whiskey.Core.Data.Entity.CodeFirstDbContext 13 USER-20160427FL\Administrator 
{Whiskey.Core.Logging.OperatingLog}

[2017-08-28 09:21:08.585] INFO  Whiskey.Core.Data.Entity.CodeFirstDbContext 11 USER-20160427FL\Administrator 
{Whiskey.Core.Logging.OperatingLog}

[2017-08-28 09:47:31.353] INFO  Whiskey.Core.Data.Entity.CodeFirstDbContext 67 USER-20160427FL\Administrator 
{Whiskey.Core.Logging.OperatingLog}

[2017-08-28 09:47:31.367] INFO  Whiskey.Core.Data.Entity.CodeFirstDbContext 67 USER-20160427FL\Administrator 
{Whiskey.Core.Logging.OperatingLog}

[2017-08-28 09:47:33.061] INFO  Whiskey.Core.Data.Entity.CodeFirstDbContext 60 USER-20160427FL\Administrator 
{Whiskey.Core.Logging.OperatingLog}

[2017-08-28 09:47:35.013] INFO  Whiskey.Core.Data.Entity.CodeFirstDbContext 63 USER-20160427FL\Administrator 
{Whiskey.Core.Logging.OperatingLog}

[2017-08-28 09:47:36.804] INFO  Whiskey.Core.Data.Entity.CodeFirstDbContext 63 USER-20160427FL\Administrator 
{Whiskey.Core.Logging.OperatingLog}

[2017-08-28 09:47:38.871] INFO  Whiskey.Core.Data.Entity.CodeFirstDbContext 60 USER-20160427FL\Administrator 
{Whiskey.Core.Logging.OperatingLog}

[2017-08-28 09:47:40.410] INFO  Whiskey.Core.Data.Entity.CodeFirstDbContext 70 USER-20160427FL\Administrator 
{Whiskey.Core.Logging.OperatingLog}

[2017-08-28 09:47:42.144] INFO  Whiskey.Core.Data.Entity.CodeFirstDbContext 63 USER-20160427FL\Administrator 
{Whiskey.Core.Logging.OperatingLog}

[2017-08-28 09:47:43.841] INFO  Whiskey.Core.Data.Entity.CodeFirstDbContext 69 USER-20160427FL\Administrator 
{Whiskey.Core.Logging.OperatingLog}

[2017-08-28 09:47:45.779] INFO  Whiskey.Core.Data.Entity.CodeFirstDbContext 63 USER-20160427FL\Administrator 
{Whiskey.Core.Logging.OperatingLog}

[2017-08-28 09:47:47.641] INFO  Whiskey.Core.Data.Entity.CodeFirstDbContext 71 USER-20160427FL\Administrator 
{Whiskey.Core.Logging.OperatingLog}

[2017-08-28 09:47:49.557] INFO  Whiskey.Core.Data.Entity.CodeFirstDbContext 60 USER-20160427FL\Administrator 
{Whiskey.Core.Logging.OperatingLog}

[2017-08-28 09:47:51.375] INFO  Whiskey.Core.Data.Entity.CodeFirstDbContext 65 USER-20160427FL\Administrator 
{Whiskey.Core.Logging.OperatingLog}

[2017-08-28 09:47:53.118] INFO  Whiskey.Core.Data.Entity.CodeFirstDbContext 63 USER-20160427FL\Administrator 
{Whiskey.Core.Logging.OperatingLog}

[2017-08-28 09:47:55.291] INFO  Whiskey.Core.Data.Entity.CodeFirstDbContext 67 USER-20160427FL\Administrator 
{Whiskey.Core.Logging.OperatingLog}

[2017-08-28 09:47:57.232] INFO  Whiskey.Core.Data.Entity.CodeFirstDbContext 63 USER-20160427FL\Administrator 
{Whiskey.Core.Logging.OperatingLog}

[2017-08-28 09:47:59.070] INFO  Whiskey.Core.Data.Entity.CodeFirstDbContext 70 USER-20160427FL\Administrator 
{Whiskey.Core.Logging.OperatingLog}

[2017-08-28 09:48:00.881] INFO  Whiskey.Core.Data.Entity.CodeFirstDbContext 71 USER-20160427FL\Administrator 
{Whiskey.Core.Logging.OperatingLog}

[2017-08-28 09:48:02.608] INFO  Whiskey.Core.Data.Entity.CodeFirstDbContext 70 USER-20160427FL\Administrator 
{Whiskey.Core.Logging.OperatingLog}

[2017-08-28 09:48:04.668] INFO  Whiskey.Core.Data.Entity.CodeFirstDbContext 71 USER-20160427FL\Administrator 
{Whiskey.Core.Logging.OperatingLog}

[2017-08-28 09:48:06.656] INFO  Whiskey.Core.Data.Entity.CodeFirstDbContext 70 USER-20160427FL\Administrator 
{Whiskey.Core.Logging.OperatingLog}

[2017-08-28 09:48:08.550] INFO  Whiskey.Core.Data.Entity.CodeFirstDbContext 71 USER-20160427FL\Administrator 
{Whiskey.Core.Logging.OperatingLog}

[2017-08-28 09:48:10.182] INFO  Whiskey.Core.Data.Entity.CodeFirstDbContext 70 USER-20160427FL\Administrator 
{Whiskey.Core.Logging.OperatingLog}

[2017-08-28 09:48:11.950] INFO  Whiskey.Core.Data.Entity.CodeFirstDbContext 71 USER-20160427FL\Administrator 
{Whiskey.Core.Logging.OperatingLog}

[2017-08-28 09:48:13.603] INFO  Whiskey.Core.Data.Entity.CodeFirstDbContext 67 USER-20160427FL\Administrator 
{Whiskey.Core.Logging.OperatingLog}

[2017-08-28 09:48:15.399] INFO  Whiskey.Core.Data.Entity.CodeFirstDbContext 70 USER-20160427FL\Administrator 
{Whiskey.Core.Logging.OperatingLog}

[2017-08-28 09:48:17.230] INFO  Whiskey.Core.Data.Entity.CodeFirstDbContext 67 USER-20160427FL\Administrator 
{Whiskey.Core.Logging.OperatingLog}

[2017-08-28 09:48:18.903] INFO  Whiskey.Core.Data.Entity.CodeFirstDbContext 71 USER-20160427FL\Administrator 
{Whiskey.Core.Logging.OperatingLog}

[2017-08-28 09:48:20.730] INFO  Whiskey.Core.Data.Entity.CodeFirstDbContext 63 USER-20160427FL\Administrator 
{Whiskey.Core.Logging.OperatingLog}

[2017-08-28 09:48:22.589] INFO  Whiskey.Core.Data.Entity.CodeFirstDbContext 63 USER-20160427FL\Administrator 
{Whiskey.Core.Logging.OperatingLog}

[2017-08-28 09:48:24.483] INFO  Whiskey.Core.Data.Entity.CodeFirstDbContext 67 USER-20160427FL\Administrator 
{Whiskey.Core.Logging.OperatingLog}

[2017-08-28 09:48:26.148] INFO  Whiskey.Core.Data.Entity.CodeFirstDbContext 63 USER-20160427FL\Administrator 
{Whiskey.Core.Logging.OperatingLog}

[2017-08-28 09:48:27.984] INFO  Whiskey.Core.Data.Entity.CodeFirstDbContext 65 USER-20160427FL\Administrator 
{Whiskey.Core.Logging.OperatingLog}

[2017-08-28 09:48:29.612] INFO  Whiskey.Core.Data.Entity.CodeFirstDbContext 65 USER-20160427FL\Administrator 
{Whiskey.Core.Logging.OperatingLog}

[2017-08-28 09:48:31.435] INFO  Whiskey.Core.Data.Entity.CodeFirstDbContext 60 USER-20160427FL\Administrator 
{Whiskey.Core.Logging.OperatingLog}

[2017-08-28 09:48:33.336] INFO  Whiskey.Core.Data.Entity.CodeFirstDbContext 71 USER-20160427FL\Administrator 
{Whiskey.Core.Logging.OperatingLog}

[2017-08-28 09:48:35.189] INFO  Whiskey.Core.Data.Entity.CodeFirstDbContext 71 USER-20160427FL\Administrator 
{Whiskey.Core.Logging.OperatingLog}

[2017-08-28 09:48:37.052] INFO  Whiskey.Core.Data.Entity.CodeFirstDbContext 69 USER-20160427FL\Administrator 
{Whiskey.Core.Logging.OperatingLog}

[2017-08-28 09:48:38.820] INFO  Whiskey.Core.Data.Entity.CodeFirstDbContext 65 USER-20160427FL\Administrator 
{Whiskey.Core.Logging.OperatingLog}

[2017-08-28 09:48:40.621] INFO  Whiskey.Core.Data.Entity.CodeFirstDbContext 71 USER-20160427FL\Administrator 
{Whiskey.Core.Logging.OperatingLog}

[2017-08-28 09:48:42.372] INFO  Whiskey.Core.Data.Entity.CodeFirstDbContext 65 USER-20160427FL\Administrator 
{Whiskey.Core.Logging.OperatingLog}

[2017-08-28 09:48:44.211] INFO  Whiskey.Core.Data.Entity.CodeFirstDbContext 70 USER-20160427FL\Administrator 
{Whiskey.Core.Logging.OperatingLog}

[2017-08-28 09:48:45.825] INFO  Whiskey.Core.Data.Entity.CodeFirstDbContext 67 USER-20160427FL\Administrator 
{Whiskey.Core.Logging.OperatingLog}

[2017-08-28 09:48:47.676] INFO  Whiskey.Core.Data.Entity.CodeFirstDbContext 63 USER-20160427FL\Administrator 
{Whiskey.Core.Logging.OperatingLog}

[2017-08-28 09:48:49.501] INFO  Whiskey.Core.Data.Entity.CodeFirstDbContext 60 USER-20160427FL\Administrator 
{Whiskey.Core.Logging.OperatingLog}

[2017-08-28 09:48:51.513] INFO  Whiskey.Core.Data.Entity.CodeFirstDbContext 67 USER-20160427FL\Administrator 
{Whiskey.Core.Logging.OperatingLog}

[2017-08-28 09:48:53.511] INFO  Whiskey.Core.Data.Entity.CodeFirstDbContext 71 USER-20160427FL\Administrator 
{Whiskey.Core.Logging.OperatingLog}

[2017-08-28 09:48:55.778] INFO  Whiskey.Core.Data.Entity.CodeFirstDbContext 67 USER-20160427FL\Administrator 
{Whiskey.Core.Logging.OperatingLog}

[2017-08-28 09:48:57.660] INFO  Whiskey.Core.Data.Entity.CodeFirstDbContext 69 USER-20160427FL\Administrator 
{Whiskey.Core.Logging.OperatingLog}

[2017-08-28 09:48:59.805] INFO  Whiskey.Core.Data.Entity.CodeFirstDbContext 67 USER-20160427FL\Administrator 
{Whiskey.Core.Logging.OperatingLog}

[2017-08-28 09:49:01.934] INFO  Whiskey.Core.Data.Entity.CodeFirstDbContext 69 USER-20160427FL\Administrator 
{Whiskey.Core.Logging.OperatingLog}

[2017-08-28 09:49:03.861] INFO  Whiskey.Core.Data.Entity.CodeFirstDbContext 65 USER-20160427FL\Administrator 
{Whiskey.Core.Logging.OperatingLog}

[2017-08-28 09:49:05.926] INFO  Whiskey.Core.Data.Entity.CodeFirstDbContext 65 USER-20160427FL\Administrator 
{Whiskey.Core.Logging.OperatingLog}

[2017-08-28 09:49:07.512] INFO  Whiskey.Core.Data.Entity.CodeFirstDbContext 69 USER-20160427FL\Administrator 
{Whiskey.Core.Logging.OperatingLog}

[2017-08-28 09:49:09.395] INFO  Whiskey.Core.Data.Entity.CodeFirstDbContext 65 USER-20160427FL\Administrator 
{Whiskey.Core.Logging.OperatingLog}

[2017-08-28 09:49:11.063] INFO  Whiskey.Core.Data.Entity.CodeFirstDbContext 71 USER-20160427FL\Administrator 
{Whiskey.Core.Logging.OperatingLog}

[2017-08-28 09:49:12.960] INFO  Whiskey.Core.Data.Entity.CodeFirstDbContext 71 USER-20160427FL\Administrator 
{Whiskey.Core.Logging.OperatingLog}

[2017-08-28 09:49:14.839] INFO  Whiskey.Core.Data.Entity.CodeFirstDbContext 65 USER-20160427FL\Administrator 
{Whiskey.Core.Logging.OperatingLog}

[2017-08-28 09:49:17.008] INFO  Whiskey.Core.Data.Entity.CodeFirstDbContext 60 USER-20160427FL\Administrator 
{Whiskey.Core.Logging.OperatingLog}

[2017-08-28 09:49:19.033] INFO  Whiskey.Core.Data.Entity.CodeFirstDbContext 60 USER-20160427FL\Administrator 
{Whiskey.Core.Logging.OperatingLog}

[2017-08-28 09:49:21.217] INFO  Whiskey.Core.Data.Entity.CodeFirstDbContext 60 USER-20160427FL\Administrator 
{Whiskey.Core.Logging.OperatingLog}

[2017-08-28 09:49:23.495] INFO  Whiskey.Core.Data.Entity.CodeFirstDbContext 63 USER-20160427FL\Administrator 
{Whiskey.Core.Logging.OperatingLog}

[2017-08-28 09:49:26.346] INFO  Whiskey.Core.Data.Entity.CodeFirstDbContext 71 USER-20160427FL\Administrator 
{Whiskey.Core.Logging.OperatingLog}

[2017-08-28 09:49:28.461] INFO  Whiskey.Core.Data.Entity.CodeFirstDbContext 60 USER-20160427FL\Administrator 
{Whiskey.Core.Logging.OperatingLog}

[2017-08-28 09:49:30.792] INFO  Whiskey.Core.Data.Entity.CodeFirstDbContext 69 USER-20160427FL\Administrator 
{Whiskey.Core.Logging.OperatingLog}

[2017-08-28 09:49:32.682] INFO  Whiskey.Core.Data.Entity.CodeFirstDbContext 65 USER-20160427FL\Administrator 
{Whiskey.Core.Logging.OperatingLog}

[2017-08-28 09:49:34.688] INFO  Whiskey.Core.Data.Entity.CodeFirstDbContext 65 USER-20160427FL\Administrator 
{Whiskey.Core.Logging.OperatingLog}

[2017-08-28 09:49:36.526] INFO  Whiskey.Core.Data.Entity.CodeFirstDbContext 65 USER-20160427FL\Administrator 
{Whiskey.Core.Logging.OperatingLog}

[2017-08-28 09:49:38.399] INFO  Whiskey.Core.Data.Entity.CodeFirstDbContext 65 USER-20160427FL\Administrator 
{Whiskey.Core.Logging.OperatingLog}

[2017-08-28 09:49:39.946] INFO  Whiskey.Core.Data.Entity.CodeFirstDbContext 67 USER-20160427FL\Administrator 
{Whiskey.Core.Logging.OperatingLog}

[2017-08-28 09:49:41.720] INFO  Whiskey.Core.Data.Entity.CodeFirstDbContext 67 USER-20160427FL\Administrator 
{Whiskey.Core.Logging.OperatingLog}

[2017-08-28 09:49:43.359] INFO  Whiskey.Core.Data.Entity.CodeFirstDbContext 67 USER-20160427FL\Administrator 
{Whiskey.Core.Logging.OperatingLog}

[2017-08-28 09:49:45.203] INFO  Whiskey.Core.Data.Entity.CodeFirstDbContext 69 USER-20160427FL\Administrator 
{Whiskey.Core.Logging.OperatingLog}

[2017-08-28 09:49:46.881] INFO  Whiskey.Core.Data.Entity.CodeFirstDbContext 63 USER-20160427FL\Administrator 
{Whiskey.Core.Logging.OperatingLog}

[2017-08-28 09:49:48.692] INFO  Whiskey.Core.Data.Entity.CodeFirstDbContext 60 USER-20160427FL\Administrator 
{Whiskey.Core.Logging.OperatingLog}

[2017-08-28 09:49:50.317] INFO  Whiskey.Core.Data.Entity.CodeFirstDbContext 60 USER-20160427FL\Administrator 
{Whiskey.Core.Logging.OperatingLog}

[2017-08-28 09:49:52.121] INFO  Whiskey.Core.Data.Entity.CodeFirstDbContext 60 USER-20160427FL\Administrator 
{Whiskey.Core.Logging.OperatingLog}

[2017-08-28 09:49:53.824] INFO  Whiskey.Core.Data.Entity.CodeFirstDbContext 67 USER-20160427FL\Administrator 
{Whiskey.Core.Logging.OperatingLog}

[2017-08-28 09:49:55.664] INFO  Whiskey.Core.Data.Entity.CodeFirstDbContext 69 USER-20160427FL\Administrator 
{Whiskey.Core.Logging.OperatingLog}

[2017-08-28 09:49:57.272] INFO  Whiskey.Core.Data.Entity.CodeFirstDbContext 69 USER-20160427FL\Administrator 
{Whiskey.Core.Logging.OperatingLog}

[2017-08-28 09:49:59.163] INFO  Whiskey.Core.Data.Entity.CodeFirstDbContext 69 USER-20160427FL\Administrator 
{Whiskey.Core.Logging.OperatingLog}

[2017-08-28 09:50:00.753] INFO  Whiskey.Core.Data.Entity.CodeFirstDbContext 65 USER-20160427FL\Administrator 
{Whiskey.Core.Logging.OperatingLog}

[2017-08-28 09:50:02.695] INFO  Whiskey.Core.Data.Entity.CodeFirstDbContext 65 USER-20160427FL\Administrator 
{Whiskey.Core.Logging.OperatingLog}

[2017-08-28 09:50:04.621] INFO  Whiskey.Core.Data.Entity.CodeFirstDbContext 71 USER-20160427FL\Administrator 
{Whiskey.Core.Logging.OperatingLog}

[2017-08-28 09:50:06.811] INFO  Whiskey.Core.Data.Entity.CodeFirstDbContext 69 USER-20160427FL\Administrator 
{Whiskey.Core.Logging.OperatingLog}

[2017-08-28 09:50:08.474] INFO  Whiskey.Core.Data.Entity.CodeFirstDbContext 60 USER-20160427FL\Administrator 
{Whiskey.Core.Logging.OperatingLog}

[2017-08-28 09:50:10.247] INFO  Whiskey.Core.Data.Entity.CodeFirstDbContext 69 USER-20160427FL\Administrator 
{Whiskey.Core.Logging.OperatingLog}

[2017-08-28 09:50:11.930] INFO  Whiskey.Core.Data.Entity.CodeFirstDbContext 70 USER-20160427FL\Administrator 
{Whiskey.Core.Logging.OperatingLog}

[2017-08-28 09:50:13.765] INFO  Whiskey.Core.Data.Entity.CodeFirstDbContext 70 USER-20160427FL\Administrator 
{Whiskey.Core.Logging.OperatingLog}

[2017-08-28 09:50:15.388] INFO  Whiskey.Core.Data.Entity.CodeFirstDbContext 63 USER-20160427FL\Administrator 
{Whiskey.Core.Logging.OperatingLog}

[2017-08-28 09:50:17.149] INFO  Whiskey.Core.Data.Entity.CodeFirstDbContext 70 USER-20160427FL\Administrator 
{Whiskey.Core.Logging.OperatingLog}

[2017-08-28 09:50:18.865] INFO  Whiskey.Core.Data.Entity.CodeFirstDbContext 65 USER-20160427FL\Administrator 
{Whiskey.Core.Logging.OperatingLog}

[2017-08-28 09:50:20.662] INFO  Whiskey.Core.Data.Entity.CodeFirstDbContext 60 USER-20160427FL\Administrator 
{Whiskey.Core.Logging.OperatingLog}

[2017-08-28 09:50:22.251] INFO  Whiskey.Core.Data.Entity.CodeFirstDbContext 65 USER-20160427FL\Administrator 
{Whiskey.Core.Logging.OperatingLog}

[2017-08-28 09:50:24.135] INFO  Whiskey.Core.Data.Entity.CodeFirstDbContext 67 USER-20160427FL\Administrator 
{Whiskey.Core.Logging.OperatingLog}

[2017-08-28 09:50:25.736] INFO  Whiskey.Core.Data.Entity.CodeFirstDbContext 60 USER-20160427FL\Administrator 
{Whiskey.Core.Logging.OperatingLog}

[2017-08-28 09:50:27.517] INFO  Whiskey.Core.Data.Entity.CodeFirstDbContext 65 USER-20160427FL\Administrator 
{Whiskey.Core.Logging.OperatingLog}

[2017-08-28 09:50:29.291] INFO  Whiskey.Core.Data.Entity.CodeFirstDbContext 70 USER-20160427FL\Administrator 
{Whiskey.Core.Logging.OperatingLog}

[2017-08-28 09:50:31.130] INFO  Whiskey.Core.Data.Entity.CodeFirstDbContext 65 USER-20160427FL\Administrator 
{Whiskey.Core.Logging.OperatingLog}

[2017-08-28 09:50:33.253] INFO  Whiskey.Core.Data.Entity.CodeFirstDbContext 69 USER-20160427FL\Administrator 
{Whiskey.Core.Logging.OperatingLog}

[2017-08-28 09:50:35.535] INFO  Whiskey.Core.Data.Entity.CodeFirstDbContext 69 USER-20160427FL\Administrator 
{Whiskey.Core.Logging.OperatingLog}

[2017-08-28 09:50:37.420] INFO  Whiskey.Core.Data.Entity.CodeFirstDbContext 60 USER-20160427FL\Administrator 
{Whiskey.Core.Logging.OperatingLog}

[2017-08-28 09:50:39.564] INFO  Whiskey.Core.Data.Entity.CodeFirstDbContext 67 USER-20160427FL\Administrator 
{Whiskey.Core.Logging.OperatingLog}

[2017-08-28 09:50:41.608] INFO  Whiskey.Core.Data.Entity.CodeFirstDbContext 71 USER-20160427FL\Administrator 
{Whiskey.Core.Logging.OperatingLog}

[2017-08-28 09:50:43.457] INFO  Whiskey.Core.Data.Entity.CodeFirstDbContext 67 USER-20160427FL\Administrator 
{Whiskey.Core.Logging.OperatingLog}

[2017-08-28 09:50:45.397] INFO  Whiskey.Core.Data.Entity.CodeFirstDbContext 63 USER-20160427FL\Administrator 
{Whiskey.Core.Logging.OperatingLog}

[2017-08-28 09:50:47.197] INFO  Whiskey.Core.Data.Entity.CodeFirstDbContext 71 USER-20160427FL\Administrator 
{Whiskey.Core.Logging.OperatingLog}

[2017-08-28 09:50:49.095] INFO  Whiskey.Core.Data.Entity.CodeFirstDbContext 67 USER-20160427FL\Administrator 
{Whiskey.Core.Logging.OperatingLog}

[2017-08-28 09:50:51.142] INFO  Whiskey.Core.Data.Entity.CodeFirstDbContext 65 USER-20160427FL\Administrator 
{Whiskey.Core.Logging.OperatingLog}

[2017-08-28 09:50:52.866] INFO  Whiskey.Core.Data.Entity.CodeFirstDbContext 65 USER-20160427FL\Administrator 
{Whiskey.Core.Logging.OperatingLog}

[2017-08-28 09:50:54.899] INFO  Whiskey.Core.Data.Entity.CodeFirstDbContext 70 USER-20160427FL\Administrator 
{Whiskey.Core.Logging.OperatingLog}

[2017-08-28 09:50:56.539] INFO  Whiskey.Core.Data.Entity.CodeFirstDbContext 63 USER-20160427FL\Administrator 
{Whiskey.Core.Logging.OperatingLog}

[2017-08-28 09:50:58.381] INFO  Whiskey.Core.Data.Entity.CodeFirstDbContext 67 USER-20160427FL\Administrator 
{Whiskey.Core.Logging.OperatingLog}

[2017-08-28 09:51:00.074] INFO  Whiskey.Core.Data.Entity.CodeFirstDbContext 69 USER-20160427FL\Administrator 
{Whiskey.Core.Logging.OperatingLog}

[2017-08-28 09:51:01.882] INFO  Whiskey.Core.Data.Entity.CodeFirstDbContext 71 USER-20160427FL\Administrator 
{Whiskey.Core.Logging.OperatingLog}

[2017-08-28 09:51:03.554] INFO  Whiskey.Core.Data.Entity.CodeFirstDbContext 60 USER-20160427FL\Administrator 
{Whiskey.Core.Logging.OperatingLog}

[2017-08-28 09:51:05.378] INFO  Whiskey.Core.Data.Entity.CodeFirstDbContext 66 USER-20160427FL\Administrator 
{Whiskey.Core.Logging.OperatingLog}

[2017-08-28 09:51:07.095] INFO  Whiskey.Core.Data.Entity.CodeFirstDbContext 66 USER-20160427FL\Administrator 
{Whiskey.Core.Logging.OperatingLog}

[2017-08-28 09:51:09.114] INFO  Whiskey.Core.Data.Entity.CodeFirstDbContext 66 USER-20160427FL\Administrator 
{Whiskey.Core.Logging.OperatingLog}

[2017-08-28 09:51:10.901] INFO  Whiskey.Core.Data.Entity.CodeFirstDbContext 60 USER-20160427FL\Administrator 
{Whiskey.Core.Logging.OperatingLog}

[2017-08-28 09:51:12.709] INFO  Whiskey.Core.Data.Entity.CodeFirstDbContext 67 USER-20160427FL\Administrator 
{Whiskey.Core.Logging.OperatingLog}

[2017-08-28 09:51:14.463] INFO  Whiskey.Core.Data.Entity.CodeFirstDbContext 71 USER-20160427FL\Administrator 
{Whiskey.Core.Logging.OperatingLog}

[2017-08-28 09:51:16.596] INFO  Whiskey.Core.Data.Entity.CodeFirstDbContext 66 USER-20160427FL\Administrator 
{Whiskey.Core.Logging.OperatingLog}

[2017-08-28 09:51:18.317] INFO  Whiskey.Core.Data.Entity.CodeFirstDbContext 65 USER-20160427FL\Administrator 
{Whiskey.Core.Logging.OperatingLog}

[2017-08-28 09:51:20.066] INFO  Whiskey.Core.Data.Entity.CodeFirstDbContext 71 USER-20160427FL\Administrator 
{Whiskey.Core.Logging.OperatingLog}

[2017-08-28 09:51:21.858] INFO  Whiskey.Core.Data.Entity.CodeFirstDbContext 69 USER-20160427FL\Administrator 
{Whiskey.Core.Logging.OperatingLog}

[2017-08-28 09:51:23.670] INFO  Whiskey.Core.Data.Entity.CodeFirstDbContext 66 USER-20160427FL\Administrator 
{Whiskey.Core.Logging.OperatingLog}

[2017-08-28 09:51:25.396] INFO  Whiskey.Core.Data.Entity.CodeFirstDbContext 66 USER-20160427FL\Administrator 
{Whiskey.Core.Logging.OperatingLog}

[2017-08-28 09:51:27.237] INFO  Whiskey.Core.Data.Entity.CodeFirstDbContext 65 USER-20160427FL\Administrator 
{Whiskey.Core.Logging.OperatingLog}

[2017-08-28 09:51:28.957] INFO  Whiskey.Core.Data.Entity.CodeFirstDbContext 71 USER-20160427FL\Administrator 
{Whiskey.Core.Logging.OperatingLog}

[2017-08-28 09:51:30.763] INFO  Whiskey.Core.Data.Entity.CodeFirstDbContext 65 USER-20160427FL\Administrator 
{Whiskey.Core.Logging.OperatingLog}

[2017-08-28 09:51:32.465] INFO  Whiskey.Core.Data.Entity.CodeFirstDbContext 65 USER-20160427FL\Administrator 
{Whiskey.Core.Logging.OperatingLog}

[2017-08-28 09:51:34.312] INFO  Whiskey.Core.Data.Entity.CodeFirstDbContext 65 USER-20160427FL\Administrator 
{Whiskey.Core.Logging.OperatingLog}

[2017-08-28 09:51:35.957] INFO  Whiskey.Core.Data.Entity.CodeFirstDbContext 65 USER-20160427FL\Administrator 
{Whiskey.Core.Logging.OperatingLog}

[2017-08-28 09:51:37.834] INFO  Whiskey.Core.Data.Entity.CodeFirstDbContext 66 USER-20160427FL\Administrator 
{Whiskey.Core.Logging.OperatingLog}

[2017-08-28 09:51:39.605] INFO  Whiskey.Core.Data.Entity.CodeFirstDbContext 71 USER-20160427FL\Administrator 
{Whiskey.Core.Logging.OperatingLog}

[2017-08-28 09:51:41.406] INFO  Whiskey.Core.Data.Entity.CodeFirstDbContext 63 USER-20160427FL\Administrator 
{Whiskey.Core.Logging.OperatingLog}

[2017-08-28 09:51:43.103] INFO  Whiskey.Core.Data.Entity.CodeFirstDbContext 70 USER-20160427FL\Administrator 
{Whiskey.Core.Logging.OperatingLog}

[2017-08-28 09:51:44.907] INFO  Whiskey.Core.Data.Entity.CodeFirstDbContext 67 USER-20160427FL\Administrator 
{Whiskey.Core.Logging.OperatingLog}

[2017-08-28 09:51:46.557] INFO  Whiskey.Core.Data.Entity.CodeFirstDbContext 67 USER-20160427FL\Administrator 
{Whiskey.Core.Logging.OperatingLog}

[2017-08-28 09:51:48.433] INFO  Whiskey.Core.Data.Entity.CodeFirstDbContext 71 USER-20160427FL\Administrator 
{Whiskey.Core.Logging.OperatingLog}

[2017-08-28 09:51:50.158] INFO  Whiskey.Core.Data.Entity.CodeFirstDbContext 67 USER-20160427FL\Administrator 
{Whiskey.Core.Logging.OperatingLog}

[2017-08-28 09:51:51.952] INFO  Whiskey.Core.Data.Entity.CodeFirstDbContext 63 USER-20160427FL\Administrator 
{Whiskey.Core.Logging.OperatingLog}

[2017-08-28 09:51:53.735] INFO  Whiskey.Core.Data.Entity.CodeFirstDbContext 60 USER-20160427FL\Administrator 
{Whiskey.Core.Logging.OperatingLog}

[2017-08-28 09:51:55.512] INFO  Whiskey.Core.Data.Entity.CodeFirstDbContext 63 USER-20160427FL\Administrator 
{Whiskey.Core.Logging.OperatingLog}

[2017-08-28 09:51:57.347] INFO  Whiskey.Core.Data.Entity.CodeFirstDbContext 65 USER-20160427FL\Administrator 
{Whiskey.Core.Logging.OperatingLog}

[2017-08-28 09:51:59.505] INFO  Whiskey.Core.Data.Entity.CodeFirstDbContext 65 USER-20160427FL\Administrator 
{Whiskey.Core.Logging.OperatingLog}

[2017-08-28 09:52:01.535] INFO  Whiskey.Core.Data.Entity.CodeFirstDbContext 65 USER-20160427FL\Administrator 
{Whiskey.Core.Logging.OperatingLog}

[2017-08-28 09:52:03.534] INFO  Whiskey.Core.Data.Entity.CodeFirstDbContext 71 USER-20160427FL\Administrator 
{Whiskey.Core.Logging.OperatingLog}

[2017-08-28 09:52:05.434] INFO  Whiskey.Core.Data.Entity.CodeFirstDbContext 60 USER-20160427FL\Administrator 
{Whiskey.Core.Logging.OperatingLog}

[2017-08-28 09:52:07.228] INFO  Whiskey.Core.Data.Entity.CodeFirstDbContext 63 USER-20160427FL\Administrator 
{Whiskey.Core.Logging.OperatingLog}

[2017-08-28 09:52:09.019] INFO  Whiskey.Core.Data.Entity.CodeFirstDbContext 66 USER-20160427FL\Administrator 
{Whiskey.Core.Logging.OperatingLog}

[2017-08-28 09:52:10.814] INFO  Whiskey.Core.Data.Entity.CodeFirstDbContext 70 USER-20160427FL\Administrator 
{Whiskey.Core.Logging.OperatingLog}

[2017-08-28 09:52:12.507] INFO  Whiskey.Core.Data.Entity.CodeFirstDbContext 70 USER-20160427FL\Administrator 
{Whiskey.Core.Logging.OperatingLog}

[2017-08-28 09:52:14.342] INFO  Whiskey.Core.Data.Entity.CodeFirstDbContext 70 USER-20160427FL\Administrator 
{Whiskey.Core.Logging.OperatingLog}

[2017-08-28 09:52:16.099] INFO  Whiskey.Core.Data.Entity.CodeFirstDbContext 70 USER-20160427FL\Administrator 
{Whiskey.Core.Logging.OperatingLog}

[2017-08-28 09:52:17.790] INFO  Whiskey.Core.Data.Entity.CodeFirstDbContext 63 USER-20160427FL\Administrator 
{Whiskey.Core.Logging.OperatingLog}

[2017-08-28 09:52:19.626] INFO  Whiskey.Core.Data.Entity.CodeFirstDbContext 63 USER-20160427FL\Administrator 
{Whiskey.Core.Logging.OperatingLog}

[2017-08-28 09:52:21.479] INFO  Whiskey.Core.Data.Entity.CodeFirstDbContext 65 USER-20160427FL\Administrator 
{Whiskey.Core.Logging.OperatingLog}

[2017-08-28 09:52:23.182] INFO  Whiskey.Core.Data.Entity.CodeFirstDbContext 60 USER-20160427FL\Administrator 
{Whiskey.Core.Logging.OperatingLog}

[2017-08-28 09:52:24.998] INFO  Whiskey.Core.Data.Entity.CodeFirstDbContext 63 USER-20160427FL\Administrator 
{Whiskey.Core.Logging.OperatingLog}

[2017-08-28 09:52:26.771] INFO  Whiskey.Core.Data.Entity.CodeFirstDbContext 66 USER-20160427FL\Administrator 
{Whiskey.Core.Logging.OperatingLog}

[2017-08-28 09:52:28.690] INFO  Whiskey.Core.Data.Entity.CodeFirstDbContext 71 USER-20160427FL\Administrator 
{Whiskey.Core.Logging.OperatingLog}

[2017-08-28 09:52:30.446] INFO  Whiskey.Core.Data.Entity.CodeFirstDbContext 66 USER-20160427FL\Administrator 
{Whiskey.Core.Logging.OperatingLog}

[2017-08-28 09:52:32.338] INFO  Whiskey.Core.Data.Entity.CodeFirstDbContext 69 USER-20160427FL\Administrator 
{Whiskey.Core.Logging.OperatingLog}

[2017-08-28 09:52:32.350] INFO  Whiskey.Core.Data.Entity.CodeFirstDbContext 69 USER-20160427FL\Administrator 
{Whiskey.Core.Logging.OperatingLog}

[2017-08-28 09:52:34.071] INFO  Whiskey.Core.Data.Entity.CodeFirstDbContext 66 USER-20160427FL\Administrator 
{Whiskey.Core.Logging.OperatingLog}

[2017-08-28 09:52:34.083] INFO  Whiskey.Core.Data.Entity.CodeFirstDbContext 66 USER-20160427FL\Administrator 
{Whiskey.Core.Logging.OperatingLog}

[2017-08-28 09:52:35.690] INFO  Whiskey.Core.Data.Entity.CodeFirstDbContext 69 USER-20160427FL\Administrator 
{Whiskey.Core.Logging.OperatingLog}

[2017-08-28 09:52:35.700] INFO  Whiskey.Core.Data.Entity.CodeFirstDbContext 69 USER-20160427FL\Administrator 
{Whiskey.Core.Logging.OperatingLog}

[2017-08-28 09:52:37.307] INFO  Whiskey.Core.Data.Entity.CodeFirstDbContext 63 USER-20160427FL\Administrator 
{Whiskey.Core.Logging.OperatingLog}

[2017-08-28 09:52:37.318] INFO  Whiskey.Core.Data.Entity.CodeFirstDbContext 63 USER-20160427FL\Administrator 
{Whiskey.Core.Logging.OperatingLog}

[2017-08-28 09:52:38.965] INFO  Whiskey.Core.Data.Entity.CodeFirstDbContext 63 USER-20160427FL\Administrator 
{Whiskey.Core.Logging.OperatingLog}

[2017-08-28 09:52:38.976] INFO  Whiskey.Core.Data.Entity.CodeFirstDbContext 63 USER-20160427FL\Administrator 
{Whiskey.Core.Logging.OperatingLog}

[2017-08-28 09:52:40.598] INFO  Whiskey.Core.Data.Entity.CodeFirstDbContext 71 USER-20160427FL\Administrator 
{Whiskey.Core.Logging.OperatingLog}

[2017-08-28 09:52:40.609] INFO  Whiskey.Core.Data.Entity.CodeFirstDbContext 71 USER-20160427FL\Administrator 
{Whiskey.Core.Logging.OperatingLog}

[2017-08-28 09:52:42.198] INFO  Whiskey.Core.Data.Entity.CodeFirstDbContext 69 USER-20160427FL\Administrator 
{Whiskey.Core.Logging.OperatingLog}

[2017-08-28 09:52:42.209] INFO  Whiskey.Core.Data.Entity.CodeFirstDbContext 69 USER-20160427FL\Administrator 
{Whiskey.Core.Logging.OperatingLog}

[2017-08-28 09:52:43.855] INFO  Whiskey.Core.Data.Entity.CodeFirstDbContext 69 USER-20160427FL\Administrator 
{Whiskey.Core.Logging.OperatingLog}

[2017-08-28 09:52:45.676] INFO  Whiskey.Core.Data.Entity.CodeFirstDbContext 63 USER-20160427FL\Administrator 
{Whiskey.Core.Logging.OperatingLog}

[2017-08-28 09:52:45.687] INFO  Whiskey.Core.Data.Entity.CodeFirstDbContext 63 USER-20160427FL\Administrator 
{Whiskey.Core.Logging.OperatingLog}

[2017-08-28 09:52:47.444] INFO  Whiskey.Core.Data.Entity.CodeFirstDbContext 66 USER-20160427FL\Administrator 
{Whiskey.Core.Logging.OperatingLog}

[2017-08-28 09:52:47.454] INFO  Whiskey.Core.Data.Entity.CodeFirstDbContext 66 USER-20160427FL\Administrator 
{Whiskey.Core.Logging.OperatingLog}

[2017-08-28 09:52:49.050] INFO  Whiskey.Core.Data.Entity.CodeFirstDbContext 71 USER-20160427FL\Administrator 
{Whiskey.Core.Logging.OperatingLog}

[2017-08-28 09:52:49.061] INFO  Whiskey.Core.Data.Entity.CodeFirstDbContext 71 USER-20160427FL\Administrator 
{Whiskey.Core.Logging.OperatingLog}

[2017-08-28 09:52:50.617] INFO  Whiskey.Core.Data.Entity.CodeFirstDbContext 65 USER-20160427FL\Administrator 
{Whiskey.Core.Logging.OperatingLog}

[2017-08-28 09:52:50.628] INFO  Whiskey.Core.Data.Entity.CodeFirstDbContext 65 USER-20160427FL\Administrator 
{Whiskey.Core.Logging.OperatingLog}

[2017-08-28 09:52:52.175] INFO  Whiskey.Core.Data.Entity.CodeFirstDbContext 63 USER-20160427FL\Administrator 
{Whiskey.Core.Logging.OperatingLog}

[2017-08-28 09:52:52.196] INFO  Whiskey.Core.Data.Entity.CodeFirstDbContext 63 USER-20160427FL\Administrator 
{Whiskey.Core.Logging.OperatingLog}

[2017-08-28 09:52:54.081] INFO  Whiskey.Core.Data.Entity.CodeFirstDbContext 65 USER-20160427FL\Administrator 
{Whiskey.Core.Logging.OperatingLog}

[2017-08-28 09:52:54.092] INFO  Whiskey.Core.Data.Entity.CodeFirstDbContext 65 USER-20160427FL\Administrator 
{Whiskey.Core.Logging.OperatingLog}

[2017-08-28 09:52:55.920] INFO  Whiskey.Core.Data.Entity.CodeFirstDbContext 65 USER-20160427FL\Administrator 
{Whiskey.Core.Logging.OperatingLog}

[2017-08-28 09:52:55.932] INFO  Whiskey.Core.Data.Entity.CodeFirstDbContext 65 USER-20160427FL\Administrator 
{Whiskey.Core.Logging.OperatingLog}

[2017-08-28 09:52:57.675] INFO  Whiskey.Core.Data.Entity.CodeFirstDbContext 69 USER-20160427FL\Administrator 
{Whiskey.Core.Logging.OperatingLog}

[2017-08-28 09:52:57.689] INFO  Whiskey.Core.Data.Entity.CodeFirstDbContext 69 USER-20160427FL\Administrator 
{Whiskey.Core.Logging.OperatingLog}

[2017-08-28 09:52:59.322] INFO  Whiskey.Core.Data.Entity.CodeFirstDbContext 63 USER-20160427FL\Administrator 
{Whiskey.Core.Logging.OperatingLog}

[2017-08-28 09:52:59.334] INFO  Whiskey.Core.Data.Entity.CodeFirstDbContext 63 USER-20160427FL\Administrator 
{Whiskey.Core.Logging.OperatingLog}

[2017-08-28 09:53:01.000] INFO  Whiskey.Core.Data.Entity.CodeFirstDbContext 63 USER-20160427FL\Administrator 
{Whiskey.Core.Logging.OperatingLog}

[2017-08-28 09:53:01.010] INFO  Whiskey.Core.Data.Entity.CodeFirstDbContext 63 USER-20160427FL\Administrator 
{Whiskey.Core.Logging.OperatingLog}

[2017-08-28 09:53:02.692] INFO  Whiskey.Core.Data.Entity.CodeFirstDbContext 60 USER-20160427FL\Administrator 
{Whiskey.Core.Logging.OperatingLog}

[2017-08-28 09:53:02.704] INFO  Whiskey.Core.Data.Entity.CodeFirstDbContext 60 USER-20160427FL\Administrator 
{Whiskey.Core.Logging.OperatingLog}

[2017-08-28 09:53:04.342] INFO  Whiskey.Core.Data.Entity.CodeFirstDbContext 60 USER-20160427FL\Administrator 
{Whiskey.Core.Logging.OperatingLog}

[2017-08-28 09:53:06.150] INFO  Whiskey.Core.Data.Entity.CodeFirstDbContext 60 USER-20160427FL\Administrator 
{Whiskey.Core.Logging.OperatingLog}

[2017-08-28 09:53:06.162] INFO  Whiskey.Core.Data.Entity.CodeFirstDbContext 60 USER-20160427FL\Administrator 
{Whiskey.Core.Logging.OperatingLog}

[2017-08-28 09:53:07.929] INFO  Whiskey.Core.Data.Entity.CodeFirstDbContext 70 USER-20160427FL\Administrator 
{Whiskey.Core.Logging.OperatingLog}

[2017-08-28 09:53:07.939] INFO  Whiskey.Core.Data.Entity.CodeFirstDbContext 70 USER-20160427FL\Administrator 
{Whiskey.Core.Logging.OperatingLog}

[2017-08-28 09:53:09.575] INFO  Whiskey.Core.Data.Entity.CodeFirstDbContext 60 USER-20160427FL\Administrator 
{Whiskey.Core.Logging.OperatingLog}

[2017-08-28 09:53:09.591] INFO  Whiskey.Core.Data.Entity.CodeFirstDbContext 60 USER-20160427FL\Administrator 
{Whiskey.Core.Logging.OperatingLog}

[2017-08-28 09:53:11.193] INFO  Whiskey.Core.Data.Entity.CodeFirstDbContext 65 USER-20160427FL\Administrator 
{Whiskey.Core.Logging.OperatingLog}

[2017-08-28 09:53:11.205] INFO  Whiskey.Core.Data.Entity.CodeFirstDbContext 65 USER-20160427FL\Administrator 
{Whiskey.Core.Logging.OperatingLog}

[2017-08-28 09:53:12.882] INFO  Whiskey.Core.Data.Entity.CodeFirstDbContext 70 USER-20160427FL\Administrator 
{Whiskey.Core.Logging.OperatingLog}

[2017-08-28 09:53:12.893] INFO  Whiskey.Core.Data.Entity.CodeFirstDbContext 70 USER-20160427FL\Administrator 
{Whiskey.Core.Logging.OperatingLog}

[2017-08-28 09:53:14.569] INFO  Whiskey.Core.Data.Entity.CodeFirstDbContext 70 USER-20160427FL\Administrator 
{Whiskey.Core.Logging.OperatingLog}

[2017-08-28 09:53:14.580] INFO  Whiskey.Core.Data.Entity.CodeFirstDbContext 70 USER-20160427FL\Administrator 
{Whiskey.Core.Logging.OperatingLog}

[2017-08-28 09:53:16.165] INFO  Whiskey.Core.Data.Entity.CodeFirstDbContext 70 USER-20160427FL\Administrator 
{Whiskey.Core.Logging.OperatingLog}

[2017-08-28 09:53:16.176] INFO  Whiskey.Core.Data.Entity.CodeFirstDbContext 70 USER-20160427FL\Administrator 
{Whiskey.Core.Logging.OperatingLog}

[2017-08-28 09:53:17.822] INFO  Whiskey.Core.Data.Entity.CodeFirstDbContext 65 USER-20160427FL\Administrator 
{Whiskey.Core.Logging.OperatingLog}

[2017-08-28 09:53:17.894] INFO  Whiskey.Core.Data.Entity.CodeFirstDbContext 65 USER-20160427FL\Administrator 
{Whiskey.Core.Logging.OperatingLog}

[2017-08-28 09:53:19.487] INFO  Whiskey.Core.Data.Entity.CodeFirstDbContext 65 USER-20160427FL\Administrator 
{Whiskey.Core.Logging.OperatingLog}

[2017-08-28 09:53:19.498] INFO  Whiskey.Core.Data.Entity.CodeFirstDbContext 65 USER-20160427FL\Administrator 
{Whiskey.Core.Logging.OperatingLog}

[2017-08-28 09:53:21.090] INFO  Whiskey.Core.Data.Entity.CodeFirstDbContext 60 USER-20160427FL\Administrator 
{Whiskey.Core.Logging.OperatingLog}

[2017-08-28 09:53:21.101] INFO  Whiskey.Core.Data.Entity.CodeFirstDbContext 60 USER-20160427FL\Administrator 
{Whiskey.Core.Logging.OperatingLog}

[2017-08-28 09:53:22.673] INFO  Whiskey.Core.Data.Entity.CodeFirstDbContext 69 USER-20160427FL\Administrator 
{Whiskey.Core.Logging.OperatingLog}

[2017-08-28 09:53:22.687] INFO  Whiskey.Core.Data.Entity.CodeFirstDbContext 69 USER-20160427FL\Administrator 
{Whiskey.Core.Logging.OperatingLog}

[2017-08-28 09:53:24.390] INFO  Whiskey.Core.Data.Entity.CodeFirstDbContext 65 USER-20160427FL\Administrator 
{Whiskey.Core.Logging.OperatingLog}

[2017-08-28 09:53:26.175] INFO  Whiskey.Core.Data.Entity.CodeFirstDbContext 65 USER-20160427FL\Administrator 
{Whiskey.Core.Logging.OperatingLog, Whiskey.Core.Logging.OperatingLog}

[2017-08-28 09:53:26.187] INFO  Whiskey.Core.Data.Entity.CodeFirstDbContext 65 USER-20160427FL\Administrator 
{Whiskey.Core.Logging.OperatingLog}

[2017-08-28 09:53:27.974] INFO  Whiskey.Core.Data.Entity.CodeFirstDbContext 63 USER-20160427FL\Administrator 
{Whiskey.Core.Logging.OperatingLog}

[2017-08-28 09:53:29.741] INFO  Whiskey.Core.Data.Entity.CodeFirstDbContext 65 USER-20160427FL\Administrator 
{Whiskey.Core.Logging.OperatingLog, Whiskey.Core.Logging.OperatingLog}

[2017-08-28 09:53:29.752] INFO  Whiskey.Core.Data.Entity.CodeFirstDbContext 65 USER-20160427FL\Administrator 
{Whiskey.Core.Logging.OperatingLog}

[2017-08-28 09:53:31.611] INFO  Whiskey.Core.Data.Entity.CodeFirstDbContext 65 USER-20160427FL\Administrator 
{Whiskey.Core.Logging.OperatingLog}

[2017-08-28 09:53:31.622] INFO  Whiskey.Core.Data.Entity.CodeFirstDbContext 65 USER-20160427FL\Administrator 
{Whiskey.Core.Logging.OperatingLog}

[2017-08-28 09:53:33.551] INFO  Whiskey.Core.Data.Entity.CodeFirstDbContext 66 USER-20160427FL\Administrator 
{Whiskey.Core.Logging.OperatingLog}

[2017-08-28 09:53:33.562] INFO  Whiskey.Core.Data.Entity.CodeFirstDbContext 66 USER-20160427FL\Administrator 
{Whiskey.Core.Logging.OperatingLog}

[2017-08-28 09:53:35.380] INFO  Whiskey.Core.Data.Entity.CodeFirstDbContext 66 USER-20160427FL\Administrator 
{Whiskey.Core.Logging.OperatingLog}

[2017-08-28 09:53:35.391] INFO  Whiskey.Core.Data.Entity.CodeFirstDbContext 66 USER-20160427FL\Administrator 
{Whiskey.Core.Logging.OperatingLog}

[2017-08-28 09:53:37.003] INFO  Whiskey.Core.Data.Entity.CodeFirstDbContext 70 USER-20160427FL\Administrator 
{Whiskey.Core.Logging.OperatingLog}

[2017-08-28 09:53:38.850] INFO  Whiskey.Core.Data.Entity.CodeFirstDbContext 70 USER-20160427FL\Administrator 
{Whiskey.Core.Logging.OperatingLog, Whiskey.Core.Logging.OperatingLog}

[2017-08-28 09:53:38.861] INFO  Whiskey.Core.Data.Entity.CodeFirstDbContext 70 USER-20160427FL\Administrator 
{Whiskey.Core.Logging.OperatingLog}

[2017-08-28 09:53:40.638] INFO  Whiskey.Core.Data.Entity.CodeFirstDbContext 65 USER-20160427FL\Administrator 
{Whiskey.Core.Logging.OperatingLog}

[2017-08-28 09:53:40.650] INFO  Whiskey.Core.Data.Entity.CodeFirstDbContext 65 USER-20160427FL\Administrator 
{Whiskey.Core.Logging.OperatingLog}

[2017-08-28 09:53:42.243] INFO  Whiskey.Core.Data.Entity.CodeFirstDbContext 65 USER-20160427FL\Administrator 
{Whiskey.Core.Logging.OperatingLog}

[2017-08-28 09:53:44.070] INFO  Whiskey.Core.Data.Entity.CodeFirstDbContext 70 USER-20160427FL\Administrator 
{Whiskey.Core.Logging.OperatingLog}

[2017-08-28 09:53:44.080] INFO  Whiskey.Core.Data.Entity.CodeFirstDbContext 70 USER-20160427FL\Administrator 
{Whiskey.Core.Logging.OperatingLog}

[2017-08-28 09:53:45.920] INFO  Whiskey.Core.Data.Entity.CodeFirstDbContext 63 USER-20160427FL\Administrator 
{Whiskey.Core.Logging.OperatingLog, Whiskey.Core.Logging.OperatingLog}

[2017-08-28 09:53:45.936] INFO  Whiskey.Core.Data.Entity.CodeFirstDbContext 63 USER-20160427FL\Administrator 
{Whiskey.Core.Logging.OperatingLog}

[2017-08-28 09:53:47.444] INFO  Whiskey.Core.Data.Entity.CodeFirstDbContext 69 USER-20160427FL\Administrator 
{Whiskey.Core.Logging.OperatingLog}

[2017-08-28 09:53:49.202] INFO  Whiskey.Core.Data.Entity.CodeFirstDbContext 69 USER-20160427FL\Administrator 
{Whiskey.Core.Logging.OperatingLog}

[2017-08-28 09:53:49.213] INFO  Whiskey.Core.Data.Entity.CodeFirstDbContext 69 USER-20160427FL\Administrator 
{Whiskey.Core.Logging.OperatingLog}

[2017-08-28 09:53:50.981] INFO  Whiskey.Core.Data.Entity.CodeFirstDbContext 69 USER-20160427FL\Administrator 
{Whiskey.Core.Logging.OperatingLog}

[2017-08-28 09:53:50.992] INFO  Whiskey.Core.Data.Entity.CodeFirstDbContext 69 USER-20160427FL\Administrator 
{Whiskey.Core.Logging.OperatingLog}

[2017-08-28 09:53:52.521] INFO  Whiskey.Core.Data.Entity.CodeFirstDbContext 63 USER-20160427FL\Administrator 
{Whiskey.Core.Logging.OperatingLog}

[2017-08-28 09:53:52.533] INFO  Whiskey.Core.Data.Entity.CodeFirstDbContext 63 USER-20160427FL\Administrator 
{Whiskey.Core.Logging.OperatingLog}

[2017-08-28 09:53:54.120] INFO  Whiskey.Core.Data.Entity.CodeFirstDbContext 69 USER-20160427FL\Administrator 
{Whiskey.Core.Logging.OperatingLog}

[2017-08-28 09:53:54.132] INFO  Whiskey.Core.Data.Entity.CodeFirstDbContext 69 USER-20160427FL\Administrator 
{Whiskey.Core.Logging.OperatingLog}

[2017-08-28 09:53:55.757] INFO  Whiskey.Core.Data.Entity.CodeFirstDbContext 69 USER-20160427FL\Administrator 
{Whiskey.Core.Logging.OperatingLog}

[2017-08-28 09:53:57.389] INFO  Whiskey.Core.Data.Entity.CodeFirstDbContext 63 USER-20160427FL\Administrator 
{Whiskey.Core.Logging.OperatingLog}

[2017-08-28 09:53:57.399] INFO  Whiskey.Core.Data.Entity.CodeFirstDbContext 63 USER-20160427FL\Administrator 
{Whiskey.Core.Logging.OperatingLog}

[2017-08-28 09:53:59.287] INFO  Whiskey.Core.Data.Entity.CodeFirstDbContext 69 USER-20160427FL\Administrator 
{Whiskey.Core.Logging.OperatingLog}

[2017-08-28 09:53:59.299] INFO  Whiskey.Core.Data.Entity.CodeFirstDbContext 69 USER-20160427FL\Administrator 
{Whiskey.Core.Logging.OperatingLog}

[2017-08-28 09:54:01.102] INFO  Whiskey.Core.Data.Entity.CodeFirstDbContext 70 USER-20160427FL\Administrator 
{Whiskey.Core.Logging.OperatingLog}

[2017-08-28 09:54:01.114] INFO  Whiskey.Core.Data.Entity.CodeFirstDbContext 70 USER-20160427FL\Administrator 
{Whiskey.Core.Logging.OperatingLog}

[2017-08-28 09:54:02.711] INFO  Whiskey.Core.Data.Entity.CodeFirstDbContext 70 USER-20160427FL\Administrator 
{Whiskey.Core.Logging.OperatingLog}

[2017-08-28 09:54:02.722] INFO  Whiskey.Core.Data.Entity.CodeFirstDbContext 70 USER-20160427FL\Administrator 
{Whiskey.Core.Logging.OperatingLog}

[2017-08-28 09:54:04.534] INFO  Whiskey.Core.Data.Entity.CodeFirstDbContext 69 USER-20160427FL\Administrator 
{Whiskey.Core.Logging.OperatingLog}

[2017-08-28 09:54:04.638] INFO  Whiskey.Core.Data.Entity.CodeFirstDbContext 69 USER-20160427FL\Administrator 
{Whiskey.Core.Logging.OperatingLog}

[2017-08-28 09:54:06.453] INFO  Whiskey.Core.Data.Entity.CodeFirstDbContext 63 USER-20160427FL\Administrator 
{Whiskey.Core.Logging.OperatingLog}

[2017-08-28 09:54:06.466] INFO  Whiskey.Core.Data.Entity.CodeFirstDbContext 63 USER-20160427FL\Administrator 
{Whiskey.Core.Logging.OperatingLog}

[2017-08-28 09:54:08.202] INFO  Whiskey.Core.Data.Entity.CodeFirstDbContext 70 USER-20160427FL\Administrator 
{Whiskey.Core.Logging.OperatingLog}

[2017-08-28 09:54:08.213] INFO  Whiskey.Core.Data.Entity.CodeFirstDbContext 70 USER-20160427FL\Administrator 
{Whiskey.Core.Logging.OperatingLog}

[2017-08-28 09:54:09.831] INFO  Whiskey.Core.Data.Entity.CodeFirstDbContext 63 USER-20160427FL\Administrator 
{Whiskey.Core.Logging.OperatingLog}

[2017-08-28 09:54:09.842] INFO  Whiskey.Core.Data.Entity.CodeFirstDbContext 63 USER-20160427FL\Administrator 
{Whiskey.Core.Logging.OperatingLog}

[2017-08-28 09:54:11.533] INFO  Whiskey.Core.Data.Entity.CodeFirstDbContext 63 USER-20160427FL\Administrator 
{Whiskey.Core.Logging.OperatingLog}

[2017-08-28 09:54:11.551] INFO  Whiskey.Core.Data.Entity.CodeFirstDbContext 63 USER-20160427FL\Administrator 
{Whiskey.Core.Logging.OperatingLog}

[2017-08-28 09:54:13.030] INFO  Whiskey.Core.Data.Entity.CodeFirstDbContext 70 USER-20160427FL\Administrator 
{Whiskey.Core.Logging.OperatingLog}

[2017-08-28 09:54:13.044] INFO  Whiskey.Core.Data.Entity.CodeFirstDbContext 70 USER-20160427FL\Administrator 
{Whiskey.Core.Logging.OperatingLog}

[2017-08-28 09:54:14.697] INFO  Whiskey.Core.Data.Entity.CodeFirstDbContext 66 USER-20160427FL\Administrator 
{Whiskey.Core.Logging.OperatingLog}

[2017-08-28 09:54:16.530] INFO  Whiskey.Core.Data.Entity.CodeFirstDbContext 66 USER-20160427FL\Administrator 
{Whiskey.Core.Logging.OperatingLog}

[2017-08-28 09:54:16.542] INFO  Whiskey.Core.Data.Entity.CodeFirstDbContext 66 USER-20160427FL\Administrator 
{Whiskey.Core.Logging.OperatingLog}

[2017-08-28 09:54:18.337] INFO  Whiskey.Core.Data.Entity.CodeFirstDbContext 63 USER-20160427FL\Administrator 
{Whiskey.Core.Logging.OperatingLog}

[2017-08-28 09:54:18.347] INFO  Whiskey.Core.Data.Entity.CodeFirstDbContext 63 USER-20160427FL\Administrator 
{Whiskey.Core.Logging.OperatingLog}

[2017-08-28 09:54:20.034] INFO  Whiskey.Core.Data.Entity.CodeFirstDbContext 71 USER-20160427FL\Administrator 
{Whiskey.Core.Logging.OperatingLog}

[2017-08-28 09:54:20.047] INFO  Whiskey.Core.Data.Entity.CodeFirstDbContext 71 USER-20160427FL\Administrator 
{Whiskey.Core.Logging.OperatingLog}

[2017-08-28 09:54:21.691] INFO  Whiskey.Core.Data.Entity.CodeFirstDbContext 65 USER-20160427FL\Administrator 
{Whiskey.Core.Logging.OperatingLog}

[2017-08-28 09:54:21.701] INFO  Whiskey.Core.Data.Entity.CodeFirstDbContext 65 USER-20160427FL\Administrator 
{Whiskey.Core.Logging.OperatingLog}

[2017-08-28 09:54:23.287] INFO  Whiskey.Core.Data.Entity.CodeFirstDbContext 71 USER-20160427FL\Administrator 
{Whiskey.Core.Logging.OperatingLog}

[2017-08-28 09:54:25.044] INFO  Whiskey.Core.Data.Entity.CodeFirstDbContext 65 USER-20160427FL\Administrator 
{Whiskey.Core.Logging.OperatingLog}

[2017-08-28 09:54:25.057] INFO  Whiskey.Core.Data.Entity.CodeFirstDbContext 65 USER-20160427FL\Administrator 
{Whiskey.Core.Logging.OperatingLog}

[2017-08-28 09:54:26.846] INFO  Whiskey.Core.Data.Entity.CodeFirstDbContext 71 USER-20160427FL\Administrator 
{Whiskey.Core.Logging.OperatingLog}

[2017-08-28 09:54:26.856] INFO  Whiskey.Core.Data.Entity.CodeFirstDbContext 71 USER-20160427FL\Administrator 
{Whiskey.Core.Logging.OperatingLog}

[2017-08-28 09:54:28.415] INFO  Whiskey.Core.Data.Entity.CodeFirstDbContext 63 USER-20160427FL\Administrator 
{Whiskey.Core.Logging.OperatingLog}

[2017-08-28 09:54:30.186] INFO  Whiskey.Core.Data.Entity.CodeFirstDbContext 71 USER-20160427FL\Administrator 
{Whiskey.Core.Logging.OperatingLog}

[2017-08-28 09:54:30.196] INFO  Whiskey.Core.Data.Entity.CodeFirstDbContext 71 USER-20160427FL\Administrator 
{Whiskey.Core.Logging.OperatingLog}

[2017-08-28 09:54:32.047] INFO  Whiskey.Core.Data.Entity.CodeFirstDbContext 71 USER-20160427FL\Administrator 
{Whiskey.Core.Logging.OperatingLog}

[2017-08-28 09:54:32.060] INFO  Whiskey.Core.Data.Entity.CodeFirstDbContext 71 USER-20160427FL\Administrator 
{Whiskey.Core.Logging.OperatingLog}

[2017-08-28 09:54:33.726] INFO  Whiskey.Core.Data.Entity.CodeFirstDbContext 71 USER-20160427FL\Administrator 
{Whiskey.Core.Logging.OperatingLog}

[2017-08-28 09:54:33.737] INFO  Whiskey.Core.Data.Entity.CodeFirstDbContext 71 USER-20160427FL\Administrator 
{Whiskey.Core.Logging.OperatingLog}

[2017-08-28 09:54:35.370] INFO  Whiskey.Core.Data.Entity.CodeFirstDbContext 71 USER-20160427FL\Administrator 
{Whiskey.Core.Logging.OperatingLog}

[2017-08-28 09:54:35.382] INFO  Whiskey.Core.Data.Entity.CodeFirstDbContext 71 USER-20160427FL\Administrator 
{Whiskey.Core.Logging.OperatingLog}

[2017-08-28 09:54:37.018] INFO  Whiskey.Core.Data.Entity.CodeFirstDbContext 70 USER-20160427FL\Administrator 
{Whiskey.Core.Logging.OperatingLog}

[2017-08-28 09:54:37.031] INFO  Whiskey.Core.Data.Entity.CodeFirstDbContext 70 USER-20160427FL\Administrator 
{Whiskey.Core.Logging.OperatingLog}

[2017-08-28 09:54:38.803] INFO  Whiskey.Core.Data.Entity.CodeFirstDbContext 60 USER-20160427FL\Administrator 
{Whiskey.Core.Logging.OperatingLog}

[2017-08-28 09:54:38.815] INFO  Whiskey.Core.Data.Entity.CodeFirstDbContext 60 USER-20160427FL\Administrator 
{Whiskey.Core.Logging.OperatingLog}

[2017-08-28 09:54:40.679] INFO  Whiskey.Core.Data.Entity.CodeFirstDbContext 63 USER-20160427FL\Administrator 
{Whiskey.Core.Logging.OperatingLog}

[2017-08-28 09:54:40.692] INFO  Whiskey.Core.Data.Entity.CodeFirstDbContext 63 USER-20160427FL\Administrator 
{Whiskey.Core.Logging.OperatingLog}

[2017-08-28 09:54:42.509] INFO  Whiskey.Core.Data.Entity.CodeFirstDbContext 65 USER-20160427FL\Administrator 
{Whiskey.Core.Logging.OperatingLog}

[2017-08-28 09:54:42.522] INFO  Whiskey.Core.Data.Entity.CodeFirstDbContext 65 USER-20160427FL\Administrator 
{Whiskey.Core.Logging.OperatingLog}

[2017-08-28 09:54:44.112] INFO  Whiskey.Core.Data.Entity.CodeFirstDbContext 66 USER-20160427FL\Administrator 
{Whiskey.Core.Logging.OperatingLog}

[2017-08-28 09:54:44.124] INFO  Whiskey.Core.Data.Entity.CodeFirstDbContext 66 USER-20160427FL\Administrator 
{Whiskey.Core.Logging.OperatingLog}

[2017-08-28 09:54:45.776] INFO  Whiskey.Core.Data.Entity.CodeFirstDbContext 65 USER-20160427FL\Administrator 
{Whiskey.Core.Logging.OperatingLog}

[2017-08-28 09:54:45.788] INFO  Whiskey.Core.Data.Entity.CodeFirstDbContext 65 USER-20160427FL\Administrator 
{Whiskey.Core.Logging.OperatingLog}

[2017-08-28 09:54:47.403] INFO  Whiskey.Core.Data.Entity.CodeFirstDbContext 67 USER-20160427FL\Administrator 
{Whiskey.Core.Logging.OperatingLog}

[2017-08-28 09:54:47.415] INFO  Whiskey.Core.Data.Entity.CodeFirstDbContext 67 USER-20160427FL\Administrator 
{Whiskey.Core.Logging.OperatingLog}

[2017-08-28 09:54:49.064] INFO  Whiskey.Core.Data.Entity.CodeFirstDbContext 67 USER-20160427FL\Administrator 
{Whiskey.Core.Logging.OperatingLog}

[2017-08-28 09:54:49.075] INFO  Whiskey.Core.Data.Entity.CodeFirstDbContext 67 USER-20160427FL\Administrator 
{Whiskey.Core.Logging.OperatingLog}

[2017-08-28 09:54:50.717] INFO  Whiskey.Core.Data.Entity.CodeFirstDbContext 66 USER-20160427FL\Administrator 
{Whiskey.Core.Logging.OperatingLog}

[2017-08-28 09:54:50.728] INFO  Whiskey.Core.Data.Entity.CodeFirstDbContext 66 USER-20160427FL\Administrator 
{Whiskey.Core.Logging.OperatingLog}

[2017-08-28 09:54:52.421] INFO  Whiskey.Core.Data.Entity.CodeFirstDbContext 60 USER-20160427FL\Administrator 
{Whiskey.Core.Logging.OperatingLog}

[2017-08-28 09:54:52.433] INFO  Whiskey.Core.Data.Entity.CodeFirstDbContext 60 USER-20160427FL\Administrator 
{Whiskey.Core.Logging.OperatingLog}

[2017-08-28 09:54:54.054] INFO  Whiskey.Core.Data.Entity.CodeFirstDbContext 60 USER-20160427FL\Administrator 
{Whiskey.Core.Logging.OperatingLog}

[2017-08-28 09:54:54.064] INFO  Whiskey.Core.Data.Entity.CodeFirstDbContext 60 USER-20160427FL\Administrator 
{Whiskey.Core.Logging.OperatingLog}

[2017-08-28 09:54:55.673] INFO  Whiskey.Core.Data.Entity.CodeFirstDbContext 60 USER-20160427FL\Administrator 
{Whiskey.Core.Logging.OperatingLog}

[2017-08-28 09:54:57.283] INFO  Whiskey.Core.Data.Entity.CodeFirstDbContext 70 USER-20160427FL\Administrator 
{Whiskey.Core.Logging.OperatingLog, Whiskey.Core.Logging.OperatingLog}

[2017-08-28 09:54:57.294] INFO  Whiskey.Core.Data.Entity.CodeFirstDbContext 70 USER-20160427FL\Administrator 
{Whiskey.Core.Logging.OperatingLog}

[2017-08-28 09:54:58.934] INFO  Whiskey.Core.Data.Entity.CodeFirstDbContext 69 USER-20160427FL\Administrator 
{Whiskey.Core.Logging.OperatingLog}

[2017-08-28 09:55:00.794] INFO  Whiskey.Core.Data.Entity.CodeFirstDbContext 69 USER-20160427FL\Administrator 
{Whiskey.Core.Logging.OperatingLog, Whiskey.Core.Logging.OperatingLog}

[2017-08-28 09:55:00.806] INFO  Whiskey.Core.Data.Entity.CodeFirstDbContext 69 USER-20160427FL\Administrator 
{Whiskey.Core.Logging.OperatingLog}

[2017-08-28 09:55:02.675] INFO  Whiskey.Core.Data.Entity.CodeFirstDbContext 66 USER-20160427FL\Administrator 
{Whiskey.Core.Logging.OperatingLog}

[2017-08-28 09:55:04.356] INFO  Whiskey.Core.Data.Entity.CodeFirstDbContext 65 USER-20160427FL\Administrator 
{Whiskey.Core.Logging.OperatingLog}

[2017-08-28 09:55:04.369] INFO  Whiskey.Core.Data.Entity.CodeFirstDbContext 65 USER-20160427FL\Administrator 
{Whiskey.Core.Logging.OperatingLog}

[2017-08-28 09:55:05.935] INFO  Whiskey.Core.Data.Entity.CodeFirstDbContext 65 USER-20160427FL\Administrator 
{Whiskey.Core.Logging.OperatingLog}

[2017-08-28 09:55:05.947] INFO  Whiskey.Core.Data.Entity.CodeFirstDbContext 65 USER-20160427FL\Administrator 
{Whiskey.Core.Logging.OperatingLog}

[2017-08-28 09:55:07.530] INFO  Whiskey.Core.Data.Entity.CodeFirstDbContext 71 USER-20160427FL\Administrator 
{Whiskey.Core.Logging.OperatingLog}

[2017-08-28 09:55:07.552] INFO  Whiskey.Core.Data.Entity.CodeFirstDbContext 71 USER-20160427FL\Administrator 
{Whiskey.Core.Logging.OperatingLog}

[2017-08-28 09:55:09.121] INFO  Whiskey.Core.Data.Entity.CodeFirstDbContext 60 USER-20160427FL\Administrator 
{Whiskey.Core.Logging.OperatingLog}

[2017-08-28 09:55:09.132] INFO  Whiskey.Core.Data.Entity.CodeFirstDbContext 60 USER-20160427FL\Administrator 
{Whiskey.Core.Logging.OperatingLog}

[2017-08-28 09:55:10.866] INFO  Whiskey.Core.Data.Entity.CodeFirstDbContext 66 USER-20160427FL\Administrator 
{Whiskey.Core.Logging.OperatingLog}

[2017-08-28 09:55:10.876] INFO  Whiskey.Core.Data.Entity.CodeFirstDbContext 66 USER-20160427FL\Administrator 
{Whiskey.Core.Logging.OperatingLog}

[2017-08-28 09:55:12.612] INFO  Whiskey.Core.Data.Entity.CodeFirstDbContext 69 USER-20160427FL\Administrator 
{Whiskey.Core.Logging.OperatingLog}

[2017-08-28 09:55:12.624] INFO  Whiskey.Core.Data.Entity.CodeFirstDbContext 69 USER-20160427FL\Administrator 
{Whiskey.Core.Logging.OperatingLog}

[2017-08-28 09:55:14.465] INFO  Whiskey.Core.Data.Entity.CodeFirstDbContext 70 USER-20160427FL\Administrator 
{Whiskey.Core.Logging.OperatingLog}

[2017-08-28 09:55:14.481] INFO  Whiskey.Core.Data.Entity.CodeFirstDbContext 70 USER-20160427FL\Administrator 
{Whiskey.Core.Logging.OperatingLog}

[2017-08-28 09:55:16.033] INFO  Whiskey.Core.Data.Entity.CodeFirstDbContext 66 USER-20160427FL\Administrator 
{Whiskey.Core.Logging.OperatingLog}

[2017-08-28 09:55:16.046] INFO  Whiskey.Core.Data.Entity.CodeFirstDbContext 66 USER-20160427FL\Administrator 
{Whiskey.Core.Logging.OperatingLog}

[2017-08-28 09:55:17.696] INFO  Whiskey.Core.Data.Entity.CodeFirstDbContext 65 USER-20160427FL\Administrator 
{Whiskey.Core.Logging.OperatingLog}

[2017-08-28 09:55:17.708] INFO  Whiskey.Core.Data.Entity.CodeFirstDbContext 65 USER-20160427FL\Administrator 
{Whiskey.Core.Logging.OperatingLog}

[2017-08-28 09:55:19.324] INFO  Whiskey.Core.Data.Entity.CodeFirstDbContext 67 USER-20160427FL\Administrator 
{Whiskey.Core.Logging.OperatingLog}

[2017-08-28 09:55:19.335] INFO  Whiskey.Core.Data.Entity.CodeFirstDbContext 67 USER-20160427FL\Administrator 
{Whiskey.Core.Logging.OperatingLog}

[2017-08-28 09:55:20.954] INFO  Whiskey.Core.Data.Entity.CodeFirstDbContext 70 USER-20160427FL\Administrator 
{Whiskey.Core.Logging.OperatingLog}

[2017-08-28 09:55:20.967] INFO  Whiskey.Core.Data.Entity.CodeFirstDbContext 70 USER-20160427FL\Administrator 
{Whiskey.Core.Logging.OperatingLog}

[2017-08-28 09:55:22.588] INFO  Whiskey.Core.Data.Entity.CodeFirstDbContext 69 USER-20160427FL\Administrator 
{Whiskey.Core.Logging.OperatingLog}

[2017-08-28 09:55:22.600] INFO  Whiskey.Core.Data.Entity.CodeFirstDbContext 69 USER-20160427FL\Administrator 
{Whiskey.Core.Logging.OperatingLog}

[2017-08-28 09:55:24.215] INFO  Whiskey.Core.Data.Entity.CodeFirstDbContext 67 USER-20160427FL\Administrator 
{Whiskey.Core.Logging.OperatingLog}

[2017-08-28 09:55:24.224] INFO  Whiskey.Core.Data.Entity.CodeFirstDbContext 67 USER-20160427FL\Administrator 
{Whiskey.Core.Logging.OperatingLog}

[2017-08-28 09:55:25.839] INFO  Whiskey.Core.Data.Entity.CodeFirstDbContext 69 USER-20160427FL\Administrator 
{Whiskey.Core.Logging.OperatingLog}

[2017-08-28 09:55:25.850] INFO  Whiskey.Core.Data.Entity.CodeFirstDbContext 69 USER-20160427FL\Administrator 
{Whiskey.Core.Logging.OperatingLog}

[2017-08-28 09:55:27.475] INFO  Whiskey.Core.Data.Entity.CodeFirstDbContext 71 USER-20160427FL\Administrator 
{Whiskey.Core.Logging.OperatingLog}

[2017-08-28 09:55:29.374] INFO  Whiskey.Core.Data.Entity.CodeFirstDbContext 71 USER-20160427FL\Administrator 
{Whiskey.Core.Logging.OperatingLog, Whiskey.Core.Logging.OperatingLog}

[2017-08-28 09:55:29.386] INFO  Whiskey.Core.Data.Entity.CodeFirstDbContext 71 USER-20160427FL\Administrator 
{Whiskey.Core.Logging.OperatingLog}

[2017-08-28 09:55:31.185] INFO  Whiskey.Core.Data.Entity.CodeFirstDbContext 65 USER-20160427FL\Administrator 
{Whiskey.Core.Logging.OperatingLog}

[2017-08-28 09:55:31.196] INFO  Whiskey.Core.Data.Entity.CodeFirstDbContext 65 USER-20160427FL\Administrator 
{Whiskey.Core.Logging.OperatingLog}

[2017-08-28 09:55:32.927] INFO  Whiskey.Core.Data.Entity.CodeFirstDbContext 66 USER-20160427FL\Administrator 
{Whiskey.Core.Logging.OperatingLog}

[2017-08-28 09:55:34.768] INFO  Whiskey.Core.Data.Entity.CodeFirstDbContext 60 USER-20160427FL\Administrator 
{Whiskey.Core.Logging.OperatingLog}

[2017-08-28 09:55:34.779] INFO  Whiskey.Core.Data.Entity.CodeFirstDbContext 60 USER-20160427FL\Administrator 
{Whiskey.Core.Logging.OperatingLog}

[2017-08-28 09:55:36.556] INFO  Whiskey.Core.Data.Entity.CodeFirstDbContext 69 USER-20160427FL\Administrator 
{Whiskey.Core.Logging.OperatingLog}

[2017-08-28 09:55:36.567] INFO  Whiskey.Core.Data.Entity.CodeFirstDbContext 69 USER-20160427FL\Administrator 
{Whiskey.Core.Logging.OperatingLog}

[2017-08-28 09:55:38.234] INFO  Whiskey.Core.Data.Entity.CodeFirstDbContext 67 USER-20160427FL\Administrator 
{Whiskey.Core.Logging.OperatingLog}

[2017-08-28 09:55:38.244] INFO  Whiskey.Core.Data.Entity.CodeFirstDbContext 67 USER-20160427FL\Administrator 
{Whiskey.Core.Logging.OperatingLog}

[2017-08-28 09:55:39.855] INFO  Whiskey.Core.Data.Entity.CodeFirstDbContext 63 USER-20160427FL\Administrator 
{Whiskey.Core.Logging.OperatingLog}

[2017-08-28 09:55:39.866] INFO  Whiskey.Core.Data.Entity.CodeFirstDbContext 63 USER-20160427FL\Administrator 
{Whiskey.Core.Logging.OperatingLog}

[2017-08-28 09:55:41.519] INFO  Whiskey.Core.Data.Entity.CodeFirstDbContext 66 USER-20160427FL\Administrator 
{Whiskey.Core.Logging.OperatingLog}

[2017-08-28 09:55:43.758] INFO  Whiskey.Core.Data.Entity.CodeFirstDbContext 69 USER-20160427FL\Administrator 
{Whiskey.Core.Logging.OperatingLog, Whiskey.Core.Logging.OperatingLog}

[2017-08-28 09:55:43.771] INFO  Whiskey.Core.Data.Entity.CodeFirstDbContext 69 USER-20160427FL\Administrator 
{Whiskey.Core.Logging.OperatingLog}

[2017-08-28 09:55:45.757] INFO  Whiskey.Core.Data.Entity.CodeFirstDbContext 63 USER-20160427FL\Administrator 
{Whiskey.Core.Logging.OperatingLog}

[2017-08-28 09:55:45.772] INFO  Whiskey.Core.Data.Entity.CodeFirstDbContext 63 USER-20160427FL\Administrator 
{Whiskey.Core.Logging.OperatingLog}

[2017-08-28 09:55:47.576] INFO  Whiskey.Core.Data.Entity.CodeFirstDbContext 71 USER-20160427FL\Administrator 
{Whiskey.Core.Logging.OperatingLog}

[2017-08-28 09:55:47.587] INFO  Whiskey.Core.Data.Entity.CodeFirstDbContext 71 USER-20160427FL\Administrator 
{Whiskey.Core.Logging.OperatingLog}

[2017-08-28 09:55:49.224] INFO  Whiskey.Core.Data.Entity.CodeFirstDbContext 67 USER-20160427FL\Administrator 
{Whiskey.Core.Logging.OperatingLog}

[2017-08-28 09:55:49.238] INFO  Whiskey.Core.Data.Entity.CodeFirstDbContext 67 USER-20160427FL\Administrator 
{Whiskey.Core.Logging.OperatingLog}

[2017-08-28 09:55:50.829] INFO  Whiskey.Core.Data.Entity.CodeFirstDbContext 70 USER-20160427FL\Administrator 
{Whiskey.Core.Logging.OperatingLog}

[2017-08-28 09:55:52.738] INFO  Whiskey.Core.Data.Entity.CodeFirstDbContext 60 USER-20160427FL\Administrator 
{Whiskey.Core.Logging.OperatingLog}

[2017-08-28 09:55:52.767] INFO  Whiskey.Core.Data.Entity.CodeFirstDbContext 60 USER-20160427FL\Administrator 
{Whiskey.Core.Logging.OperatingLog}

[2017-08-28 09:55:54.569] INFO  Whiskey.Core.Data.Entity.CodeFirstDbContext 67 USER-20160427FL\Administrator 
{Whiskey.Core.Logging.OperatingLog}

[2017-08-28 09:55:54.580] INFO  Whiskey.Core.Data.Entity.CodeFirstDbContext 67 USER-20160427FL\Administrator 
{Whiskey.Core.Logging.OperatingLog}

[2017-08-28 09:55:56.253] INFO  Whiskey.Core.Data.Entity.CodeFirstDbContext 69 USER-20160427FL\Administrator 
{Whiskey.Core.Logging.OperatingLog}

[2017-08-28 09:55:56.263] INFO  Whiskey.Core.Data.Entity.CodeFirstDbContext 69 USER-20160427FL\Administrator 
{Whiskey.Core.Logging.OperatingLog}

[2017-08-28 09:55:57.864] INFO  Whiskey.Core.Data.Entity.CodeFirstDbContext 70 USER-20160427FL\Administrator 
{Whiskey.Core.Logging.OperatingLog}

[2017-08-28 09:55:57.882] INFO  Whiskey.Core.Data.Entity.CodeFirstDbContext 70 USER-20160427FL\Administrator 
{Whiskey.Core.Logging.OperatingLog}

[2017-08-28 09:55:59.461] INFO  Whiskey.Core.Data.Entity.CodeFirstDbContext 70 USER-20160427FL\Administrator 
{Whiskey.Core.Logging.OperatingLog}

[2017-08-28 09:55:59.472] INFO  Whiskey.Core.Data.Entity.CodeFirstDbContext 70 USER-20160427FL\Administrator 
{Whiskey.Core.Logging.OperatingLog}

[2017-08-28 09:56:01.173] INFO  Whiskey.Core.Data.Entity.CodeFirstDbContext 66 USER-20160427FL\Administrator 
{Whiskey.Core.Logging.OperatingLog}

[2017-08-28 09:56:01.184] INFO  Whiskey.Core.Data.Entity.CodeFirstDbContext 66 USER-20160427FL\Administrator 
{Whiskey.Core.Logging.OperatingLog}

[2017-08-28 09:56:02.771] INFO  Whiskey.Core.Data.Entity.CodeFirstDbContext 65 USER-20160427FL\Administrator 
{Whiskey.Core.Logging.OperatingLog}

[2017-08-28 09:56:02.781] INFO  Whiskey.Core.Data.Entity.CodeFirstDbContext 65 USER-20160427FL\Administrator 
{Whiskey.Core.Logging.OperatingLog}

[2017-08-28 09:56:04.403] INFO  Whiskey.Core.Data.Entity.CodeFirstDbContext 65 USER-20160427FL\Administrator 
{Whiskey.Core.Logging.OperatingLog}

[2017-08-28 09:56:04.414] INFO  Whiskey.Core.Data.Entity.CodeFirstDbContext 65 USER-20160427FL\Administrator 
{Whiskey.Core.Logging.OperatingLog}

[2017-08-28 09:56:06.040] INFO  Whiskey.Core.Data.Entity.CodeFirstDbContext 66 USER-20160427FL\Administrator 
{Whiskey.Core.Logging.OperatingLog}

[2017-08-28 09:56:06.050] INFO  Whiskey.Core.Data.Entity.CodeFirstDbContext 66 USER-20160427FL\Administrator 
{Whiskey.Core.Logging.OperatingLog}

[2017-08-28 09:56:07.629] INFO  Whiskey.Core.Data.Entity.CodeFirstDbContext 66 USER-20160427FL\Administrator 
{Whiskey.Core.Logging.OperatingLog}

[2017-08-28 09:56:07.639] INFO  Whiskey.Core.Data.Entity.CodeFirstDbContext 66 USER-20160427FL\Administrator 
{Whiskey.Core.Logging.OperatingLog}

[2017-08-28 09:56:09.240] INFO  Whiskey.Core.Data.Entity.CodeFirstDbContext 60 USER-20160427FL\Administrator 
{Whiskey.Core.Logging.OperatingLog}

[2017-08-28 09:56:09.250] INFO  Whiskey.Core.Data.Entity.CodeFirstDbContext 60 USER-20160427FL\Administrator 
{Whiskey.Core.Logging.OperatingLog}

[2017-08-28 09:56:11.027] INFO  Whiskey.Core.Data.Entity.CodeFirstDbContext 66 USER-20160427FL\Administrator 
{Whiskey.Core.Logging.OperatingLog}

[2017-08-28 09:56:11.037] INFO  Whiskey.Core.Data.Entity.CodeFirstDbContext 66 USER-20160427FL\Administrator 
{Whiskey.Core.Logging.OperatingLog}

[2017-08-28 09:56:12.915] INFO  Whiskey.Core.Data.Entity.CodeFirstDbContext 69 USER-20160427FL\Administrator 
{Whiskey.Core.Logging.OperatingLog}

[2017-08-28 09:56:12.926] INFO  Whiskey.Core.Data.Entity.CodeFirstDbContext 69 USER-20160427FL\Administrator 
{Whiskey.Core.Logging.OperatingLog}

[2017-08-28 09:56:14.594] INFO  Whiskey.Core.Data.Entity.CodeFirstDbContext 60 USER-20160427FL\Administrator 
{Whiskey.Core.Logging.OperatingLog}

[2017-08-28 09:56:14.605] INFO  Whiskey.Core.Data.Entity.CodeFirstDbContext 60 USER-20160427FL\Administrator 
{Whiskey.Core.Logging.OperatingLog}

[2017-08-28 09:56:16.210] INFO  Whiskey.Core.Data.Entity.CodeFirstDbContext 60 USER-20160427FL\Administrator 
{Whiskey.Core.Logging.OperatingLog}

[2017-08-28 09:56:18.027] INFO  Whiskey.Core.Data.Entity.CodeFirstDbContext 63 USER-20160427FL\Administrator 
{Whiskey.Core.Logging.OperatingLog}

[2017-08-28 09:56:18.038] INFO  Whiskey.Core.Data.Entity.CodeFirstDbContext 63 USER-20160427FL\Administrator 
{Whiskey.Core.Logging.OperatingLog}

[2017-08-28 09:56:19.766] INFO  Whiskey.Core.Data.Entity.CodeFirstDbContext 71 USER-20160427FL\Administrator 
{Whiskey.Core.Logging.OperatingLog}

[2017-08-28 09:56:19.779] INFO  Whiskey.Core.Data.Entity.CodeFirstDbContext 71 USER-20160427FL\Administrator 
{Whiskey.Core.Logging.OperatingLog}

[2017-08-28 09:56:21.440] INFO  Whiskey.Core.Data.Entity.CodeFirstDbContext 70 USER-20160427FL\Administrator 
{Whiskey.Core.Logging.OperatingLog}

[2017-08-28 09:56:21.450] INFO  Whiskey.Core.Data.Entity.CodeFirstDbContext 70 USER-20160427FL\Administrator 
{Whiskey.Core.Logging.OperatingLog}

[2017-08-28 09:56:23.040] INFO  Whiskey.Core.Data.Entity.CodeFirstDbContext 66 USER-20160427FL\Administrator 
{Whiskey.Core.Logging.OperatingLog}

[2017-08-28 09:56:23.053] INFO  Whiskey.Core.Data.Entity.CodeFirstDbContext 66 USER-20160427FL\Administrator 
{Whiskey.Core.Logging.OperatingLog}

[2017-08-28 09:56:24.778] INFO  Whiskey.Core.Data.Entity.CodeFirstDbContext 67 USER-20160427FL\Administrator 
{Whiskey.Core.Logging.OperatingLog}

[2017-08-28 09:56:24.789] INFO  Whiskey.Core.Data.Entity.CodeFirstDbContext 67 USER-20160427FL\Administrator 
{Whiskey.Core.Logging.OperatingLog}

[2017-08-28 09:56:26.411] INFO  Whiskey.Core.Data.Entity.CodeFirstDbContext 66 USER-20160427FL\Administrator 
{Whiskey.Core.Logging.OperatingLog}

[2017-08-28 09:56:26.420] INFO  Whiskey.Core.Data.Entity.CodeFirstDbContext 66 USER-20160427FL\Administrator 
{Whiskey.Core.Logging.OperatingLog}

[2017-08-28 09:56:28.019] INFO  Whiskey.Core.Data.Entity.CodeFirstDbContext 70 USER-20160427FL\Administrator 
{Whiskey.Core.Logging.OperatingLog}

[2017-08-28 09:56:28.031] INFO  Whiskey.Core.Data.Entity.CodeFirstDbContext 70 USER-20160427FL\Administrator 
{Whiskey.Core.Logging.OperatingLog}

[2017-08-28 09:56:29.635] INFO  Whiskey.Core.Data.Entity.CodeFirstDbContext 66 USER-20160427FL\Administrator 
{Whiskey.Core.Logging.OperatingLog}

[2017-08-28 09:56:29.646] INFO  Whiskey.Core.Data.Entity.CodeFirstDbContext 66 USER-20160427FL\Administrator 
{Whiskey.Core.Logging.OperatingLog}

[2017-08-28 09:56:31.293] INFO  Whiskey.Core.Data.Entity.CodeFirstDbContext 63 USER-20160427FL\Administrator 
{Whiskey.Core.Logging.OperatingLog}

[2017-08-28 09:56:31.304] INFO  Whiskey.Core.Data.Entity.CodeFirstDbContext 63 USER-20160427FL\Administrator 
{Whiskey.Core.Logging.OperatingLog}

[2017-08-28 09:56:32.872] INFO  Whiskey.Core.Data.Entity.CodeFirstDbContext 63 USER-20160427FL\Administrator 
{Whiskey.Core.Logging.OperatingLog}

[2017-08-28 09:56:32.889] INFO  Whiskey.Core.Data.Entity.CodeFirstDbContext 63 USER-20160427FL\Administrator 
{Whiskey.Core.Logging.OperatingLog}

[2017-08-28 09:56:34.496] INFO  Whiskey.Core.Data.Entity.CodeFirstDbContext 66 USER-20160427FL\Administrator 
{Whiskey.Core.Logging.OperatingLog}

[2017-08-28 09:56:34.507] INFO  Whiskey.Core.Data.Entity.CodeFirstDbContext 66 USER-20160427FL\Administrator 
{Whiskey.Core.Logging.OperatingLog}

[2017-08-28 09:56:36.121] INFO  Whiskey.Core.Data.Entity.CodeFirstDbContext 66 USER-20160427FL\Administrator 
{Whiskey.Core.Logging.OperatingLog}

[2017-08-28 09:56:36.133] INFO  Whiskey.Core.Data.Entity.CodeFirstDbContext 66 USER-20160427FL\Administrator 
{Whiskey.Core.Logging.OperatingLog}

[2017-08-28 09:56:37.789] INFO  Whiskey.Core.Data.Entity.CodeFirstDbContext 66 USER-20160427FL\Administrator 
{Whiskey.Core.Logging.OperatingLog}

[2017-08-28 09:56:39.659] INFO  Whiskey.Core.Data.Entity.CodeFirstDbContext 66 USER-20160427FL\Administrator 
{Whiskey.Core.Logging.OperatingLog, Whiskey.Core.Logging.OperatingLog}

[2017-08-28 09:56:39.671] INFO  Whiskey.Core.Data.Entity.CodeFirstDbContext 66 USER-20160427FL\Administrator 
{Whiskey.Core.Logging.OperatingLog}

[2017-08-28 09:56:41.461] INFO  Whiskey.Core.Data.Entity.CodeFirstDbContext 63 USER-20160427FL\Administrator 
{Whiskey.Core.Logging.OperatingLog}

[2017-08-28 09:56:41.472] INFO  Whiskey.Core.Data.Entity.CodeFirstDbContext 63 USER-20160427FL\Administrator 
{Whiskey.Core.Logging.OperatingLog}

[2017-08-28 09:56:43.117] INFO  Whiskey.Core.Data.Entity.CodeFirstDbContext 67 USER-20160427FL\Administrator 
{Whiskey.Core.Logging.OperatingLog}

[2017-08-28 09:56:43.129] INFO  Whiskey.Core.Data.Entity.CodeFirstDbContext 67 USER-20160427FL\Administrator 
{Whiskey.Core.Logging.OperatingLog}

[2017-08-28 09:56:44.811] INFO  Whiskey.Core.Data.Entity.CodeFirstDbContext 65 USER-20160427FL\Administrator 
{Whiskey.Core.Logging.OperatingLog}

[2017-08-28 09:56:46.848] INFO  Whiskey.Core.Data.Entity.CodeFirstDbContext 67 USER-20160427FL\Administrator 
{Whiskey.Core.Logging.OperatingLog, Whiskey.Core.Logging.OperatingLog}

[2017-08-28 09:56:46.860] INFO  Whiskey.Core.Data.Entity.CodeFirstDbContext 67 USER-20160427FL\Administrator 
{Whiskey.Core.Logging.OperatingLog}

[2017-08-28 09:56:48.984] INFO  Whiskey.Core.Data.Entity.CodeFirstDbContext 65 USER-20160427FL\Administrator 
{Whiskey.Core.Logging.OperatingLog}

[2017-08-28 09:56:48.995] INFO  Whiskey.Core.Data.Entity.CodeFirstDbContext 65 USER-20160427FL\Administrator 
{Whiskey.Core.Logging.OperatingLog}

[2017-08-28 09:56:50.928] INFO  Whiskey.Core.Data.Entity.CodeFirstDbContext 65 USER-20160427FL\Administrator 
{Whiskey.Core.Logging.OperatingLog}

[2017-08-28 09:56:50.939] INFO  Whiskey.Core.Data.Entity.CodeFirstDbContext 65 USER-20160427FL\Administrator 
{Whiskey.Core.Logging.OperatingLog}

[2017-08-28 09:56:52.570] INFO  Whiskey.Core.Data.Entity.CodeFirstDbContext 63 USER-20160427FL\Administrator 
{Whiskey.Core.Logging.OperatingLog}

[2017-08-28 09:56:52.582] INFO  Whiskey.Core.Data.Entity.CodeFirstDbContext 63 USER-20160427FL\Administrator 
{Whiskey.Core.Logging.OperatingLog}

[2017-08-28 09:56:54.190] INFO  Whiskey.Core.Data.Entity.CodeFirstDbContext 65 USER-20160427FL\Administrator 
{Whiskey.Core.Logging.OperatingLog}

[2017-08-28 09:56:54.202] INFO  Whiskey.Core.Data.Entity.CodeFirstDbContext 65 USER-20160427FL\Administrator 
{Whiskey.Core.Logging.OperatingLog}

[2017-08-28 09:56:55.855] INFO  Whiskey.Core.Data.Entity.CodeFirstDbContext 66 USER-20160427FL\Administrator 
{Whiskey.Core.Logging.OperatingLog}

[2017-08-28 09:56:55.868] INFO  Whiskey.Core.Data.Entity.CodeFirstDbContext 66 USER-20160427FL\Administrator 
{Whiskey.Core.Logging.OperatingLog}

[2017-08-28 09:56:57.413] INFO  Whiskey.Core.Data.Entity.CodeFirstDbContext 63 USER-20160427FL\Administrator 
{Whiskey.Core.Logging.OperatingLog}

[2017-08-28 09:56:57.430] INFO  Whiskey.Core.Data.Entity.CodeFirstDbContext 63 USER-20160427FL\Administrator 
{Whiskey.Core.Logging.OperatingLog}

[2017-08-28 09:56:59.245] INFO  Whiskey.Core.Data.Entity.CodeFirstDbContext 66 USER-20160427FL\Administrator 
{Whiskey.Core.Logging.OperatingLog}

[2017-08-28 09:57:01.024] INFO  Whiskey.Core.Data.Entity.CodeFirstDbContext 60 USER-20160427FL\Administrator 
{Whiskey.Core.Logging.OperatingLog}

[2017-08-28 09:57:01.034] INFO  Whiskey.Core.Data.Entity.CodeFirstDbContext 60 USER-20160427FL\Administrator 
{Whiskey.Core.Logging.OperatingLog}

[2017-08-28 09:57:02.811] INFO  Whiskey.Core.Data.Entity.CodeFirstDbContext 63 USER-20160427FL\Administrator 
{Whiskey.Core.Logging.OperatingLog}

[2017-08-28 09:57:02.822] INFO  Whiskey.Core.Data.Entity.CodeFirstDbContext 63 USER-20160427FL\Administrator 
{Whiskey.Core.Logging.OperatingLog}

[2017-08-28 09:57:04.577] INFO  Whiskey.Core.Data.Entity.CodeFirstDbContext 60 USER-20160427FL\Administrator 
{Whiskey.Core.Logging.OperatingLog}

[2017-08-28 09:57:04.587] INFO  Whiskey.Core.Data.Entity.CodeFirstDbContext 60 USER-20160427FL\Administrator 
{Whiskey.Core.Logging.OperatingLog}

[2017-08-28 09:57:06.233] INFO  Whiskey.Core.Data.Entity.CodeFirstDbContext 67 USER-20160427FL\Administrator 
{Whiskey.Core.Logging.OperatingLog}

[2017-08-28 09:57:06.247] INFO  Whiskey.Core.Data.Entity.CodeFirstDbContext 67 USER-20160427FL\Administrator 
{Whiskey.Core.Logging.OperatingLog}

[2017-08-28 09:57:07.840] INFO  Whiskey.Core.Data.Entity.CodeFirstDbContext 70 USER-20160427FL\Administrator 
{Whiskey.Core.Logging.OperatingLog}

[2017-08-28 09:57:07.850] INFO  Whiskey.Core.Data.Entity.CodeFirstDbContext 70 USER-20160427FL\Administrator 
{Whiskey.Core.Logging.OperatingLog}

[2017-08-28 09:57:09.477] INFO  Whiskey.Core.Data.Entity.CodeFirstDbContext 67 USER-20160427FL\Administrator 
{Whiskey.Core.Logging.OperatingLog}

[2017-08-28 09:57:09.488] INFO  Whiskey.Core.Data.Entity.CodeFirstDbContext 67 USER-20160427FL\Administrator 
{Whiskey.Core.Logging.OperatingLog}

[2017-08-28 09:57:11.168] INFO  Whiskey.Core.Data.Entity.CodeFirstDbContext 67 USER-20160427FL\Administrator 
{Whiskey.Core.Logging.OperatingLog}

[2017-08-28 09:57:11.182] INFO  Whiskey.Core.Data.Entity.CodeFirstDbContext 67 USER-20160427FL\Administrator 
{Whiskey.Core.Logging.OperatingLog}

[2017-08-28 09:57:12.767] INFO  Whiskey.Core.Data.Entity.CodeFirstDbContext 67 USER-20160427FL\Administrator 
{Whiskey.Core.Logging.OperatingLog}

[2017-08-28 09:57:12.777] INFO  Whiskey.Core.Data.Entity.CodeFirstDbContext 67 USER-20160427FL\Administrator 
{Whiskey.Core.Logging.OperatingLog}

[2017-08-28 09:57:14.427] INFO  Whiskey.Core.Data.Entity.CodeFirstDbContext 65 USER-20160427FL\Administrator 
{Whiskey.Core.Logging.OperatingLog}

[2017-08-28 09:57:14.438] INFO  Whiskey.Core.Data.Entity.CodeFirstDbContext 65 USER-20160427FL\Administrator 
{Whiskey.Core.Logging.OperatingLog}

[2017-08-28 09:57:16.199] INFO  Whiskey.Core.Data.Entity.CodeFirstDbContext 65 USER-20160427FL\Administrator 
{Whiskey.Core.Logging.OperatingLog}

[2017-08-28 09:57:16.213] INFO  Whiskey.Core.Data.Entity.CodeFirstDbContext 65 USER-20160427FL\Administrator 
{Whiskey.Core.Logging.OperatingLog}

[2017-08-28 09:57:18.050] INFO  Whiskey.Core.Data.Entity.CodeFirstDbContext 65 USER-20160427FL\Administrator 
{Whiskey.Core.Logging.OperatingLog}

[2017-08-28 09:57:18.061] INFO  Whiskey.Core.Data.Entity.CodeFirstDbContext 65 USER-20160427FL\Administrator 
{Whiskey.Core.Logging.OperatingLog}

[2017-08-28 09:57:19.864] INFO  Whiskey.Core.Data.Entity.CodeFirstDbContext 63 USER-20160427FL\Administrator 
{Whiskey.Core.Logging.OperatingLog}

[2017-08-28 09:57:19.874] INFO  Whiskey.Core.Data.Entity.CodeFirstDbContext 63 USER-20160427FL\Administrator 
{Whiskey.Core.Logging.OperatingLog}

[2017-08-28 09:57:21.430] INFO  Whiskey.Core.Data.Entity.CodeFirstDbContext 63 USER-20160427FL\Administrator 
{Whiskey.Core.Logging.OperatingLog}

[2017-08-28 09:57:23.296] INFO  Whiskey.Core.Data.Entity.CodeFirstDbContext 71 USER-20160427FL\Administrator 
{Whiskey.Core.Logging.OperatingLog, Whiskey.Core.Logging.OperatingLog}

[2017-08-28 09:57:23.308] INFO  Whiskey.Core.Data.Entity.CodeFirstDbContext 71 USER-20160427FL\Administrator 
{Whiskey.Core.Logging.OperatingLog}

[2017-08-28 09:57:25.127] INFO  Whiskey.Core.Data.Entity.CodeFirstDbContext 70 USER-20160427FL\Administrator 
{Whiskey.Core.Logging.OperatingLog}

[2017-08-28 09:57:25.138] INFO  Whiskey.Core.Data.Entity.CodeFirstDbContext 70 USER-20160427FL\Administrator 
{Whiskey.Core.Logging.OperatingLog}

[2017-08-28 09:57:26.887] INFO  Whiskey.Core.Data.Entity.CodeFirstDbContext 66 USER-20160427FL\Administrator 
{Whiskey.Core.Logging.OperatingLog}

[2017-08-28 09:57:26.898] INFO  Whiskey.Core.Data.Entity.CodeFirstDbContext 66 USER-20160427FL\Administrator 
{Whiskey.Core.Logging.OperatingLog}

[2017-08-28 09:57:28.485] INFO  Whiskey.Core.Data.Entity.CodeFirstDbContext 66 USER-20160427FL\Administrator 
{Whiskey.Core.Logging.OperatingLog}

[2017-08-28 09:57:30.323] INFO  Whiskey.Core.Data.Entity.CodeFirstDbContext 60 USER-20160427FL\Administrator 
{Whiskey.Core.Logging.OperatingLog}

[2017-08-28 09:57:30.334] INFO  Whiskey.Core.Data.Entity.CodeFirstDbContext 60 USER-20160427FL\Administrator 
{Whiskey.Core.Logging.OperatingLog}

[2017-08-28 09:57:32.139] INFO  Whiskey.Core.Data.Entity.CodeFirstDbContext 63 USER-20160427FL\Administrator 
{Whiskey.Core.Logging.OperatingLog}

[2017-08-28 09:57:32.150] INFO  Whiskey.Core.Data.Entity.CodeFirstDbContext 63 USER-20160427FL\Administrator 
{Whiskey.Core.Logging.OperatingLog}

[2017-08-28 09:57:33.949] INFO  Whiskey.Core.Data.Entity.CodeFirstDbContext 70 USER-20160427FL\Administrator 
{Whiskey.Core.Logging.OperatingLog}

[2017-08-28 09:57:33.961] INFO  Whiskey.Core.Data.Entity.CodeFirstDbContext 70 USER-20160427FL\Administrator 
{Whiskey.Core.Logging.OperatingLog}

[2017-08-28 09:57:35.600] INFO  Whiskey.Core.Data.Entity.CodeFirstDbContext 65 USER-20160427FL\Administrator 
{Whiskey.Core.Logging.OperatingLog}

[2017-08-28 09:57:35.611] INFO  Whiskey.Core.Data.Entity.CodeFirstDbContext 65 USER-20160427FL\Administrator 
{Whiskey.Core.Logging.OperatingLog}

[2017-08-28 09:57:37.216] INFO  Whiskey.Core.Data.Entity.CodeFirstDbContext 67 USER-20160427FL\Administrator 
{Whiskey.Core.Logging.OperatingLog}

[2017-08-28 09:57:37.226] INFO  Whiskey.Core.Data.Entity.CodeFirstDbContext 67 USER-20160427FL\Administrator 
{Whiskey.Core.Logging.OperatingLog}

[2017-08-28 09:57:38.951] INFO  Whiskey.Core.Data.Entity.CodeFirstDbContext 67 USER-20160427FL\Administrator 
{Whiskey.Core.Logging.OperatingLog}

[2017-08-28 09:57:38.962] INFO  Whiskey.Core.Data.Entity.CodeFirstDbContext 67 USER-20160427FL\Administrator 
{Whiskey.Core.Logging.OperatingLog}

[2017-08-28 09:57:40.514] INFO  Whiskey.Core.Data.Entity.CodeFirstDbContext 65 USER-20160427FL\Administrator 
{Whiskey.Core.Logging.OperatingLog}

[2017-08-28 09:57:40.528] INFO  Whiskey.Core.Data.Entity.CodeFirstDbContext 65 USER-20160427FL\Administrator 
{Whiskey.Core.Logging.OperatingLog}

[2017-08-28 09:57:42.149] INFO  Whiskey.Core.Data.Entity.CodeFirstDbContext 69 USER-20160427FL\Administrator 
{Whiskey.Core.Logging.OperatingLog}

[2017-08-28 09:57:42.162] INFO  Whiskey.Core.Data.Entity.CodeFirstDbContext 69 USER-20160427FL\Administrator 
{Whiskey.Core.Logging.OperatingLog}

[2017-08-28 09:57:43.724] INFO  Whiskey.Core.Data.Entity.CodeFirstDbContext 67 USER-20160427FL\Administrator 
{Whiskey.Core.Logging.OperatingLog}

[2017-08-28 09:57:43.735] INFO  Whiskey.Core.Data.Entity.CodeFirstDbContext 67 USER-20160427FL\Administrator 
{Whiskey.Core.Logging.OperatingLog}

[2017-08-28 09:57:45.320] INFO  Whiskey.Core.Data.Entity.CodeFirstDbContext 67 USER-20160427FL\Administrator 
{Whiskey.Core.Logging.OperatingLog}

[2017-08-28 09:57:45.330] INFO  Whiskey.Core.Data.Entity.CodeFirstDbContext 67 USER-20160427FL\Administrator 
{Whiskey.Core.Logging.OperatingLog}

[2017-08-28 09:57:47.040] INFO  Whiskey.Core.Data.Entity.CodeFirstDbContext 69 USER-20160427FL\Administrator 
{Whiskey.Core.Logging.OperatingLog}

[2017-08-28 09:57:47.052] INFO  Whiskey.Core.Data.Entity.CodeFirstDbContext 69 USER-20160427FL\Administrator 
{Whiskey.Core.Logging.OperatingLog}

[2017-08-28 09:57:49.116] INFO  Whiskey.Core.Data.Entity.CodeFirstDbContext 63 USER-20160427FL\Administrator 
{Whiskey.Core.Logging.OperatingLog, Whiskey.Core.Logging.OperatingLog}

[2017-08-28 09:57:49.132] INFO  Whiskey.Core.Data.Entity.CodeFirstDbContext 63 USER-20160427FL\Administrator 
{Whiskey.Core.Logging.OperatingLog}

[2017-08-28 09:57:50.903] INFO  Whiskey.Core.Data.Entity.CodeFirstDbContext 67 USER-20160427FL\Administrator 
{Whiskey.Core.Logging.OperatingLog}

[2017-08-28 09:57:50.914] INFO  Whiskey.Core.Data.Entity.CodeFirstDbContext 67 USER-20160427FL\Administrator 
{Whiskey.Core.Logging.OperatingLog}

[2017-08-28 09:57:52.568] INFO  Whiskey.Core.Data.Entity.CodeFirstDbContext 65 USER-20160427FL\Administrator 
{Whiskey.Core.Logging.OperatingLog}

[2017-08-28 09:57:52.579] INFO  Whiskey.Core.Data.Entity.CodeFirstDbContext 65 USER-20160427FL\Administrator 
{Whiskey.Core.Logging.OperatingLog}

[2017-08-28 09:57:54.218] INFO  Whiskey.Core.Data.Entity.CodeFirstDbContext 71 USER-20160427FL\Administrator 
{Whiskey.Core.Logging.OperatingLog}

[2017-08-28 09:57:54.228] INFO  Whiskey.Core.Data.Entity.CodeFirstDbContext 71 USER-20160427FL\Administrator 
{Whiskey.Core.Logging.OperatingLog}

[2017-08-28 09:57:55.895] INFO  Whiskey.Core.Data.Entity.CodeFirstDbContext 65 USER-20160427FL\Administrator 
{Whiskey.Core.Logging.OperatingLog}

[2017-08-28 09:57:57.744] INFO  Whiskey.Core.Data.Entity.CodeFirstDbContext 67 USER-20160427FL\Administrator 
{Whiskey.Core.Logging.OperatingLog, Whiskey.Core.Logging.OperatingLog}

[2017-08-28 09:57:57.755] INFO  Whiskey.Core.Data.Entity.CodeFirstDbContext 67 USER-20160427FL\Administrator 
{Whiskey.Core.Logging.OperatingLog}

[2017-08-28 09:57:59.672] INFO  Whiskey.Core.Data.Entity.CodeFirstDbContext 66 USER-20160427FL\Administrator 
{Whiskey.Core.Logging.OperatingLog}

[2017-08-28 09:57:59.682] INFO  Whiskey.Core.Data.Entity.CodeFirstDbContext 66 USER-20160427FL\Administrator 
{Whiskey.Core.Logging.OperatingLog}

[2017-08-28 09:58:01.546] INFO  Whiskey.Core.Data.Entity.CodeFirstDbContext 63 USER-20160427FL\Administrator 
{Whiskey.Core.Logging.OperatingLog}

[2017-08-28 09:58:01.557] INFO  Whiskey.Core.Data.Entity.CodeFirstDbContext 63 USER-20160427FL\Administrator 
{Whiskey.Core.Logging.OperatingLog}

[2017-08-28 09:58:03.188] INFO  Whiskey.Core.Data.Entity.CodeFirstDbContext 67 USER-20160427FL\Administrator 
{Whiskey.Core.Logging.OperatingLog}

[2017-08-28 09:58:03.206] INFO  Whiskey.Core.Data.Entity.CodeFirstDbContext 67 USER-20160427FL\Administrator 
{Whiskey.Core.Logging.OperatingLog}

[2017-08-28 09:58:04.828] INFO  Whiskey.Core.Data.Entity.CodeFirstDbContext 63 USER-20160427FL\Administrator 
{Whiskey.Core.Logging.OperatingLog}

[2017-08-28 09:58:04.842] INFO  Whiskey.Core.Data.Entity.CodeFirstDbContext 63 USER-20160427FL\Administrator 
{Whiskey.Core.Logging.OperatingLog}

[2017-08-28 09:58:06.399] INFO  Whiskey.Core.Data.Entity.CodeFirstDbContext 71 USER-20160427FL\Administrator 
{Whiskey.Core.Logging.OperatingLog}

[2017-08-28 09:58:06.409] INFO  Whiskey.Core.Data.Entity.CodeFirstDbContext 71 USER-20160427FL\Administrator 
{Whiskey.Core.Logging.OperatingLog}

[2017-08-28 09:58:07.980] INFO  Whiskey.Core.Data.Entity.CodeFirstDbContext 60 USER-20160427FL\Administrator 
{Whiskey.Core.Logging.OperatingLog}

[2017-08-28 09:58:07.992] INFO  Whiskey.Core.Data.Entity.CodeFirstDbContext 60 USER-20160427FL\Administrator 
{Whiskey.Core.Logging.OperatingLog}

[2017-08-28 09:58:09.637] INFO  Whiskey.Core.Data.Entity.CodeFirstDbContext 63 USER-20160427FL\Administrator 
{Whiskey.Core.Logging.OperatingLog}

[2017-08-28 09:58:09.648] INFO  Whiskey.Core.Data.Entity.CodeFirstDbContext 63 USER-20160427FL\Administrator 
{Whiskey.Core.Logging.OperatingLog}

[2017-08-28 09:58:11.267] INFO  Whiskey.Core.Data.Entity.CodeFirstDbContext 67 USER-20160427FL\Administrator 
{Whiskey.Core.Logging.OperatingLog}

[2017-08-28 09:58:11.284] INFO  Whiskey.Core.Data.Entity.CodeFirstDbContext 67 USER-20160427FL\Administrator 
{Whiskey.Core.Logging.OperatingLog}

[2017-08-28 09:58:12.845] INFO  Whiskey.Core.Data.Entity.CodeFirstDbContext 70 USER-20160427FL\Administrator 
{Whiskey.Core.Logging.OperatingLog}

[2017-08-28 09:58:15.005] INFO  Whiskey.Core.Data.Entity.CodeFirstDbContext 70 USER-20160427FL\Administrator 
{Whiskey.Core.Logging.OperatingLog, Whiskey.Core.Logging.OperatingLog}

[2017-08-28 09:58:15.019] INFO  Whiskey.Core.Data.Entity.CodeFirstDbContext 70 USER-20160427FL\Administrator 
{Whiskey.Core.Logging.OperatingLog}

[2017-08-28 09:58:17.083] INFO  Whiskey.Core.Data.Entity.CodeFirstDbContext 69 USER-20160427FL\Administrator 
{Whiskey.Core.Logging.OperatingLog}

[2017-08-28 09:58:17.111] INFO  Whiskey.Core.Data.Entity.CodeFirstDbContext 69 USER-20160427FL\Administrator 
{Whiskey.Core.Logging.OperatingLog}

[2017-08-28 09:58:19.103] INFO  Whiskey.Core.Data.Entity.CodeFirstDbContext 67 USER-20160427FL\Administrator 
{Whiskey.Core.Logging.OperatingLog}

[2017-08-28 09:58:19.116] INFO  Whiskey.Core.Data.Entity.CodeFirstDbContext 67 USER-20160427FL\Administrator 
{Whiskey.Core.Logging.OperatingLog}

[2017-08-28 09:58:20.719] INFO  Whiskey.Core.Data.Entity.CodeFirstDbContext 70 USER-20160427FL\Administrator 
{Whiskey.Core.Logging.OperatingLog}

[2017-08-28 09:58:20.731] INFO  Whiskey.Core.Data.Entity.CodeFirstDbContext 70 USER-20160427FL\Administrator 
{Whiskey.Core.Logging.OperatingLog}

[2017-08-28 09:58:22.319] INFO  Whiskey.Core.Data.Entity.CodeFirstDbContext 60 USER-20160427FL\Administrator 
{Whiskey.Core.Logging.OperatingLog}

[2017-08-28 09:58:22.330] INFO  Whiskey.Core.Data.Entity.CodeFirstDbContext 60 USER-20160427FL\Administrator 
{Whiskey.Core.Logging.OperatingLog}

[2017-08-28 09:58:24.003] INFO  Whiskey.Core.Data.Entity.CodeFirstDbContext 70 USER-20160427FL\Administrator 
{Whiskey.Core.Logging.OperatingLog}

[2017-08-28 09:58:24.016] INFO  Whiskey.Core.Data.Entity.CodeFirstDbContext 70 USER-20160427FL\Administrator 
{Whiskey.Core.Logging.OperatingLog}

[2017-08-28 09:58:25.542] INFO  Whiskey.Core.Data.Entity.CodeFirstDbContext 67 USER-20160427FL\Administrator 
{Whiskey.Core.Logging.OperatingLog}

[2017-08-28 09:58:25.553] INFO  Whiskey.Core.Data.Entity.CodeFirstDbContext 67 USER-20160427FL\Administrator 
{Whiskey.Core.Logging.OperatingLog}

[2017-08-28 09:58:27.107] INFO  Whiskey.Core.Data.Entity.CodeFirstDbContext 66 USER-20160427FL\Administrator 
{Whiskey.Core.Logging.OperatingLog}

[2017-08-28 09:58:27.118] INFO  Whiskey.Core.Data.Entity.CodeFirstDbContext 66 USER-20160427FL\Administrator 
{Whiskey.Core.Logging.OperatingLog}

[2017-08-28 09:58:28.778] INFO  Whiskey.Core.Data.Entity.CodeFirstDbContext 71 USER-20160427FL\Administrator 
{Whiskey.Core.Logging.OperatingLog}

[2017-08-28 09:58:28.789] INFO  Whiskey.Core.Data.Entity.CodeFirstDbContext 71 USER-20160427FL\Administrator 
{Whiskey.Core.Logging.OperatingLog}

[2017-08-28 09:58:30.361] INFO  Whiskey.Core.Data.Entity.CodeFirstDbContext 60 USER-20160427FL\Administrator 
{Whiskey.Core.Logging.OperatingLog}

[2017-08-28 09:58:30.372] INFO  Whiskey.Core.Data.Entity.CodeFirstDbContext 60 USER-20160427FL\Administrator 
{Whiskey.Core.Logging.OperatingLog}

[2017-08-28 09:58:32.337] INFO  Whiskey.Core.Data.Entity.CodeFirstDbContext 60 USER-20160427FL\Administrator 
{Whiskey.Core.Logging.OperatingLog}

[2017-08-28 09:58:32.348] INFO  Whiskey.Core.Data.Entity.CodeFirstDbContext 60 USER-20160427FL\Administrator 
{Whiskey.Core.Logging.OperatingLog}

[2017-08-28 09:58:34.248] INFO  Whiskey.Core.Data.Entity.CodeFirstDbContext 60 USER-20160427FL\Administrator 
{Whiskey.Core.Logging.OperatingLog}

[2017-08-28 09:58:34.257] INFO  Whiskey.Core.Data.Entity.CodeFirstDbContext 60 USER-20160427FL\Administrator 
{Whiskey.Core.Logging.OperatingLog}

[2017-08-28 09:58:36.056] INFO  Whiskey.Core.Data.Entity.CodeFirstDbContext 60 USER-20160427FL\Administrator 
{Whiskey.Core.Logging.OperatingLog}

[2017-08-28 09:58:36.068] INFO  Whiskey.Core.Data.Entity.CodeFirstDbContext 60 USER-20160427FL\Administrator 
{Whiskey.Core.Logging.OperatingLog}

[2017-08-28 09:58:37.668] INFO  Whiskey.Core.Data.Entity.CodeFirstDbContext 63 USER-20160427FL\Administrator 
{Whiskey.Core.Logging.OperatingLog}

[2017-08-28 09:58:37.678] INFO  Whiskey.Core.Data.Entity.CodeFirstDbContext 63 USER-20160427FL\Administrator 
{Whiskey.Core.Logging.OperatingLog}

[2017-08-28 09:58:39.338] INFO  Whiskey.Core.Data.Entity.CodeFirstDbContext 67 USER-20160427FL\Administrator 
{Whiskey.Core.Logging.OperatingLog}

[2017-08-28 09:58:39.350] INFO  Whiskey.Core.Data.Entity.CodeFirstDbContext 67 USER-20160427FL\Administrator 
{Whiskey.Core.Logging.OperatingLog}

[2017-08-28 09:58:40.955] INFO  Whiskey.Core.Data.Entity.CodeFirstDbContext 60 USER-20160427FL\Administrator 
{Whiskey.Core.Logging.OperatingLog}

[2017-08-28 09:58:40.965] INFO  Whiskey.Core.Data.Entity.CodeFirstDbContext 60 USER-20160427FL\Administrator 
{Whiskey.Core.Logging.OperatingLog}

[2017-08-28 09:58:42.549] INFO  Whiskey.Core.Data.Entity.CodeFirstDbContext 65 USER-20160427FL\Administrator 
{Whiskey.Core.Logging.OperatingLog}

[2017-08-28 09:58:42.559] INFO  Whiskey.Core.Data.Entity.CodeFirstDbContext 65 USER-20160427FL\Administrator 
{Whiskey.Core.Logging.OperatingLog}

[2017-08-28 09:58:44.218] INFO  Whiskey.Core.Data.Entity.CodeFirstDbContext 60 USER-20160427FL\Administrator 
{Whiskey.Core.Logging.OperatingLog}

[2017-08-28 09:58:44.283] INFO  Whiskey.Core.Data.Entity.CodeFirstDbContext 60 USER-20160427FL\Administrator 
{Whiskey.Core.Logging.OperatingLog}

[2017-08-28 09:58:45.930] INFO  Whiskey.Core.Data.Entity.CodeFirstDbContext 70 USER-20160427FL\Administrator 
{Whiskey.Core.Logging.OperatingLog}

[2017-08-28 09:58:47.701] INFO  Whiskey.Core.Data.Entity.CodeFirstDbContext 71 USER-20160427FL\Administrator 
{Whiskey.Core.Logging.OperatingLog, Whiskey.Core.Logging.OperatingLog}

[2017-08-28 09:58:47.713] INFO  Whiskey.Core.Data.Entity.CodeFirstDbContext 71 USER-20160427FL\Administrator 
{Whiskey.Core.Logging.OperatingLog}

[2017-08-28 09:58:49.578] INFO  Whiskey.Core.Data.Entity.CodeFirstDbContext 70 USER-20160427FL\Administrator 
{Whiskey.Core.Logging.OperatingLog}

[2017-08-28 09:58:49.594] INFO  Whiskey.Core.Data.Entity.CodeFirstDbContext 70 USER-20160427FL\Administrator 
{Whiskey.Core.Logging.OperatingLog}

[2017-08-28 09:58:51.402] INFO  Whiskey.Core.Data.Entity.CodeFirstDbContext 63 USER-20160427FL\Administrator 
{Whiskey.Core.Logging.OperatingLog}

[2017-08-28 09:58:51.414] INFO  Whiskey.Core.Data.Entity.CodeFirstDbContext 63 USER-20160427FL\Administrator 
{Whiskey.Core.Logging.OperatingLog}

[2017-08-28 09:58:53.199] INFO  Whiskey.Core.Data.Entity.CodeFirstDbContext 69 USER-20160427FL\Administrator 
{Whiskey.Core.Logging.OperatingLog}

[2017-08-28 09:58:53.211] INFO  Whiskey.Core.Data.Entity.CodeFirstDbContext 69 USER-20160427FL\Administrator 
{Whiskey.Core.Logging.OperatingLog}

[2017-08-28 09:58:55.112] INFO  Whiskey.Core.Data.Entity.CodeFirstDbContext 63 USER-20160427FL\Administrator 
{Whiskey.Core.Logging.OperatingLog}

[2017-08-28 09:58:55.124] INFO  Whiskey.Core.Data.Entity.CodeFirstDbContext 63 USER-20160427FL\Administrator 
{Whiskey.Core.Logging.OperatingLog}

[2017-08-28 09:58:56.957] INFO  Whiskey.Core.Data.Entity.CodeFirstDbContext 71 USER-20160427FL\Administrator 
{Whiskey.Core.Logging.OperatingLog}

[2017-08-28 09:58:56.969] INFO  Whiskey.Core.Data.Entity.CodeFirstDbContext 71 USER-20160427FL\Administrator 
{Whiskey.Core.Logging.OperatingLog}

[2017-08-28 09:58:58.813] INFO  Whiskey.Core.Data.Entity.CodeFirstDbContext 60 USER-20160427FL\Administrator 
{Whiskey.Core.Logging.OperatingLog}

[2017-08-28 09:58:58.824] INFO  Whiskey.Core.Data.Entity.CodeFirstDbContext 60 USER-20160427FL\Administrator 
{Whiskey.Core.Logging.OperatingLog}

[2017-08-28 09:59:01.038] INFO  Whiskey.Core.Data.Entity.CodeFirstDbContext 63 USER-20160427FL\Administrator 
{Whiskey.Core.Logging.OperatingLog}

[2017-08-28 09:59:01.055] INFO  Whiskey.Core.Data.Entity.CodeFirstDbContext 63 USER-20160427FL\Administrator 
{Whiskey.Core.Logging.OperatingLog}

[2017-08-28 09:59:03.147] INFO  Whiskey.Core.Data.Entity.CodeFirstDbContext 66 USER-20160427FL\Administrator 
{Whiskey.Core.Logging.OperatingLog, Whiskey.Core.Logging.OperatingLog}

[2017-08-28 09:59:03.159] INFO  Whiskey.Core.Data.Entity.CodeFirstDbContext 66 USER-20160427FL\Administrator 
{Whiskey.Core.Logging.OperatingLog}

[2017-08-28 09:59:05.037] INFO  Whiskey.Core.Data.Entity.CodeFirstDbContext 60 USER-20160427FL\Administrator 
{Whiskey.Core.Logging.OperatingLog}

[2017-08-28 09:59:05.047] INFO  Whiskey.Core.Data.Entity.CodeFirstDbContext 60 USER-20160427FL\Administrator 
{Whiskey.Core.Logging.OperatingLog}

[2017-08-28 09:59:06.709] INFO  Whiskey.Core.Data.Entity.CodeFirstDbContext 70 USER-20160427FL\Administrator 
{Whiskey.Core.Logging.OperatingLog}

[2017-08-28 09:59:06.721] INFO  Whiskey.Core.Data.Entity.CodeFirstDbContext 70 USER-20160427FL\Administrator 
{Whiskey.Core.Logging.OperatingLog}

[2017-08-28 09:59:08.297] INFO  Whiskey.Core.Data.Entity.CodeFirstDbContext 69 USER-20160427FL\Administrator 
{Whiskey.Core.Logging.OperatingLog}

[2017-08-28 09:59:08.311] INFO  Whiskey.Core.Data.Entity.CodeFirstDbContext 69 USER-20160427FL\Administrator 
{Whiskey.Core.Logging.OperatingLog}

[2017-08-28 09:59:09.988] INFO  Whiskey.Core.Data.Entity.CodeFirstDbContext 66 USER-20160427FL\Administrator 
{Whiskey.Core.Logging.OperatingLog}

[2017-08-28 09:59:09.998] INFO  Whiskey.Core.Data.Entity.CodeFirstDbContext 66 USER-20160427FL\Administrator 
{Whiskey.Core.Logging.OperatingLog}

[2017-08-28 09:59:11.692] INFO  Whiskey.Core.Data.Entity.CodeFirstDbContext 60 USER-20160427FL\Administrator 
{Whiskey.Core.Logging.OperatingLog}

[2017-08-28 09:59:11.704] INFO  Whiskey.Core.Data.Entity.CodeFirstDbContext 60 USER-20160427FL\Administrator 
{Whiskey.Core.Logging.OperatingLog}

[2017-08-28 09:59:13.501] INFO  Whiskey.Core.Data.Entity.CodeFirstDbContext 63 USER-20160427FL\Administrator 
{Whiskey.Core.Logging.OperatingLog}

[2017-08-28 09:59:13.513] INFO  Whiskey.Core.Data.Entity.CodeFirstDbContext 63 USER-20160427FL\Administrator 
{Whiskey.Core.Logging.OperatingLog}

[2017-08-28 09:59:15.364] INFO  Whiskey.Core.Data.Entity.CodeFirstDbContext 60 USER-20160427FL\Administrator 
{Whiskey.Core.Logging.OperatingLog}

[2017-08-28 09:59:15.377] INFO  Whiskey.Core.Data.Entity.CodeFirstDbContext 60 USER-20160427FL\Administrator 
{Whiskey.Core.Logging.OperatingLog}

[2017-08-28 09:59:17.162] INFO  Whiskey.Core.Data.Entity.CodeFirstDbContext 69 USER-20160427FL\Administrator 
{Whiskey.Core.Logging.OperatingLog}

[2017-08-28 09:59:17.175] INFO  Whiskey.Core.Data.Entity.CodeFirstDbContext 69 USER-20160427FL\Administrator 
{Whiskey.Core.Logging.OperatingLog}

[2017-08-28 09:59:18.996] INFO  Whiskey.Core.Data.Entity.CodeFirstDbContext 60 USER-20160427FL\Administrator 
{Whiskey.Core.Logging.OperatingLog}

[2017-08-28 09:59:19.040] INFO  Whiskey.Core.Data.Entity.CodeFirstDbContext 60 USER-20160427FL\Administrator 
{Whiskey.Core.Logging.OperatingLog}

[2017-08-28 09:59:20.795] INFO  Whiskey.Core.Data.Entity.CodeFirstDbContext 69 USER-20160427FL\Administrator 
{Whiskey.Core.Logging.OperatingLog}

[2017-08-28 09:59:20.810] INFO  Whiskey.Core.Data.Entity.CodeFirstDbContext 69 USER-20160427FL\Administrator 
{Whiskey.Core.Logging.OperatingLog}

[2017-08-28 09:59:22.640] INFO  Whiskey.Core.Data.Entity.CodeFirstDbContext 67 USER-20160427FL\Administrator 
{Whiskey.Core.Logging.OperatingLog}

[2017-08-28 09:59:22.651] INFO  Whiskey.Core.Data.Entity.CodeFirstDbContext 67 USER-20160427FL\Administrator 
{Whiskey.Core.Logging.OperatingLog}

[2017-08-28 09:59:24.489] INFO  Whiskey.Core.Data.Entity.CodeFirstDbContext 60 USER-20160427FL\Administrator 
{Whiskey.Core.Logging.OperatingLog}

[2017-08-28 09:59:24.503] INFO  Whiskey.Core.Data.Entity.CodeFirstDbContext 60 USER-20160427FL\Administrator 
{Whiskey.Core.Logging.OperatingLog}

[2017-08-28 09:59:26.376] INFO  Whiskey.Core.Data.Entity.CodeFirstDbContext 70 USER-20160427FL\Administrator 
{Whiskey.Core.Logging.OperatingLog}

[2017-08-28 09:59:26.388] INFO  Whiskey.Core.Data.Entity.CodeFirstDbContext 70 USER-20160427FL\Administrator 
{Whiskey.Core.Logging.OperatingLog}

[2017-08-28 09:59:28.110] INFO  Whiskey.Core.Data.Entity.CodeFirstDbContext 69 USER-20160427FL\Administrator 
{Whiskey.Core.Logging.OperatingLog}

[2017-08-28 09:59:28.121] INFO  Whiskey.Core.Data.Entity.CodeFirstDbContext 69 USER-20160427FL\Administrator 
{Whiskey.Core.Logging.OperatingLog}

[2017-08-28 09:59:30.036] INFO  Whiskey.Core.Data.Entity.CodeFirstDbContext 60 USER-20160427FL\Administrator 
{Whiskey.Core.Logging.OperatingLog}

[2017-08-28 09:59:30.049] INFO  Whiskey.Core.Data.Entity.CodeFirstDbContext 60 USER-20160427FL\Administrator 
{Whiskey.Core.Logging.OperatingLog}

[2017-08-28 09:59:31.919] INFO  Whiskey.Core.Data.Entity.CodeFirstDbContext 65 USER-20160427FL\Administrator 
{Whiskey.Core.Logging.OperatingLog}

[2017-08-28 09:59:31.933] INFO  Whiskey.Core.Data.Entity.CodeFirstDbContext 65 USER-20160427FL\Administrator 
{Whiskey.Core.Logging.OperatingLog}

[2017-08-28 09:59:33.658] INFO  Whiskey.Core.Data.Entity.CodeFirstDbContext 67 USER-20160427FL\Administrator 
{Whiskey.Core.Logging.OperatingLog}

[2017-08-28 09:59:33.669] INFO  Whiskey.Core.Data.Entity.CodeFirstDbContext 67 USER-20160427FL\Administrator 
{Whiskey.Core.Logging.OperatingLog}

[2017-08-28 09:59:35.298] INFO  Whiskey.Core.Data.Entity.CodeFirstDbContext 63 USER-20160427FL\Administrator 
{Whiskey.Core.Logging.OperatingLog}

[2017-08-28 09:59:35.309] INFO  Whiskey.Core.Data.Entity.CodeFirstDbContext 63 USER-20160427FL\Administrator 
{Whiskey.Core.Logging.OperatingLog}

[2017-08-28 09:59:36.974] INFO  Whiskey.Core.Data.Entity.CodeFirstDbContext 71 USER-20160427FL\Administrator 
{Whiskey.Core.Logging.OperatingLog}

[2017-08-28 09:59:36.985] INFO  Whiskey.Core.Data.Entity.CodeFirstDbContext 71 USER-20160427FL\Administrator 
{Whiskey.Core.Logging.OperatingLog}

[2017-08-28 09:59:38.587] INFO  Whiskey.Core.Data.Entity.CodeFirstDbContext 63 USER-20160427FL\Administrator 
{Whiskey.Core.Logging.OperatingLog}

[2017-08-28 09:59:38.597] INFO  Whiskey.Core.Data.Entity.CodeFirstDbContext 63 USER-20160427FL\Administrator 
{Whiskey.Core.Logging.OperatingLog}

[2017-08-28 09:59:40.294] INFO  Whiskey.Core.Data.Entity.CodeFirstDbContext 65 USER-20160427FL\Administrator 
{Whiskey.Core.Logging.OperatingLog}

[2017-08-28 09:59:40.305] INFO  Whiskey.Core.Data.Entity.CodeFirstDbContext 65 USER-20160427FL\Administrator 
{Whiskey.Core.Logging.OperatingLog}

[2017-08-28 09:59:41.868] INFO  Whiskey.Core.Data.Entity.CodeFirstDbContext 60 USER-20160427FL\Administrator 
{Whiskey.Core.Logging.OperatingLog}

[2017-08-28 09:59:41.886] INFO  Whiskey.Core.Data.Entity.CodeFirstDbContext 60 USER-20160427FL\Administrator 
{Whiskey.Core.Logging.OperatingLog}

[2017-08-28 09:59:43.728] INFO  Whiskey.Core.Data.Entity.CodeFirstDbContext 66 USER-20160427FL\Administrator 
{Whiskey.Core.Logging.OperatingLog}

[2017-08-28 09:59:43.741] INFO  Whiskey.Core.Data.Entity.CodeFirstDbContext 66 USER-20160427FL\Administrator 
{Whiskey.Core.Logging.OperatingLog}

[2017-08-28 09:59:45.562] INFO  Whiskey.Core.Data.Entity.CodeFirstDbContext 67 USER-20160427FL\Administrator 
{Whiskey.Core.Logging.OperatingLog}

[2017-08-28 09:59:45.573] INFO  Whiskey.Core.Data.Entity.CodeFirstDbContext 67 USER-20160427FL\Administrator 
{Whiskey.Core.Logging.OperatingLog}

[2017-08-28 09:59:47.276] INFO  Whiskey.Core.Data.Entity.CodeFirstDbContext 60 USER-20160427FL\Administrator 
{Whiskey.Core.Logging.OperatingLog}

[2017-08-28 09:59:47.287] INFO  Whiskey.Core.Data.Entity.CodeFirstDbContext 60 USER-20160427FL\Administrator 
{Whiskey.Core.Logging.OperatingLog}

[2017-08-28 09:59:48.982] INFO  Whiskey.Core.Data.Entity.CodeFirstDbContext 65 USER-20160427FL\Administrator 
{Whiskey.Core.Logging.OperatingLog}

[2017-08-28 09:59:48.997] INFO  Whiskey.Core.Data.Entity.CodeFirstDbContext 65 USER-20160427FL\Administrator 
{Whiskey.Core.Logging.OperatingLog}

[2017-08-28 09:59:50.583] INFO  Whiskey.Core.Data.Entity.CodeFirstDbContext 63 USER-20160427FL\Administrator 
{Whiskey.Core.Logging.OperatingLog}

[2017-08-28 09:59:50.594] INFO  Whiskey.Core.Data.Entity.CodeFirstDbContext 63 USER-20160427FL\Administrator 
{Whiskey.Core.Logging.OperatingLog}

[2017-08-28 09:59:52.188] INFO  Whiskey.Core.Data.Entity.CodeFirstDbContext 65 USER-20160427FL\Administrator 
{Whiskey.Core.Logging.OperatingLog}

[2017-08-28 09:59:52.236] INFO  Whiskey.Core.Data.Entity.CodeFirstDbContext 65 USER-20160427FL\Administrator 
{Whiskey.Core.Logging.OperatingLog}

[2017-08-28 09:59:53.827] INFO  Whiskey.Core.Data.Entity.CodeFirstDbContext 66 USER-20160427FL\Administrator 
{Whiskey.Core.Logging.OperatingLog}

[2017-08-28 09:59:53.838] INFO  Whiskey.Core.Data.Entity.CodeFirstDbContext 66 USER-20160427FL\Administrator 
{Whiskey.Core.Logging.OperatingLog}

[2017-08-28 09:59:55.491] INFO  Whiskey.Core.Data.Entity.CodeFirstDbContext 63 USER-20160427FL\Administrator 
{Whiskey.Core.Logging.OperatingLog}

[2017-08-28 09:59:55.501] INFO  Whiskey.Core.Data.Entity.CodeFirstDbContext 63 USER-20160427FL\Administrator 
{Whiskey.Core.Logging.OperatingLog}

[2017-08-28 09:59:57.081] INFO  Whiskey.Core.Data.Entity.CodeFirstDbContext 63 USER-20160427FL\Administrator 
{Whiskey.Core.Logging.OperatingLog}

[2017-08-28 09:59:57.095] INFO  Whiskey.Core.Data.Entity.CodeFirstDbContext 63 USER-20160427FL\Administrator 
{Whiskey.Core.Logging.OperatingLog}

[2017-08-28 09:59:58.720] INFO  Whiskey.Core.Data.Entity.CodeFirstDbContext 71 USER-20160427FL\Administrator 
{Whiskey.Core.Logging.OperatingLog}

[2017-08-28 09:59:58.733] INFO  Whiskey.Core.Data.Entity.CodeFirstDbContext 71 USER-20160427FL\Administrator 
{Whiskey.Core.Logging.OperatingLog}
