
[2017-07-11 16:22:35.618] INFO  Whiskey.Core.Data.Entity.CodeFirstDbContext 13 USER-20160427FL\Administrator 
{Whiskey.Core.Logging.OperatingLog}

[2017-07-11 16:22:35.746] INFO  Whiskey.Core.Data.Entity.CodeFirstDbContext 13 USER-20160427FL\Administrator 
{Whiskey.Core.Logging.OperatingLog}

[2017-07-11 16:22:36.597] INFO  Whiskey.Core.Data.Entity.CodeFirstDbContext 9 USER-20160427FL\Administrator 
{Whiskey.Core.Logging.OperatingLog}

[2017-07-11 16:22:37.374] INFO  Whiskey.Core.Data.Entity.CodeFirstDbContext 9 USER-20160427FL\Administrator 
{Whiskey.Core.Logging.OperatingLog}

[2017-07-11 16:22:38.115] INFO  Whiskey.Core.Data.Entity.CodeFirstDbContext 5 USER-20160427FL\Administrator 
{Whiskey.Core.Logging.OperatingLog}

[2017-07-11 16:22:38.798] INFO  Whiskey.Core.Data.Entity.CodeFirstDbContext 5 USER-20160427FL\Administrator 
{Whiskey.Core.Logging.OperatingLog}

[2017-07-11 16:22:39.517] INFO  Whiskey.Core.Data.Entity.CodeFirstDbContext 5 USER-20160427FL\Administrator 
{Whiskey.Core.Logging.OperatingLog}

[2017-07-11 16:22:40.182] INFO  Whiskey.Core.Data.Entity.CodeFirstDbContext 9 USER-20160427FL\Administrator 
{Whiskey.Core.Logging.OperatingLog}

[2017-07-11 16:22:40.945] INFO  Whiskey.Core.Data.Entity.CodeFirstDbContext 9 USER-20160427FL\Administrator 
{Whiskey.Core.Logging.OperatingLog}

[2017-07-11 16:22:41.663] INFO  Whiskey.Core.Data.Entity.CodeFirstDbContext 17 USER-20160427FL\Administrator 
{Whiskey.Core.Logging.OperatingLog}

[2017-07-11 16:22:42.301] INFO  Whiskey.Core.Data.Entity.CodeFirstDbContext 16 USER-20160427FL\Administrator 
{Whiskey.Core.Logging.OperatingLog}

[2017-07-11 16:22:42.954] INFO  Whiskey.Core.Data.Entity.CodeFirstDbContext 5 USER-20160427FL\Administrator 
{Whiskey.Core.Logging.OperatingLog}

[2017-07-11 16:22:43.567] INFO  Whiskey.Core.Data.Entity.CodeFirstDbContext 5 USER-20160427FL\Administrator 
{Whiskey.Core.Logging.OperatingLog}

[2017-07-11 16:22:44.160] INFO  Whiskey.Core.Data.Entity.CodeFirstDbContext 8 USER-20160427FL\Administrator 
{Whiskey.Core.Logging.OperatingLog}

[2017-07-11 16:22:44.807] INFO  Whiskey.Core.Data.Entity.CodeFirstDbContext 10 USER-20160427FL\Administrator 
{Whiskey.Core.Logging.OperatingLog}

[2017-07-11 16:22:45.424] INFO  Whiskey.Core.Data.Entity.CodeFirstDbContext 10 USER-20160427FL\Administrator 
{Whiskey.Core.Logging.OperatingLog}

[2017-07-11 16:22:46.145] INFO  Whiskey.Core.Data.Entity.CodeFirstDbContext 13 USER-20160427FL\Administrator 
{Whiskey.Core.Logging.OperatingLog}

[2017-07-11 16:22:46.862] INFO  Whiskey.Core.Data.Entity.CodeFirstDbContext 8 USER-20160427FL\Administrator 
{Whiskey.Core.Logging.OperatingLog}

[2017-07-11 16:22:47.463] INFO  Whiskey.Core.Data.Entity.CodeFirstDbContext 9 USER-20160427FL\Administrator 
{Whiskey.Core.Logging.OperatingLog}

[2017-07-11 16:22:48.187] INFO  Whiskey.Core.Data.Entity.CodeFirstDbContext 7 USER-20160427FL\Administrator 
{Whiskey.Core.Logging.OperatingLog}

[2017-07-11 16:22:48.771] INFO  Whiskey.Core.Data.Entity.CodeFirstDbContext 18 USER-20160427FL\Administrator 
{Whiskey.Core.Logging.OperatingLog}

[2017-07-11 16:22:49.572] INFO  Whiskey.Core.Data.Entity.CodeFirstDbContext 18 USER-20160427FL\Administrator 
{Whiskey.Core.Logging.OperatingLog}

[2017-07-11 16:22:50.269] INFO  Whiskey.Core.Data.Entity.CodeFirstDbContext 18 USER-20160427FL\Administrator 
{Whiskey.Core.Logging.OperatingLog}

[2017-07-11 16:22:50.881] INFO  Whiskey.Core.Data.Entity.CodeFirstDbContext 9 USER-20160427FL\Administrator 
{Whiskey.Core.Logging.OperatingLog}

[2017-07-11 16:22:51.599] INFO  Whiskey.Core.Data.Entity.CodeFirstDbContext 18 USER-20160427FL\Administrator 
{Whiskey.Core.Logging.OperatingLog}

[2017-07-11 16:22:52.228] INFO  Whiskey.Core.Data.Entity.CodeFirstDbContext 7 USER-20160427FL\Administrator 
{Whiskey.Core.Logging.OperatingLog}

[2017-07-11 16:22:52.906] INFO  Whiskey.Core.Data.Entity.CodeFirstDbContext 16 USER-20160427FL\Administrator 
{Whiskey.Core.Logging.OperatingLog}

[2017-07-11 16:22:53.642] INFO  Whiskey.Core.Data.Entity.CodeFirstDbContext 17 USER-20160427FL\Administrator 
{Whiskey.Core.Logging.OperatingLog}

[2017-07-11 16:22:54.258] INFO  Whiskey.Core.Data.Entity.CodeFirstDbContext 13 USER-20160427FL\Administrator 
{Whiskey.Core.Logging.OperatingLog}

[2017-07-11 16:22:55.177] INFO  Whiskey.Core.Data.Entity.CodeFirstDbContext 9 USER-20160427FL\Administrator 
{Whiskey.Core.Logging.OperatingLog}

[2017-07-11 16:22:55.962] INFO  Whiskey.Core.Data.Entity.CodeFirstDbContext 13 USER-20160427FL\Administrator 
{Whiskey.Core.Logging.OperatingLog}

[2017-07-11 16:22:56.791] INFO  Whiskey.Core.Data.Entity.CodeFirstDbContext 5 USER-20160427FL\Administrator 
{Whiskey.Core.Logging.OperatingLog}

[2017-07-11 16:22:57.400] INFO  Whiskey.Core.Data.Entity.CodeFirstDbContext 5 USER-20160427FL\Administrator 
{Whiskey.Core.Logging.OperatingLog}

[2017-07-11 16:22:58.159] INFO  Whiskey.Core.Data.Entity.CodeFirstDbContext 5 USER-20160427FL\Administrator 
{Whiskey.Core.Logging.OperatingLog}

[2017-07-11 16:22:58.862] INFO  Whiskey.Core.Data.Entity.CodeFirstDbContext 7 USER-20160427FL\Administrator 
{Whiskey.Core.Logging.OperatingLog}

[2017-07-11 16:22:59.476] INFO  Whiskey.Core.Data.Entity.CodeFirstDbContext 5 USER-20160427FL\Administrator 
{Whiskey.Core.Logging.OperatingLog}

[2017-07-11 16:23:00.484] INFO  Whiskey.Core.Data.Entity.CodeFirstDbContext 17 USER-20160427FL\Administrator 
{Whiskey.Core.Logging.OperatingLog}

[2017-07-11 16:23:01.084] INFO  Whiskey.Core.Data.Entity.CodeFirstDbContext 5 USER-20160427FL\Administrator 
{Whiskey.Core.Logging.OperatingLog}

[2017-07-11 16:23:01.786] INFO  Whiskey.Core.Data.Entity.CodeFirstDbContext 17 USER-20160427FL\Administrator 
{Whiskey.Core.Logging.OperatingLog}

[2017-07-11 16:23:02.494] INFO  Whiskey.Core.Data.Entity.CodeFirstDbContext 17 USER-20160427FL\Administrator 
{Whiskey.Core.Logging.OperatingLog}

[2017-07-11 16:23:03.528] INFO  Whiskey.Core.Data.Entity.CodeFirstDbContext 18 USER-20160427FL\Administrator 
{Whiskey.Core.Logging.OperatingLog}

[2017-07-11 16:23:04.226] INFO  Whiskey.Core.Data.Entity.CodeFirstDbContext 18 USER-20160427FL\Administrator 
{Whiskey.Core.Logging.OperatingLog}

[2017-07-11 16:23:04.935] INFO  Whiskey.Core.Data.Entity.CodeFirstDbContext 9 USER-20160427FL\Administrator 
{Whiskey.Core.Logging.OperatingLog}

[2017-07-11 16:23:05.707] INFO  Whiskey.Core.Data.Entity.CodeFirstDbContext 9 USER-20160427FL\Administrator 
{Whiskey.Core.Logging.OperatingLog}

[2017-07-11 16:23:06.382] INFO  Whiskey.Core.Data.Entity.CodeFirstDbContext 18 USER-20160427FL\Administrator 
{Whiskey.Core.Logging.OperatingLog}

[2017-07-11 16:23:06.890] INFO  Whiskey.Core.Data.Entity.CodeFirstDbContext 18 USER-20160427FL\Administrator 
{Whiskey.Core.Logging.OperatingLog}

[2017-07-11 16:23:07.583] INFO  Whiskey.Core.Data.Entity.CodeFirstDbContext 9 USER-20160427FL\Administrator 
{Whiskey.Core.Logging.OperatingLog}

[2017-07-11 16:23:08.195] INFO  Whiskey.Core.Data.Entity.CodeFirstDbContext 9 USER-20160427FL\Administrator 
{Whiskey.Core.Logging.OperatingLog}

[2017-07-11 16:23:09.012] INFO  Whiskey.Core.Data.Entity.CodeFirstDbContext 18 USER-20160427FL\Administrator 
{Whiskey.Core.Logging.OperatingLog}

[2017-07-11 16:23:09.801] INFO  Whiskey.Core.Data.Entity.CodeFirstDbContext 9 USER-20160427FL\Administrator 
{Whiskey.Core.Logging.OperatingLog}

[2017-07-11 16:23:10.453] INFO  Whiskey.Core.Data.Entity.CodeFirstDbContext 7 USER-20160427FL\Administrator 
{Whiskey.Core.Logging.OperatingLog}

[2017-07-11 16:23:11.230] INFO  Whiskey.Core.Data.Entity.CodeFirstDbContext 18 USER-20160427FL\Administrator 
{Whiskey.Core.Logging.OperatingLog}

[2017-07-11 16:23:11.914] INFO  Whiskey.Core.Data.Entity.CodeFirstDbContext 9 USER-20160427FL\Administrator 
{Whiskey.Core.Logging.OperatingLog}

[2017-07-11 16:23:12.551] INFO  Whiskey.Core.Data.Entity.CodeFirstDbContext 18 USER-20160427FL\Administrator 
{Whiskey.Core.Logging.OperatingLog}

[2017-07-11 16:23:13.366] INFO  Whiskey.Core.Data.Entity.CodeFirstDbContext 8 USER-20160427FL\Administrator 
{Whiskey.Core.Logging.OperatingLog}

[2017-07-11 16:23:14.113] INFO  Whiskey.Core.Data.Entity.CodeFirstDbContext 8 USER-20160427FL\Administrator 
{Whiskey.Core.Logging.OperatingLog}

[2017-07-11 16:23:14.920] INFO  Whiskey.Core.Data.Entity.CodeFirstDbContext 18 USER-20160427FL\Administrator 
{Whiskey.Core.Logging.OperatingLog}

[2017-07-11 16:23:15.646] INFO  Whiskey.Core.Data.Entity.CodeFirstDbContext 18 USER-20160427FL\Administrator 
{Whiskey.Core.Logging.OperatingLog}

[2017-07-11 16:23:16.296] INFO  Whiskey.Core.Data.Entity.CodeFirstDbContext 16 USER-20160427FL\Administrator 
{Whiskey.Core.Logging.OperatingLog}

[2017-07-11 16:23:16.932] INFO  Whiskey.Core.Data.Entity.CodeFirstDbContext 13 USER-20160427FL\Administrator 
{Whiskey.Core.Logging.OperatingLog}

[2017-07-11 16:23:17.557] INFO  Whiskey.Core.Data.Entity.CodeFirstDbContext 8 USER-20160427FL\Administrator 
{Whiskey.Core.Logging.OperatingLog}

[2017-07-11 16:23:18.379] INFO  Whiskey.Core.Data.Entity.CodeFirstDbContext 13 USER-20160427FL\Administrator 
{Whiskey.Core.Logging.OperatingLog}

[2017-07-11 16:23:19.089] INFO  Whiskey.Core.Data.Entity.CodeFirstDbContext 7 USER-20160427FL\Administrator 
{Whiskey.Core.Logging.OperatingLog}

[2017-07-11 16:23:19.899] INFO  Whiskey.Core.Data.Entity.CodeFirstDbContext 16 USER-20160427FL\Administrator 
{Whiskey.Core.Logging.OperatingLog}

[2017-07-11 16:23:20.734] INFO  Whiskey.Core.Data.Entity.CodeFirstDbContext 16 USER-20160427FL\Administrator 
{Whiskey.Core.Logging.OperatingLog}

[2017-07-11 16:23:21.637] INFO  Whiskey.Core.Data.Entity.CodeFirstDbContext 9 USER-20160427FL\Administrator 
{Whiskey.Core.Logging.OperatingLog}

[2017-07-11 16:23:22.359] INFO  Whiskey.Core.Data.Entity.CodeFirstDbContext 10 USER-20160427FL\Administrator 
{Whiskey.Core.Logging.OperatingLog}

[2017-07-11 16:23:22.982] INFO  Whiskey.Core.Data.Entity.CodeFirstDbContext 13 USER-20160427FL\Administrator 
{Whiskey.Core.Logging.OperatingLog}

[2017-07-11 16:23:23.798] INFO  Whiskey.Core.Data.Entity.CodeFirstDbContext 8 USER-20160427FL\Administrator 
{Whiskey.Core.Logging.OperatingLog}

[2017-07-11 16:23:24.443] INFO  Whiskey.Core.Data.Entity.CodeFirstDbContext 17 USER-20160427FL\Administrator 
{Whiskey.Core.Logging.OperatingLog}

[2017-07-11 16:23:25.317] INFO  Whiskey.Core.Data.Entity.CodeFirstDbContext 8 USER-20160427FL\Administrator 
{Whiskey.Core.Logging.OperatingLog}

[2017-07-11 16:23:25.918] INFO  Whiskey.Core.Data.Entity.CodeFirstDbContext 16 USER-20160427FL\Administrator 
{Whiskey.Core.Logging.OperatingLog}

[2017-07-11 16:23:26.598] INFO  Whiskey.Core.Data.Entity.CodeFirstDbContext 7 USER-20160427FL\Administrator 
{Whiskey.Core.Logging.OperatingLog}

[2017-07-11 16:23:27.180] INFO  Whiskey.Core.Data.Entity.CodeFirstDbContext 16 USER-20160427FL\Administrator 
{Whiskey.Core.Logging.OperatingLog}

[2017-07-11 16:23:27.874] INFO  Whiskey.Core.Data.Entity.CodeFirstDbContext 18 USER-20160427FL\Administrator 
{Whiskey.Core.Logging.OperatingLog}

[2017-07-11 16:23:28.445] INFO  Whiskey.Core.Data.Entity.CodeFirstDbContext 8 USER-20160427FL\Administrator 
{Whiskey.Core.Logging.OperatingLog}

[2017-07-11 16:23:29.326] INFO  Whiskey.Core.Data.Entity.CodeFirstDbContext 17 USER-20160427FL\Administrator 
{Whiskey.Core.Logging.OperatingLog}

[2017-07-11 16:23:30.014] INFO  Whiskey.Core.Data.Entity.CodeFirstDbContext 13 USER-20160427FL\Administrator 
{Whiskey.Core.Logging.OperatingLog}

[2017-07-11 16:23:30.793] INFO  Whiskey.Core.Data.Entity.CodeFirstDbContext 17 USER-20160427FL\Administrator 
{Whiskey.Core.Logging.OperatingLog}

[2017-07-11 16:23:31.544] INFO  Whiskey.Core.Data.Entity.CodeFirstDbContext 8 USER-20160427FL\Administrator 
{Whiskey.Core.Logging.OperatingLog}

[2017-07-11 16:23:32.053] INFO  Whiskey.Core.Data.Entity.CodeFirstDbContext 18 USER-20160427FL\Administrator 
{Whiskey.Core.Logging.OperatingLog}

[2017-07-11 16:23:32.785] INFO  Whiskey.Core.Data.Entity.CodeFirstDbContext 13 USER-20160427FL\Administrator 
{Whiskey.Core.Logging.OperatingLog}

[2017-07-11 16:23:33.365] INFO  Whiskey.Core.Data.Entity.CodeFirstDbContext 10 USER-20160427FL\Administrator 
{Whiskey.Core.Logging.OperatingLog}

[2017-07-11 16:23:34.378] INFO  Whiskey.Core.Data.Entity.CodeFirstDbContext 10 USER-20160427FL\Administrator 
{Whiskey.Core.Logging.OperatingLog}

[2017-07-11 16:23:34.926] INFO  Whiskey.Core.Data.Entity.CodeFirstDbContext 7 USER-20160427FL\Administrator 
{Whiskey.Core.Logging.OperatingLog}

[2017-07-11 16:23:35.690] INFO  Whiskey.Core.Data.Entity.CodeFirstDbContext 7 USER-20160427FL\Administrator 
{Whiskey.Core.Logging.OperatingLog}

[2017-07-11 16:23:36.341] INFO  Whiskey.Core.Data.Entity.CodeFirstDbContext 9 USER-20160427FL\Administrator 
{Whiskey.Core.Logging.OperatingLog}

[2017-07-11 16:23:37.002] INFO  Whiskey.Core.Data.Entity.CodeFirstDbContext 16 USER-20160427FL\Administrator 
{Whiskey.Core.Logging.OperatingLog}

[2017-07-11 16:23:37.752] INFO  Whiskey.Core.Data.Entity.CodeFirstDbContext 8 USER-20160427FL\Administrator 
{Whiskey.Core.Logging.OperatingLog}

[2017-07-11 16:23:38.404] INFO  Whiskey.Core.Data.Entity.CodeFirstDbContext 17 USER-20160427FL\Administrator 
{Whiskey.Core.Logging.OperatingLog}

[2017-07-11 16:23:39.015] INFO  Whiskey.Core.Data.Entity.CodeFirstDbContext 13 USER-20160427FL\Administrator 
{Whiskey.Core.Logging.OperatingLog}

[2017-07-11 16:23:39.738] INFO  Whiskey.Core.Data.Entity.CodeFirstDbContext 8 USER-20160427FL\Administrator 
{Whiskey.Core.Logging.OperatingLog}

[2017-07-11 16:23:40.367] INFO  Whiskey.Core.Data.Entity.CodeFirstDbContext 8 USER-20160427FL\Administrator 
{Whiskey.Core.Logging.OperatingLog}

[2017-07-11 16:23:41.148] INFO  Whiskey.Core.Data.Entity.CodeFirstDbContext 18 USER-20160427FL\Administrator 
{Whiskey.Core.Logging.OperatingLog}

[2017-07-11 16:23:41.883] INFO  Whiskey.Core.Data.Entity.CodeFirstDbContext 9 USER-20160427FL\Administrator 
{Whiskey.Core.Logging.OperatingLog}

[2017-07-11 16:23:42.596] INFO  Whiskey.Core.Data.Entity.CodeFirstDbContext 10 USER-20160427FL\Administrator 
{Whiskey.Core.Logging.OperatingLog}

[2017-07-11 16:23:43.406] INFO  Whiskey.Core.Data.Entity.CodeFirstDbContext 8 USER-20160427FL\Administrator 
{Whiskey.Core.Logging.OperatingLog}

[2017-07-11 16:23:44.231] INFO  Whiskey.Core.Data.Entity.CodeFirstDbContext 5 USER-20160427FL\Administrator 
{Whiskey.Core.Logging.OperatingLog}

[2017-07-11 16:23:44.889] INFO  Whiskey.Core.Data.Entity.CodeFirstDbContext 5 USER-20160427FL\Administrator 
{Whiskey.Core.Logging.OperatingLog}

[2017-07-11 16:23:45.671] INFO  Whiskey.Core.Data.Entity.CodeFirstDbContext 10 USER-20160427FL\Administrator 
{Whiskey.Core.Logging.OperatingLog}

[2017-07-11 16:23:46.365] INFO  Whiskey.Core.Data.Entity.CodeFirstDbContext 7 USER-20160427FL\Administrator 
{Whiskey.Core.Logging.OperatingLog}

[2017-07-11 16:23:46.981] INFO  Whiskey.Core.Data.Entity.CodeFirstDbContext 16 USER-20160427FL\Administrator 
{Whiskey.Core.Logging.OperatingLog}

[2017-07-11 16:23:47.706] INFO  Whiskey.Core.Data.Entity.CodeFirstDbContext 8 USER-20160427FL\Administrator 
{Whiskey.Core.Logging.OperatingLog}

[2017-07-11 16:23:48.450] INFO  Whiskey.Core.Data.Entity.CodeFirstDbContext 10 USER-20160427FL\Administrator 
{Whiskey.Core.Logging.OperatingLog}

[2017-07-11 16:23:49.002] INFO  Whiskey.Core.Data.Entity.CodeFirstDbContext 17 USER-20160427FL\Administrator 
{Whiskey.Core.Logging.OperatingLog}

[2017-07-11 16:23:49.760] INFO  Whiskey.Core.Data.Entity.CodeFirstDbContext 5 USER-20160427FL\Administrator 
{Whiskey.Core.Logging.OperatingLog}

[2017-07-11 16:23:50.348] INFO  Whiskey.Core.Data.Entity.CodeFirstDbContext 9 USER-20160427FL\Administrator 
{Whiskey.Core.Logging.OperatingLog}

[2017-07-11 16:23:51.129] INFO  Whiskey.Core.Data.Entity.CodeFirstDbContext 13 USER-20160427FL\Administrator 
{Whiskey.Core.Logging.OperatingLog}

[2017-07-11 16:23:51.800] INFO  Whiskey.Core.Data.Entity.CodeFirstDbContext 10 USER-20160427FL\Administrator 
{Whiskey.Core.Logging.OperatingLog}

[2017-07-11 16:23:52.397] INFO  Whiskey.Core.Data.Entity.CodeFirstDbContext 8 USER-20160427FL\Administrator 
{Whiskey.Core.Logging.OperatingLog}

[2017-07-11 16:23:53.101] INFO  Whiskey.Core.Data.Entity.CodeFirstDbContext 9 USER-20160427FL\Administrator 
{Whiskey.Core.Logging.OperatingLog}

[2017-07-11 16:23:53.867] INFO  Whiskey.Core.Data.Entity.CodeFirstDbContext 16 USER-20160427FL\Administrator 
{Whiskey.Core.Logging.OperatingLog}

[2017-07-11 16:23:54.510] INFO  Whiskey.Core.Data.Entity.CodeFirstDbContext 16 USER-20160427FL\Administrator 
{Whiskey.Core.Logging.OperatingLog}

[2017-07-11 16:23:55.251] INFO  Whiskey.Core.Data.Entity.CodeFirstDbContext 8 USER-20160427FL\Administrator 
{Whiskey.Core.Logging.OperatingLog}

[2017-07-11 16:23:56.060] INFO  Whiskey.Core.Data.Entity.CodeFirstDbContext 9 USER-20160427FL\Administrator 
{Whiskey.Core.Logging.OperatingLog}

[2017-07-11 16:23:56.783] INFO  Whiskey.Core.Data.Entity.CodeFirstDbContext 16 USER-20160427FL\Administrator 
{Whiskey.Core.Logging.OperatingLog}

[2017-07-11 16:23:57.353] INFO  Whiskey.Core.Data.Entity.CodeFirstDbContext 9 USER-20160427FL\Administrator 
{Whiskey.Core.Logging.OperatingLog}

[2017-07-11 16:23:58.103] INFO  Whiskey.Core.Data.Entity.CodeFirstDbContext 18 USER-20160427FL\Administrator 
{Whiskey.Core.Logging.OperatingLog}

[2017-07-11 16:23:58.655] INFO  Whiskey.Core.Data.Entity.CodeFirstDbContext 8 USER-20160427FL\Administrator 
{Whiskey.Core.Logging.OperatingLog}

[2017-07-11 16:23:59.516] INFO  Whiskey.Core.Data.Entity.CodeFirstDbContext 7 USER-20160427FL\Administrator 
{Whiskey.Core.Logging.OperatingLog}

[2017-07-11 16:24:00.147] INFO  Whiskey.Core.Data.Entity.CodeFirstDbContext 5 USER-20160427FL\Administrator 
{Whiskey.Core.Logging.OperatingLog}

[2017-07-11 16:24:01.057] INFO  Whiskey.Core.Data.Entity.CodeFirstDbContext 9 USER-20160427FL\Administrator 
{Whiskey.Core.Logging.OperatingLog}

[2017-07-11 16:24:01.747] INFO  Whiskey.Core.Data.Entity.CodeFirstDbContext 16 USER-20160427FL\Administrator 
{Whiskey.Core.Logging.OperatingLog}

[2017-07-11 16:24:02.324] INFO  Whiskey.Core.Data.Entity.CodeFirstDbContext 17 USER-20160427FL\Administrator 
{Whiskey.Core.Logging.OperatingLog}

[2017-07-11 16:24:03.103] INFO  Whiskey.Core.Data.Entity.CodeFirstDbContext 16 USER-20160427FL\Administrator 
{Whiskey.Core.Logging.OperatingLog}

[2017-07-11 16:24:03.839] INFO  Whiskey.Core.Data.Entity.CodeFirstDbContext 16 USER-20160427FL\Administrator 
{Whiskey.Core.Logging.OperatingLog}

[2017-07-11 16:24:04.734] INFO  Whiskey.Core.Data.Entity.CodeFirstDbContext 17 USER-20160427FL\Administrator 
{Whiskey.Core.Logging.OperatingLog}

[2017-07-11 16:24:05.634] INFO  Whiskey.Core.Data.Entity.CodeFirstDbContext 18 USER-20160427FL\Administrator 
{Whiskey.Core.Logging.OperatingLog}

[2017-07-11 16:24:06.294] INFO  Whiskey.Core.Data.Entity.CodeFirstDbContext 9 USER-20160427FL\Administrator 
{Whiskey.Core.Logging.OperatingLog}

[2017-07-11 16:24:07.071] INFO  Whiskey.Core.Data.Entity.CodeFirstDbContext 18 USER-20160427FL\Administrator 
{Whiskey.Core.Logging.OperatingLog}

[2017-07-11 16:24:07.826] INFO  Whiskey.Core.Data.Entity.CodeFirstDbContext 9 USER-20160427FL\Administrator 
{Whiskey.Core.Logging.OperatingLog}

[2017-07-11 16:24:08.550] INFO  Whiskey.Core.Data.Entity.CodeFirstDbContext 17 USER-20160427FL\Administrator 
{Whiskey.Core.Logging.OperatingLog}

[2017-07-11 16:24:09.117] INFO  Whiskey.Core.Data.Entity.CodeFirstDbContext 18 USER-20160427FL\Administrator 
{Whiskey.Core.Logging.OperatingLog}

[2017-07-11 16:24:09.867] INFO  Whiskey.Core.Data.Entity.CodeFirstDbContext 18 USER-20160427FL\Administrator 
{Whiskey.Core.Logging.OperatingLog}

[2017-07-11 16:24:10.564] INFO  Whiskey.Core.Data.Entity.CodeFirstDbContext 17 USER-20160427FL\Administrator 
{Whiskey.Core.Logging.OperatingLog}

[2017-07-11 16:24:11.304] INFO  Whiskey.Core.Data.Entity.CodeFirstDbContext 13 USER-20160427FL\Administrator 
{Whiskey.Core.Logging.OperatingLog}

[2017-07-11 16:24:11.885] INFO  Whiskey.Core.Data.Entity.CodeFirstDbContext 13 USER-20160427FL\Administrator 
{Whiskey.Core.Logging.OperatingLog}

[2017-07-11 16:24:12.511] INFO  Whiskey.Core.Data.Entity.CodeFirstDbContext 16 USER-20160427FL\Administrator 
{Whiskey.Core.Logging.OperatingLog}

[2017-07-11 16:24:13.190] INFO  Whiskey.Core.Data.Entity.CodeFirstDbContext 16 USER-20160427FL\Administrator 
{Whiskey.Core.Logging.OperatingLog}

[2017-07-11 16:24:13.820] INFO  Whiskey.Core.Data.Entity.CodeFirstDbContext 16 USER-20160427FL\Administrator 
{Whiskey.Core.Logging.OperatingLog}

[2017-07-11 16:24:14.586] INFO  Whiskey.Core.Data.Entity.CodeFirstDbContext 17 USER-20160427FL\Administrator 
{Whiskey.Core.Logging.OperatingLog}

[2017-07-11 16:24:15.337] INFO  Whiskey.Core.Data.Entity.CodeFirstDbContext 9 USER-20160427FL\Administrator 
{Whiskey.Core.Logging.OperatingLog}

[2017-07-11 16:24:16.062] INFO  Whiskey.Core.Data.Entity.CodeFirstDbContext 9 USER-20160427FL\Administrator 
{Whiskey.Core.Logging.OperatingLog}

[2017-07-11 16:24:16.709] INFO  Whiskey.Core.Data.Entity.CodeFirstDbContext 9 USER-20160427FL\Administrator 
{Whiskey.Core.Logging.OperatingLog}

[2017-07-11 16:24:17.368] INFO  Whiskey.Core.Data.Entity.CodeFirstDbContext 16 USER-20160427FL\Administrator 
{Whiskey.Core.Logging.OperatingLog}

[2017-07-11 16:24:18.005] INFO  Whiskey.Core.Data.Entity.CodeFirstDbContext 10 USER-20160427FL\Administrator 
{Whiskey.Core.Logging.OperatingLog}

[2017-07-11 16:24:18.707] INFO  Whiskey.Core.Data.Entity.CodeFirstDbContext 13 USER-20160427FL\Administrator 
{Whiskey.Core.Logging.OperatingLog}

[2017-07-11 16:24:19.478] INFO  Whiskey.Core.Data.Entity.CodeFirstDbContext 16 USER-20160427FL\Administrator 
{Whiskey.Core.Logging.OperatingLog}

[2017-07-11 16:24:21.410] INFO  Whiskey.Core.Data.Entity.CodeFirstDbContext 10 USER-20160427FL\Administrator 
{Whiskey.Core.Logging.OperatingLog}

[2017-07-11 16:24:23.348] INFO  Whiskey.Core.Data.Entity.CodeFirstDbContext 17 USER-20160427FL\Administrator 
{Whiskey.Core.Logging.OperatingLog}

[2017-07-11 16:24:25.314] INFO  Whiskey.Core.Data.Entity.CodeFirstDbContext 10 USER-20160427FL\Administrator 
{Whiskey.Core.Logging.OperatingLog}

[2017-07-11 16:24:27.205] INFO  Whiskey.Core.Data.Entity.CodeFirstDbContext 17 USER-20160427FL\Administrator 
{Whiskey.Core.Logging.OperatingLog}

[2017-07-11 16:24:27.990] INFO  Whiskey.Core.Data.Entity.CodeFirstDbContext 10 USER-20160427FL\Administrator 
{Whiskey.Core.Logging.OperatingLog}

[2017-07-11 16:24:28.789] INFO  Whiskey.Core.Data.Entity.CodeFirstDbContext 13 USER-20160427FL\Administrator 
{Whiskey.Core.Logging.OperatingLog}

[2017-07-11 16:24:29.481] INFO  Whiskey.Core.Data.Entity.CodeFirstDbContext 10 USER-20160427FL\Administrator 
{Whiskey.Core.Logging.OperatingLog}

[2017-07-11 16:24:30.283] INFO  Whiskey.Core.Data.Entity.CodeFirstDbContext 9 USER-20160427FL\Administrator 
{Whiskey.Core.Logging.OperatingLog}

[2017-07-11 16:24:31.151] INFO  Whiskey.Core.Data.Entity.CodeFirstDbContext 13 USER-20160427FL\Administrator 
{Whiskey.Core.Logging.OperatingLog}

[2017-07-11 16:25:06.740] INFO  Whiskey.Core.Data.Entity.CodeFirstDbContext 9 USER-20160427FL\Administrator 
{Whiskey.Core.Logging.OperatingLog}

[2017-07-11 16:25:07.597] INFO  Whiskey.Core.Data.Entity.CodeFirstDbContext 13 USER-20160427FL\Administrator 
{Whiskey.Core.Logging.OperatingLog}

[2017-07-11 16:25:08.047] INFO  Whiskey.Core.Data.Entity.CodeFirstDbContext 10 USER-20160427FL\Administrator 
{Whiskey.Core.Logging.OperatingLog}

[2017-07-11 16:25:08.319] INFO  Whiskey.Core.Data.Entity.CodeFirstDbContext 10 USER-20160427FL\Administrator 
{Whiskey.Core.Logging.OperatingLog}

[2017-07-11 16:25:09.076] INFO  Whiskey.Core.Data.Entity.CodeFirstDbContext 10 USER-20160427FL\Administrator 
{Whiskey.Core.Logging.OperatingLog}

[2017-07-11 16:25:09.960] INFO  Whiskey.Core.Data.Entity.CodeFirstDbContext 10 USER-20160427FL\Administrator 
{Whiskey.Core.Logging.OperatingLog}

[2017-07-11 16:25:10.508] INFO  Whiskey.Core.Data.Entity.CodeFirstDbContext 9 USER-20160427FL\Administrator 
{Whiskey.Core.Logging.OperatingLog}

[2017-07-11 16:25:11.058] INFO  Whiskey.Core.Data.Entity.CodeFirstDbContext 7 USER-20160427FL\Administrator 
{Whiskey.Core.Logging.OperatingLog}

[2017-07-11 16:25:11.412] INFO  Whiskey.Core.Data.Entity.CodeFirstDbContext 7 USER-20160427FL\Administrator 
{Whiskey.Core.Logging.OperatingLog}

[2017-07-11 16:25:11.850] INFO  Whiskey.Core.Data.Entity.CodeFirstDbContext 9 USER-20160427FL\Administrator 
{Whiskey.Core.Logging.OperatingLog}

[2017-07-11 16:25:12.558] INFO  Whiskey.Core.Data.Entity.CodeFirstDbContext 7 USER-20160427FL\Administrator 
{Whiskey.Core.Logging.OperatingLog}

[2017-07-11 16:25:12.599] INFO  Whiskey.Core.Data.Entity.CodeFirstDbContext 18 USER-20160427FL\Administrator 
{Whiskey.Core.Logging.OperatingLog}

[2017-07-11 16:25:13.282] INFO  Whiskey.Core.Data.Entity.CodeFirstDbContext 9 USER-20160427FL\Administrator 
{Whiskey.Core.Logging.OperatingLog}

[2017-07-11 16:25:14.043] INFO  Whiskey.Core.Data.Entity.CodeFirstDbContext 9 USER-20160427FL\Administrator 
{Whiskey.Core.Logging.OperatingLog}

[2017-07-11 16:25:14.845] INFO  Whiskey.Core.Data.Entity.CodeFirstDbContext 13 USER-20160427FL\Administrator 
{Whiskey.Core.Logging.OperatingLog}

[2017-07-11 16:25:15.672] INFO  Whiskey.Core.Data.Entity.CodeFirstDbContext 17 USER-20160427FL\Administrator 
{Whiskey.Core.Logging.OperatingLog}

[2017-07-11 16:25:15.920] INFO  Whiskey.Core.Data.Entity.CodeFirstDbContext 16 USER-20160427FL\Administrator 
{Whiskey.Core.Logging.OperatingLog}

[2017-07-11 16:25:16.692] INFO  Whiskey.Core.Data.Entity.CodeFirstDbContext 16 USER-20160427FL\Administrator 
{Whiskey.Core.Logging.OperatingLog}

[2017-07-11 16:25:17.540] INFO  Whiskey.Core.Data.Entity.CodeFirstDbContext 10 USER-20160427FL\Administrator 
{Whiskey.Core.Logging.OperatingLog}

[2017-07-11 16:25:17.652] INFO  Whiskey.Core.Data.Entity.CodeFirstDbContext 17 USER-20160427FL\Administrator 
{Whiskey.Core.Logging.OperatingLog}

[2017-07-11 16:25:18.171] INFO  Whiskey.Core.Data.Entity.CodeFirstDbContext 17 USER-20160427FL\Administrator 
{Whiskey.Core.Logging.OperatingLog}

[2017-07-11 16:25:18.725] INFO  Whiskey.Core.Data.Entity.CodeFirstDbContext 16 USER-20160427FL\Administrator 
{Whiskey.Core.Logging.OperatingLog}

[2017-07-11 16:25:19.675] INFO  Whiskey.Core.Data.Entity.CodeFirstDbContext 16 USER-20160427FL\Administrator 
{Whiskey.Core.Logging.OperatingLog}

[2017-07-11 16:25:19.804] INFO  Whiskey.Core.Data.Entity.CodeFirstDbContext 17 USER-20160427FL\Administrator 
{Whiskey.Core.Logging.OperatingLog}

[2017-07-11 16:25:20.587] INFO  Whiskey.Core.Data.Entity.CodeFirstDbContext 10 USER-20160427FL\Administrator 
{Whiskey.Core.Logging.OperatingLog}

[2017-07-11 16:25:21.416] INFO  Whiskey.Core.Data.Entity.CodeFirstDbContext 10 USER-20160427FL\Administrator 
{Whiskey.Core.Logging.OperatingLog}

[2017-07-11 16:25:21.622] INFO  Whiskey.Core.Data.Entity.CodeFirstDbContext 18 USER-20160427FL\Administrator 
{Whiskey.Core.Logging.OperatingLog}

[2017-07-11 16:25:22.389] INFO  Whiskey.Core.Data.Entity.CodeFirstDbContext 17 USER-20160427FL\Administrator 
{Whiskey.Core.Logging.OperatingLog}

[2017-07-11 16:25:23.158] INFO  Whiskey.Core.Data.Entity.CodeFirstDbContext 17 USER-20160427FL\Administrator 
{Whiskey.Core.Logging.OperatingLog}

[2017-07-11 16:25:24.347] INFO  Whiskey.Core.Data.Entity.CodeFirstDbContext 9 USER-20160427FL\Administrator 
{Whiskey.Core.Logging.OperatingLog}

[2017-07-11 16:25:24.439] INFO  Whiskey.Core.Data.Entity.CodeFirstDbContext 9 USER-20160427FL\Administrator 
{Whiskey.Core.Logging.OperatingLog}

[2017-07-11 16:25:25.496] INFO  Whiskey.Core.Data.Entity.CodeFirstDbContext 17 USER-20160427FL\Administrator 
{Whiskey.Core.Logging.OperatingLog}

[2017-07-11 16:25:26.095] INFO  Whiskey.Core.Data.Entity.CodeFirstDbContext 13 USER-20160427FL\Administrator 
{Whiskey.Core.Logging.OperatingLog}

[2017-07-11 16:25:26.286] INFO  Whiskey.Core.Data.Entity.CodeFirstDbContext 9 USER-20160427FL\Administrator 
{Whiskey.Core.Logging.OperatingLog}

[2017-07-11 16:25:47.034] INFO  Whiskey.Core.Data.Entity.CodeFirstDbContext 16 USER-20160427FL\Administrator 
{Whiskey.Core.Logging.OperatingLog}

[2017-07-11 16:30:28.142] INFO  Whiskey.Core.Data.Entity.CodeFirstDbContext 27 USER-20160427FL\Administrator 
{Whiskey.Core.Logging.OperatingLog, Whiskey.Core.Logging.OperatingLog, Whiskey.Core.Logging.OperatingLog, Whiskey.Core.Logging.OperatingLog, Whiskey.Core.Logging.OperatingLog, Whiskey.Core.Logging.OperatingLog, Whiskey.Core.Logging.OperatingLog, Whiskey.Core.Logging.OperatingLog, Whiskey.Core.Logging.OperatingLog, Whiskey.Core.Logging.OperatingLog, Whiskey.Core.Logging.OperatingLog, Whiskey.Core.Logging.OperatingLog, Whiskey.Core.Logging.OperatingLog, Whiskey.Core.Logging.OperatingLog, Whiskey.Core.Logging.OperatingLog, Whiskey.Core.Logging.OperatingLog, Whiskey.Core.Logging.OperatingLog, Whiskey.Core.Logging.OperatingLog, Whiskey.Core.Logging.OperatingLog, Whiskey.Core.Logging.OperatingLog, Whiskey.Core.Logging.OperatingLog, Whiskey.Core.Logging.OperatingLog, Whiskey.Core.Logging.OperatingLog, Whiskey.Core.Logging.OperatingLog, Whiskey.Core.Logging.OperatingLog, Whiskey.Core.Logging.OperatingLog, Whiskey.Core.Logging.OperatingLog, Whiskey.Core.Logging.OperatingLog, Whiskey.Core.Logging.OperatingLog, Whiskey.Core.Logging.OperatingLog, Whiskey.Core.Logging.OperatingLog, Whiskey.Core.Logging.OperatingLog, Whiskey.Core.Logging.OperatingLog, Whiskey.Core.Logging.OperatingLog, Whiskey.Core.Logging.OperatingLog, Whiskey.Core.Logging.OperatingLog, Whiskey.Core.Logging.OperatingLog, Whiskey.Core.Logging.OperatingLog, Whiskey.Core.Logging.OperatingLog, Whiskey.Core.Logging.OperatingLog, Whiskey.Core.Logging.OperatingLog, Whiskey.Core.Logging.OperatingLog, Whiskey.Core.Logging.OperatingLog, Whiskey.Core.Logging.OperatingLog, Whiskey.Core.Logging.OperatingLog, Whiskey.Core.Logging.OperatingLog, Whiskey.Core.Logging.OperatingLog, Whiskey.Core.Logging.OperatingLog, Whiskey.Core.Logging.OperatingLog, Whiskey.Core.Logging.OperatingLog, Whiskey.Core.Logging.OperatingLog, Whiskey.Core.Logging.OperatingLog, Whiskey.Core.Logging.OperatingLog, Whiskey.Core.Logging.OperatingLog, Whiskey.Core.Logging.OperatingLog, Whiskey.Core.Logging.OperatingLog, Whiskey.Core.Logging.OperatingLog, Whiskey.Core.Logging.OperatingLog, Whiskey.Core.Logging.OperatingLog, Whiskey.Core.Logging.OperatingLog, Whiskey.Core.Logging.OperatingLog, Whiskey.Core.Logging.OperatingLog, Whiskey.Core.Logging.OperatingLog, Whiskey.Core.Logging.OperatingLog, Whiskey.Core.Logging.OperatingLog, Whiskey.Core.Logging.OperatingLog, Whiskey.Core.Logging.OperatingLog, Whiskey.Core.Logging.OperatingLog, Whiskey.Core.Logging.OperatingLog, Whiskey.Core.Logging.OperatingLog, Whiskey.Core.Logging.OperatingLog, Whiskey.Core.Logging.OperatingLog, Whiskey.Core.Logging.OperatingLog, Whiskey.Core.Logging.OperatingLog, Whiskey.Core.Logging.OperatingLog, Whiskey.Core.Logging.OperatingLog, Whiskey.Core.Logging.OperatingLog, Whiskey.Core.Logging.OperatingLog, Whiskey.Core.Logging.OperatingLog, Whiskey.Core.Logging.OperatingLog, Whiskey.Core.Logging.OperatingLog, Whiskey.Core.Logging.OperatingLog, Whiskey.Core.Logging.OperatingLog, Whiskey.Core.Logging.OperatingLog, Whiskey.Core.Logging.OperatingLog, Whiskey.Core.Logging.OperatingLog, Whiskey.Core.Logging.OperatingLog, Whiskey.Core.Logging.OperatingLog, Whiskey.Core.Logging.OperatingLog, Whiskey.Core.Logging.OperatingLog, Whiskey.Core.Logging.OperatingLog, Whiskey.Core.Logging.OperatingLog, Whiskey.Core.Logging.OperatingLog, Whiskey.Core.Logging.OperatingLog, Whiskey.Core.Logging.OperatingLog, Whiskey.Core.Logging.OperatingLog, Whiskey.Core.Logging.OperatingLog, Whiskey.Core.Logging.OperatingLog, Whiskey.Core.Logging.OperatingLog, Whiskey.Core.Logging.OperatingLog, Whiskey.Core.Logging.OperatingLog, Whiskey.Core.Logging.OperatingLog, Whiskey.Core.Logging.OperatingLog, Whiskey.Core.Logging.OperatingLog, Whiskey.Core.Logging.OperatingLog, Whiskey.Core.Logging.OperatingLog, Whiskey.Core.Logging.OperatingLog, Whiskey.Core.Logging.OperatingLog, Whiskey.Core.Logging.OperatingLog, Whiskey.Core.Logging.OperatingLog, Whiskey.Core.Logging.OperatingLog, Whiskey.Core.Logging.OperatingLog, Whiskey.Core.Logging.OperatingLog, Whiskey.Core.Logging.OperatingLog, Whiskey.Core.Logging.OperatingLog, Whiskey.Core.Logging.OperatingLog, Whiskey.Core.Logging.OperatingLog, Whiskey.Core.Logging.OperatingLog, Whiskey.Core.Logging.OperatingLog, Whiskey.Core.Logging.OperatingLog, Whiskey.Core.Logging.OperatingLog, Whiskey.Core.Logging.OperatingLog, Whiskey.Core.Logging.OperatingLog, Whiskey.Core.Logging.OperatingLog, Whiskey.Core.Logging.OperatingLog, Whiskey.Core.Logging.OperatingLog, Whiskey.Core.Logging.OperatingLog, Whiskey.Core.Logging.OperatingLog, Whiskey.Core.Logging.OperatingLog, Whiskey.Core.Logging.OperatingLog, Whiskey.Core.Logging.OperatingLog, Whiskey.Core.Logging.OperatingLog, Whiskey.Core.Logging.OperatingLog, Whiskey.Core.Logging.OperatingLog, Whiskey.Core.Logging.OperatingLog, Whiskey.Core.Logging.OperatingLog, Whiskey.Core.Logging.OperatingLog, Whiskey.Core.Logging.OperatingLog, Whiskey.Core.Logging.OperatingLog, Whiskey.Core.Logging.OperatingLog, Whiskey.Core.Logging.OperatingLog, Whiskey.Core.Logging.OperatingLog, Whiskey.Core.Logging.OperatingLog, Whiskey.Core.Logging.OperatingLog, Whiskey.Core.Logging.OperatingLog, Whiskey.Core.Logging.OperatingLog, Whiskey.Core.Logging.OperatingLog, Whiskey.Core.Logging.OperatingLog, Whiskey.Core.Logging.OperatingLog, Whiskey.Core.Logging.OperatingLog, Whiskey.Core.Logging.OperatingLog, Whiskey.Core.Logging.OperatingLog, Whiskey.Core.Logging.OperatingLog, Whiskey.Core.Logging.OperatingLog, Whiskey.Core.Logging.OperatingLog, Whiskey.Core.Logging.OperatingLog, Whiskey.Core.Logging.OperatingLog, Whiskey.Core.Logging.OperatingLog, Whiskey.Core.Logging.OperatingLog, Whiskey.Core.Logging.OperatingLog, Whiskey.Core.Logging.OperatingLog, Whiskey.Core.Logging.OperatingLog, Whiskey.Core.Logging.OperatingLog, Whiskey.Core.Logging.OperatingLog, Whiskey.Core.Logging.OperatingLog, Whiskey.Core.Logging.OperatingLog, Whiskey.Core.Logging.OperatingLog, Whiskey.Core.Logging.OperatingLog, Whiskey.Core.Logging.OperatingLog, Whiskey.Core.Logging.OperatingLog, Whiskey.Core.Logging.OperatingLog, Whiskey.Core.Logging.OperatingLog, Whiskey.Core.Logging.OperatingLog, Whiskey.Core.Logging.OperatingLog, Whiskey.Core.Logging.OperatingLog, Whiskey.Core.Logging.OperatingLog, Whiskey.Core.Logging.OperatingLog, Whiskey.Core.Logging.OperatingLog, Whiskey.Core.Logging.OperatingLog, Whiskey.Core.Logging.OperatingLog, Whiskey.Core.Logging.OperatingLog, Whiskey.Core.Logging.OperatingLog, Whiskey.Core.Logging.OperatingLog, Whiskey.Core.Logging.OperatingLog, Whiskey.Core.Logging.OperatingLog, Whiskey.Core.Logging.OperatingLog, Whiskey.Core.Logging.OperatingLog, Whiskey.Core.Logging.OperatingLog, Whiskey.Core.Logging.OperatingLog, Whiskey.Core.Logging.OperatingLog}

[2017-07-11 16:30:28.371] INFO  Whiskey.Core.Data.Entity.CodeFirstDbContext 27 USER-20160427FL\Administrator 
{Whiskey.Core.Logging.OperatingLog}

[2017-07-11 16:30:30.571] INFO  Whiskey.Core.Data.Entity.CodeFirstDbContext 27 USER-20160427FL\Administrator 
{Whiskey.Core.Logging.OperatingLog}

[2017-07-11 16:31:37.026] INFO  Whiskey.Core.Data.Entity.CodeFirstDbContext 7 USER-20160427FL\Administrator 
{Whiskey.Core.Logging.OperatingLog}

[2017-07-11 16:32:53.356] INFO  Whiskey.Core.Data.Entity.CodeFirstDbContext 33 USER-20160427FL\Administrator 
{Whiskey.Core.Logging.OperatingLog}

[2017-07-11 16:37:38.250] INFO  Whiskey.Core.Data.Entity.CodeFirstDbContext 41 USER-20160427FL\Administrator 
{Whiskey.Core.Logging.OperatingLog}

[2017-07-11 16:37:55.793] INFO  Whiskey.Core.Data.Entity.CodeFirstDbContext 16 USER-20160427FL\Administrator 
{Whiskey.Core.Logging.OperatingLog}

[2017-07-11 16:37:55.805] INFO  Whiskey.Core.Data.Entity.CodeFirstDbContext 16 USER-20160427FL\Administrator 
{Whiskey.Core.Logging.OperatingLog}

[2017-07-11 16:42:56.752] INFO  Whiskey.Core.Data.Entity.CodeFirstDbContext 29 USER-20160427FL\Administrator 
{Whiskey.Core.Logging.OperatingLog, Whiskey.Core.Logging.OperatingLog, Whiskey.Core.Logging.OperatingLog}

[2017-07-11 16:42:56.768] INFO  Whiskey.Core.Data.Entity.CodeFirstDbContext 29 USER-20160427FL\Administrator 
{Whiskey.Core.Logging.OperatingLog}

[2017-07-11 16:42:58.262] INFO  Whiskey.Core.Data.Entity.CodeFirstDbContext 20 USER-20160427FL\Administrator 
{Whiskey.Core.Logging.OperatingLog}

[2017-07-11 16:47:58.757] INFO  Whiskey.Core.Data.Entity.CodeFirstDbContext 67 USER-20160427FL\Administrator 
{Whiskey.Core.Logging.OperatingLog, Whiskey.Core.Logging.OperatingLog}

[2017-07-11 16:47:58.767] INFO  Whiskey.Core.Data.Entity.CodeFirstDbContext 67 USER-20160427FL\Administrator 
{Whiskey.Core.Logging.OperatingLog}

[2017-07-11 16:47:59.450] INFO  Whiskey.Core.Data.Entity.CodeFirstDbContext 64 USER-20160427FL\Administrator 
{Whiskey.Core.Logging.OperatingLog}

[2017-07-11 16:52:59.769] INFO  Whiskey.Core.Data.Entity.CodeFirstDbContext 83 USER-20160427FL\Administrator 
{Whiskey.Core.Logging.OperatingLog, Whiskey.Core.Logging.OperatingLog}

[2017-07-11 16:52:59.797] INFO  Whiskey.Core.Data.Entity.CodeFirstDbContext 83 USER-20160427FL\Administrator 
{Whiskey.Core.Logging.OperatingLog}

[2017-07-11 16:53:00.532] INFO  Whiskey.Core.Data.Entity.CodeFirstDbContext 67 USER-20160427FL\Administrator 
{Whiskey.Core.Logging.OperatingLog}

[2017-07-11 16:58:00.755] INFO  Whiskey.Core.Data.Entity.CodeFirstDbContext 75 USER-20160427FL\Administrator 
{Whiskey.Core.Logging.OperatingLog, Whiskey.Core.Logging.OperatingLog}

[2017-07-11 16:58:00.767] INFO  Whiskey.Core.Data.Entity.CodeFirstDbContext 75 USER-20160427FL\Administrator 
{Whiskey.Core.Logging.OperatingLog}

[2017-07-11 16:58:01.596] INFO  Whiskey.Core.Data.Entity.CodeFirstDbContext 74 USER-20160427FL\Administrator 
{Whiskey.Core.Logging.OperatingLog}
