
[2017-06-16 13:18:52.257] INFO  Whiskey.Core.Data.Entity.CodeFirstDbContext 6 USER-20160427FL\Administrator 
{Whiskey.Core.Logging.OperatingLog}

[2017-06-16 13:18:52.389] INFO  Whiskey.Core.Data.Entity.CodeFirstDbContext 6 USER-20160427FL\Administrator 
{Whiskey.Core.Logging.OperatingLog}

[2017-06-16 13:19:03.935] INFO  Whiskey.Core.Data.Entity.CodeFirstDbContext 8 USER-20160427FL\Administrator 
{Whiskey.Core.Logging.OperatingLog}

[2017-06-16 13:19:05.162] INFO  Whiskey.Core.Data.Entity.CodeFirstDbContext 11 USER-20160427FL\Administrator 
{Whiskey.Core.Logging.OperatingLog}

[2017-06-16 13:19:07.575] INFO  Whiskey.Core.Data.Entity.CodeFirstDbContext 6 USER-20160427FL\Administrator 
{Whiskey.Core.Logging.OperatingLog}

[2017-06-16 13:19:08.812] INFO  Whiskey.Core.Data.Entity.CodeFirstDbContext 9 USER-20160427FL\Administrator 
{Whiskey.Core.Logging.OperatingLog}

[2017-06-16 13:19:09.345] INFO  Whiskey.Core.Data.Entity.CodeFirstDbContext 9 USER-20160427FL\Administrator 
{Whiskey.Core.Logging.OperatingLog}

[2017-06-16 13:19:11.405] INFO  Whiskey.Core.Data.Entity.CodeFirstDbContext 15 USER-20160427FL\Administrator 
{Whiskey.Core.Logging.OperatingLog}

[2017-06-16 13:19:13.585] INFO  Whiskey.Core.Data.Entity.CodeFirstDbContext 6 USER-20160427FL\Administrator 
{Whiskey.Core.Logging.OperatingLog}

[2017-06-16 13:19:15.243] INFO  Whiskey.Core.Data.Entity.CodeFirstDbContext 20 USER-20160427FL\Administrator 
{Whiskey.Core.Logging.OperatingLog}

[2017-06-16 13:19:15.657] INFO  Whiskey.Core.Data.Entity.CodeFirstDbContext 15 USER-20160427FL\Administrator 
{Whiskey.Core.Logging.OperatingLog}

[2017-06-16 13:19:17.755] INFO  Whiskey.Core.Data.Entity.CodeFirstDbContext 16 USER-20160427FL\Administrator 
{Whiskey.Core.Logging.OperatingLog}

[2017-06-16 13:19:19.421] INFO  Whiskey.Core.Data.Entity.CodeFirstDbContext 11 USER-20160427FL\Administrator 
{Whiskey.Core.Logging.OperatingLog}

[2017-06-16 13:19:20.594] INFO  Whiskey.Core.Data.Entity.CodeFirstDbContext 19 USER-20160427FL\Administrator 
{Whiskey.Core.Logging.OperatingLog}

[2017-06-16 13:19:22.321] INFO  Whiskey.Core.Data.Entity.CodeFirstDbContext 7 USER-20160427FL\Administrator 
{Whiskey.Core.Logging.OperatingLog}

[2017-06-16 13:19:22.672] INFO  Whiskey.Core.Data.Entity.CodeFirstDbContext 21 USER-20160427FL\Administrator 
{Whiskey.Core.Logging.OperatingLog}

[2017-06-16 13:19:25.165] INFO  Whiskey.Core.Data.Entity.CodeFirstDbContext 20 USER-20160427FL\Administrator 
{Whiskey.Core.Logging.OperatingLog}

[2017-06-16 13:19:26.443] INFO  Whiskey.Core.Data.Entity.CodeFirstDbContext 3 USER-20160427FL\Administrator 
{Whiskey.Core.Logging.OperatingLog}

[2017-06-16 13:19:27.338] INFO  Whiskey.Core.Data.Entity.CodeFirstDbContext 19 USER-20160427FL\Administrator 
{Whiskey.Core.Logging.OperatingLog}

[2017-06-16 13:19:30.232] INFO  Whiskey.Core.Data.Entity.CodeFirstDbContext 6 USER-20160427FL\Administrator 
{Whiskey.Core.Logging.OperatingLog}

[2017-06-16 13:19:32.253] INFO  Whiskey.Core.Data.Entity.CodeFirstDbContext 7 USER-20160427FL\Administrator 
{Whiskey.Core.Logging.OperatingLog}

[2017-06-16 13:19:34.146] INFO  Whiskey.Core.Data.Entity.CodeFirstDbContext 8 USER-20160427FL\Administrator 
{Whiskey.Core.Logging.OperatingLog}

[2017-06-16 13:19:34.950] INFO  Whiskey.Core.Data.Entity.CodeFirstDbContext 3 USER-20160427FL\Administrator 
{Whiskey.Core.Logging.OperatingLog}

[2017-06-16 13:19:35.551] INFO  Whiskey.Core.Data.Entity.CodeFirstDbContext 20 USER-20160427FL\Administrator 
{Whiskey.Core.Logging.OperatingLog}

[2017-06-16 13:19:38.281] INFO  Whiskey.Core.Data.Entity.CodeFirstDbContext 19 USER-20160427FL\Administrator 
{Whiskey.Core.Logging.OperatingLog}

[2017-06-16 13:19:39.230] INFO  Whiskey.Core.Data.Entity.CodeFirstDbContext 3 USER-20160427FL\Administrator 
{Whiskey.Core.Logging.OperatingLog}

[2017-06-16 13:21:08.394] INFO  Whiskey.Core.Data.Entity.CodeFirstDbContext 11 USER-20160427FL\Administrator 
{Whiskey.Core.Logging.OperatingLog}

[2017-06-16 13:21:09.821] INFO  Whiskey.Core.Data.Entity.CodeFirstDbContext 29 USER-20160427FL\Administrator 
{Whiskey.Core.Logging.OperatingLog}

[2017-06-16 13:21:10.271] INFO  Whiskey.Core.Data.Entity.CodeFirstDbContext 12 USER-20160427FL\Administrator 
{Whiskey.Core.Logging.OperatingLog}

[2017-06-16 13:21:11.534] INFO  Whiskey.Core.Data.Entity.CodeFirstDbContext 3 USER-20160427FL\Administrator 
{Whiskey.Core.Logging.OperatingLog}

[2017-06-16 13:21:12.003] INFO  Whiskey.Core.Data.Entity.CodeFirstDbContext 14 USER-20160427FL\Administrator 
{Whiskey.Core.Logging.OperatingLog}

[2017-06-16 13:21:12.355] INFO  Whiskey.Core.Data.Entity.CodeFirstDbContext 28 USER-20160427FL\Administrator 
{Whiskey.Core.Logging.OperatingLog}

[2017-06-16 13:21:13.224] INFO  Whiskey.Core.Data.Entity.CodeFirstDbContext 30 USER-20160427FL\Administrator 
{Whiskey.Core.Logging.OperatingLog}

[2017-06-16 13:21:14.155] INFO  Whiskey.Core.Data.Entity.CodeFirstDbContext 3 USER-20160427FL\Administrator 
{Whiskey.Core.Logging.OperatingLog}

[2017-06-16 13:22:07.563] INFO  Whiskey.Core.Data.Entity.CodeFirstDbContext 14 USER-20160427FL\Administrator 
{Whiskey.Core.Logging.OperatingLog}

[2017-06-16 13:22:08.633] INFO  Whiskey.Core.Data.Entity.CodeFirstDbContext 9 USER-20160427FL\Administrator 
{Whiskey.Core.Logging.OperatingLog}

[2017-06-16 13:22:09.844] INFO  Whiskey.Core.Data.Entity.CodeFirstDbContext 30 USER-20160427FL\Administrator 
{Whiskey.Core.Logging.OperatingLog}

[2017-06-16 13:22:10.803] INFO  Whiskey.Core.Data.Entity.CodeFirstDbContext 27 USER-20160427FL\Administrator 
{Whiskey.Core.Logging.OperatingLog}

[2017-06-16 13:22:11.536] INFO  Whiskey.Core.Data.Entity.CodeFirstDbContext 9 USER-20160427FL\Administrator 
{Whiskey.Core.Logging.OperatingLog}

[2017-06-16 13:22:12.562] INFO  Whiskey.Core.Data.Entity.CodeFirstDbContext 24 USER-20160427FL\Administrator 
{Whiskey.Core.Logging.OperatingLog}

[2017-06-16 13:22:43.818] INFO  Whiskey.Core.Data.Entity.CodeFirstDbContext 33 USER-20160427FL\Administrator 
{Whiskey.Core.Logging.OperatingLog}

[2017-06-16 13:30:41.734] INFO  Whiskey.Core.Data.Entity.CodeFirstDbContext 72 USER-20160427FL\Administrator 
{Whiskey.Core.Logging.OperatingLog}

[2017-06-16 13:34:36.719] ERROR Whiskey.ZeroStore.ERP.Website.Extensions.Attribute.LayoutAttribute 68 USER-20160427FL\Administrator 
菜单加载出错，错误如下：执行命令定义时出错。有关详细信息，请参阅内部异常。。

[2017-06-16 13:41:11.381] INFO  Whiskey.Core.Data.Entity.CodeFirstDbContext 34 USER-20160427FL\Administrator 
{Whiskey.Core.Logging.OperatingLog}

[2017-06-16 13:41:12.202] INFO  Whiskey.Core.Data.Entity.CodeFirstDbContext 32 USER-20160427FL\Administrator 
{Whiskey.Core.Logging.OperatingLog, Whiskey.Core.Logging.OperatingLog, Whiskey.Core.Logging.OperatingLog, Whiskey.Core.Logging.OperatingLog, Whiskey.Core.Logging.OperatingLog, Whiskey.Core.Logging.OperatingLog, Whiskey.Core.Logging.OperatingLog, Whiskey.Core.Logging.OperatingLog, Whiskey.Core.Logging.OperatingLog, Whiskey.Core.Logging.OperatingLog, Whiskey.Core.Logging.OperatingLog, Whiskey.Core.Logging.OperatingLog, Whiskey.Core.Logging.OperatingLog, Whiskey.Core.Logging.OperatingLog, Whiskey.Core.Logging.OperatingLog, Whiskey.Core.Logging.OperatingLog, Whiskey.Core.Logging.OperatingLog, Whiskey.Core.Logging.OperatingLog, Whiskey.Core.Logging.OperatingLog, Whiskey.Core.Logging.OperatingLog, Whiskey.Core.Logging.OperatingLog, Whiskey.Core.Logging.OperatingLog, Whiskey.Core.Logging.OperatingLog, Whiskey.Core.Logging.OperatingLog, Whiskey.Core.Logging.OperatingLog, Whiskey.Core.Logging.OperatingLog, Whiskey.Core.Logging.OperatingLog, Whiskey.Core.Logging.OperatingLog, Whiskey.Core.Logging.OperatingLog, Whiskey.Core.Logging.OperatingLog, Whiskey.Core.Logging.OperatingLog, Whiskey.Core.Logging.OperatingLog, Whiskey.Core.Logging.OperatingLog, Whiskey.Core.Logging.OperatingLog, Whiskey.Core.Logging.OperatingLog, Whiskey.Core.Logging.OperatingLog, Whiskey.Core.Logging.OperatingLog, Whiskey.Core.Logging.OperatingLog, Whiskey.Core.Logging.OperatingLog}

[2017-06-16 13:41:12.525] INFO  Whiskey.Core.Data.Entity.CodeFirstDbContext 32 USER-20160427FL\Administrator 
{Whiskey.Core.Logging.OperatingLog}

[2017-06-16 13:41:13.508] INFO  Whiskey.Core.Data.Entity.CodeFirstDbContext 32 USER-20160427FL\Administrator 
{Whiskey.Core.Logging.OperatingLog}

[2017-06-16 13:41:14.440] INFO  Whiskey.Core.Data.Entity.CodeFirstDbContext 30 USER-20160427FL\Administrator 
{Whiskey.Core.Logging.OperatingLog}

[2017-06-16 13:41:15.402] INFO  Whiskey.Core.Data.Entity.CodeFirstDbContext 45 USER-20160427FL\Administrator 
{Whiskey.Core.Logging.OperatingLog}

[2017-06-16 13:41:16.317] INFO  Whiskey.Core.Data.Entity.CodeFirstDbContext 34 USER-20160427FL\Administrator 
{Whiskey.Core.Logging.OperatingLog}

[2017-06-16 13:41:16.989] INFO  Whiskey.Core.Data.Entity.CodeFirstDbContext 30 USER-20160427FL\Administrator 
{Whiskey.Core.Logging.OperatingLog}

[2017-06-16 13:41:17.852] INFO  Whiskey.Core.Data.Entity.CodeFirstDbContext 30 USER-20160427FL\Administrator 
{Whiskey.Core.Logging.OperatingLog}

[2017-06-16 13:41:18.674] INFO  Whiskey.Core.Data.Entity.CodeFirstDbContext 46 USER-20160427FL\Administrator 
{Whiskey.Core.Logging.OperatingLog}

[2017-06-16 13:42:57.232] INFO  Whiskey.Core.Data.Entity.CodeFirstDbContext 67 USER-20160427FL\Administrator 
{Whiskey.Core.Logging.OperatingLog}

[2017-06-16 13:42:58.207] INFO  Whiskey.Core.Data.Entity.CodeFirstDbContext 32 USER-20160427FL\Administrator 
{Whiskey.Core.Logging.OperatingLog}

[2017-06-16 13:42:59.307] INFO  Whiskey.Core.Data.Entity.CodeFirstDbContext 59 USER-20160427FL\Administrator 
{Whiskey.Core.Logging.OperatingLog}

[2017-06-16 13:42:59.989] INFO  Whiskey.Core.Data.Entity.CodeFirstDbContext 59 USER-20160427FL\Administrator 
{Whiskey.Core.Logging.OperatingLog}

[2017-06-16 13:43:00.789] INFO  Whiskey.Core.Data.Entity.CodeFirstDbContext 59 USER-20160427FL\Administrator 
{Whiskey.Core.Logging.OperatingLog}

[2017-06-16 13:43:01.573] INFO  Whiskey.Core.Data.Entity.CodeFirstDbContext 40 USER-20160427FL\Administrator 
{Whiskey.Core.Logging.OperatingLog}

[2017-06-16 13:43:02.341] INFO  Whiskey.Core.Data.Entity.CodeFirstDbContext 74 USER-20160427FL\Administrator 
{Whiskey.Core.Logging.OperatingLog}

[2017-06-16 13:43:03.228] INFO  Whiskey.Core.Data.Entity.CodeFirstDbContext 51 USER-20160427FL\Administrator 
{Whiskey.Core.Logging.OperatingLog}

[2017-06-16 13:43:03.934] INFO  Whiskey.Core.Data.Entity.CodeFirstDbContext 67 USER-20160427FL\Administrator 
{Whiskey.Core.Logging.OperatingLog}

[2017-06-16 13:43:04.892] INFO  Whiskey.Core.Data.Entity.CodeFirstDbContext 32 USER-20160427FL\Administrator 
{Whiskey.Core.Logging.OperatingLog}

[2017-06-16 13:43:05.691] INFO  Whiskey.Core.Data.Entity.CodeFirstDbContext 61 USER-20160427FL\Administrator 
{Whiskey.Core.Logging.OperatingLog}

[2017-06-16 13:43:06.569] INFO  Whiskey.Core.Data.Entity.CodeFirstDbContext 38 USER-20160427FL\Administrator 
{Whiskey.Core.Logging.OperatingLog}

[2017-06-16 13:43:07.287] INFO  Whiskey.Core.Data.Entity.CodeFirstDbContext 47 USER-20160427FL\Administrator 
{Whiskey.Core.Logging.OperatingLog}

[2017-06-16 13:43:08.151] INFO  Whiskey.Core.Data.Entity.CodeFirstDbContext 60 USER-20160427FL\Administrator 
{Whiskey.Core.Logging.OperatingLog}

[2017-06-16 13:43:08.894] INFO  Whiskey.Core.Data.Entity.CodeFirstDbContext 66 USER-20160427FL\Administrator 
{Whiskey.Core.Logging.OperatingLog}

[2017-06-16 13:43:09.769] INFO  Whiskey.Core.Data.Entity.CodeFirstDbContext 66 USER-20160427FL\Administrator 
{Whiskey.Core.Logging.OperatingLog}

[2017-06-16 13:43:10.562] INFO  Whiskey.Core.Data.Entity.CodeFirstDbContext 66 USER-20160427FL\Administrator 
{Whiskey.Core.Logging.OperatingLog}

[2017-06-16 13:43:11.166] INFO  Whiskey.Core.Data.Entity.CodeFirstDbContext 32 USER-20160427FL\Administrator 
{Whiskey.Core.Logging.OperatingLog}

[2017-06-16 13:43:12.113] INFO  Whiskey.Core.Data.Entity.CodeFirstDbContext 47 USER-20160427FL\Administrator 
{Whiskey.Core.Logging.OperatingLog}

[2017-06-16 13:43:13.859] INFO  Whiskey.Core.Data.Entity.CodeFirstDbContext 66 USER-20160427FL\Administrator 
{Whiskey.Core.Logging.OperatingLog}

[2017-06-16 13:43:15.428] INFO  Whiskey.Core.Data.Entity.CodeFirstDbContext 38 USER-20160427FL\Administrator 
{Whiskey.Core.Logging.OperatingLog}

[2017-06-16 13:43:16.846] INFO  Whiskey.Core.Data.Entity.CodeFirstDbContext 51 USER-20160427FL\Administrator 
{Whiskey.Core.Logging.OperatingLog}

[2017-06-16 13:43:18.194] INFO  Whiskey.Core.Data.Entity.CodeFirstDbContext 60 USER-20160427FL\Administrator 
{Whiskey.Core.Logging.OperatingLog}

[2017-06-16 13:43:19.788] INFO  Whiskey.Core.Data.Entity.CodeFirstDbContext 32 USER-20160427FL\Administrator 
{Whiskey.Core.Logging.OperatingLog}

[2017-06-16 13:43:21.586] INFO  Whiskey.Core.Data.Entity.CodeFirstDbContext 51 USER-20160427FL\Administrator 
{Whiskey.Core.Logging.OperatingLog}

[2017-06-16 13:43:23.452] INFO  Whiskey.Core.Data.Entity.CodeFirstDbContext 40 USER-20160427FL\Administrator 
{Whiskey.Core.Logging.OperatingLog}

[2017-06-16 13:43:25.535] INFO  Whiskey.Core.Data.Entity.CodeFirstDbContext 38 USER-20160427FL\Administrator 
{Whiskey.Core.Logging.OperatingLog}

[2017-06-16 13:43:27.294] INFO  Whiskey.Core.Data.Entity.CodeFirstDbContext 66 USER-20160427FL\Administrator 
{Whiskey.Core.Logging.OperatingLog}

[2017-06-16 13:43:28.994] INFO  Whiskey.Core.Data.Entity.CodeFirstDbContext 60 USER-20160427FL\Administrator 
{Whiskey.Core.Logging.OperatingLog}

[2017-06-16 13:43:30.625] INFO  Whiskey.Core.Data.Entity.CodeFirstDbContext 51 USER-20160427FL\Administrator 
{Whiskey.Core.Logging.OperatingLog}

[2017-06-16 13:43:37.302] INFO  Whiskey.Core.Data.Entity.CodeFirstDbContext 51 USER-20160427FL\Administrator 
{Whiskey.Core.Logging.OperatingLog}

[2017-06-16 13:43:39.142] INFO  Whiskey.Core.Data.Entity.CodeFirstDbContext 67 USER-20160427FL\Administrator 
{Whiskey.Core.Logging.OperatingLog}

[2017-06-16 13:44:51.990] INFO  Whiskey.Core.Data.Entity.CodeFirstDbContext 29 USER-20160427FL\Administrator 
{Whiskey.Core.Logging.OperatingLog}

[2017-06-16 13:45:51.247] INFO  Whiskey.Core.Data.Entity.CodeFirstDbContext 46 USER-20160427FL\Administrator 
{Whiskey.Core.Logging.OperatingLog}

[2017-06-16 13:46:01.878] INFO  Whiskey.Core.Data.Entity.CodeFirstDbContext 60 USER-20160427FL\Administrator 
{Whiskey.Core.Logging.OperatingLog}

[2017-06-16 13:46:05.758] INFO  Whiskey.Core.Data.Entity.CodeFirstDbContext 46 USER-20160427FL\Administrator 
{Whiskey.Core.Logging.OperatingLog}

[2017-06-16 13:47:13.413] INFO  Whiskey.Core.Data.Entity.CodeFirstDbContext 12 USER-20160427FL\Administrator 
{Whiskey.Core.Logging.OperatingLog}

[2017-06-16 13:47:19.082] INFO  Whiskey.Core.Data.Entity.CodeFirstDbContext 47 USER-20160427FL\Administrator 
{Whiskey.Core.Logging.OperatingLog}

[2017-06-16 13:47:41.945] INFO  Whiskey.Core.Data.Entity.CodeFirstDbContext 66 USER-20160427FL\Administrator 
{Whiskey.Core.Logging.OperatingLog}

[2017-06-16 13:47:42.037] INFO  Whiskey.Core.Data.Entity.CodeFirstDbContext 66 USER-20160427FL\Administrator 
{Whiskey.Core.Logging.OperatingLog}

[2017-06-16 13:47:42.086] INFO  Whiskey.Core.Data.Entity.CodeFirstDbContext 66 USER-20160427FL\Administrator 
{Whiskey.Core.Logging.OperatingLog}

[2017-06-16 13:47:42.143] INFO  Whiskey.Core.Data.Entity.CodeFirstDbContext 66 USER-20160427FL\Administrator 
{Whiskey.Core.Logging.OperatingLog}
